#
# A fatal error has been detected by the Java Runtime Environment:
#
#  SIGSEGV (0xb) at pc=0x00007fff81eae4dd, pid=17494, tid=0x0000000000000a0b
#
# JRE version: Java(TM) SE Runtime Environment (8.0_102-b14) (build 1.8.0_102-b14)
# Java VM: Java HotSpot(TM) 64-Bit Server VM (25.102-b14 mixed mode bsd-amd64 compressed oops)
# Problematic frame:
# C  [libobjc.A.dylib+0x14dd]  objc_msgSend+0x1d
#
# Failed to write core dump. Core dumps have been disabled. To enable core dumping, try "ulimit -c unlimited" before starting Java again
#
# If you would like to submit a bug report, please visit:
#   http://bugreport.java.com/bugreport/crash.jsp
# The crash happened outside the Java Virtual Machine in native code.
# See problematic frame for where to report the bug.
#

---------------  T H R E A D  ---------------

Current thread (0x00007f85b19d4000):  JavaThread "AppKit Thread" daemon [_thread_in_native, id=2571, stack(0x00007fff5e168000,0x00007fff5e968000)]

siginfo: si_signo: 11 (SIGSEGV), si_code: 1 (SEGV_MAPERR), si_addr: 0x0000000000000018

Registers:
RAX=0x00007f85b0e43960, RBX=0x00007fff5e963088, RCX=0x00007f85b0f96308, RDX=0x00007f85b0e4d330
RSP=0x00007fff5e963048, RBP=0x00007fff5e963050, RSI=0x00007fff84f4f84a, RDI=0x00007f85b0e43960
R8 =0x000000000000001f, R9 =0x00007f85b0f9f320, R10=0x00007fff84f4f84a, R11=0x0000000000000000
R12=0x00007f85b0e4d330, R13=0x00007f85b0f9f320, R14=0x00007f85b0f96300, R15=0x0000000000000000
RIP=0x00007fff81eae4dd, EFLAGS=0x0000000000010246, ERR=0x0000000000000004
  TRAPNO=0x000000000000000e

Top of Stack: (sp=0x00007fff5e963048)
0x00007fff5e963048:   00007fff95760bbc 00007fff5e963070
0x00007fff5e963058:   00007fff95760b4f 0000000000000000
0x00007fff5e963068:   0000000000000000 00007fff5e9630e0
0x00007fff5e963078:   00007fff95760ac7 00007fff5e9630b0
0x00007fff5e963088:   00007fff741b60a0 0000000042000000
0x00007fff5e963098:   00007fff95760b10 00007fff7527d720
0x00007fff5e9630a8:   00007f85b0f9f320 00007f85b0e4d330
0x00007fff5e9630b8:   00007fff5e963888 00007fff753aa780
0x00007fff5e9630c8:   00007fff5e963888 00007f85b0f9f320
0x00007fff5e9630d8:   00007fff95b209e2 00007fff5e963120
0x00007fff5e9630e8:   00007fff95760832 00007fff5e963700
0x00007fff5e9630f8:   0000000000000001 00007fff753aa780
0x00007fff5e963108:   00007fff5e963888 00007fff81eae4c0
0x00007fff5e963118:   00007fff95b209e2 00007fff5e963830
0x00007fff5e963128:   00007fff9571d5e2 00007f85b0e44a20
0x00007fff5e963138:   ffff807a4f1bb5e0 00007fff71e32d00
0x00007fff5e963148:   00007f85b0e15020 00007f85b20000b8
0x00007fff5e963158:   00007f85b0e4ca00 0000000000000000
0x00007fff5e963168:   0000000000000000 0000000000000000
0x00007fff5e963178:   00007f85b0e46610 00007fff752babc0
0x00007fff5e963188:   00007fff5e963700 0000000000000002
0x00007fff5e963198:   0000000000000100 00007fff5e963100
0x00007fff5e9631a8:   00007fff5e963600 0000000000000000
0x00007fff5e9631b8:   0000000000000100 00007fff5e963200
0x00007fff5e9631c8:   00007fff753aa780 0000000000000000
0x00007fff5e9631d8:   00007fff7527e500 00007fff753aa780
0x00007fff5e9631e8:   0000000000000000 00007fff7527e500
0x00007fff5e9631f8:   00007fff71e32d00 00007fff5e963270
0x00007fff5e963208:   00007fff81eb52a4 0000000000000000
0x00007fff5e963218:   00007fff71e33810 0000000100000000
0x00007fff5e963228:   0000000000000000 ffff807a4f3d8930
0x00007fff5e963238:   00007f85b0d64f30 00007f85b0d64f60 

Instructions: (pc=0x00007fff81eae4dd)
0x00007fff81eae4bd:   44 00 00 48 85 ff 2e 74 62 40 f6 c7 01 2e 75 66
0x00007fff81eae4cd:   49 bb f8 ff ff ff ff 7f 00 00 4c 23 1f 49 89 f2
0x00007fff81eae4dd:   45 23 53 18 49 c1 e2 04 4d 03 53 10 49 3b 32 75
0x00007fff81eae4ed:   04 41 ff 62 08 49 83 3a 01 76 0d 49 83 c2 10 49 

Register to memory mapping:

RAX=0x00007f85b0e43960 is an unknown value
RBX=0x00007fff5e963088 is pointing into the stack for thread: 0x00007f85b19d4000
RCX=0x00007f85b0f96308 is an unknown value
RDX=0x00007f85b0e4d330 is an unknown value
RSP=0x00007fff5e963048 is pointing into the stack for thread: 0x00007f85b19d4000
RBP=0x00007fff5e963050 is pointing into the stack for thread: 0x00007f85b19d4000
RSI=0x00007fff84f4f84a: -[NSTitlebarContainerView transparent]+0x63088 in /System/Library/Frameworks/AppKit.framework/Versions/C/AppKit at 0x00007fff844c2000
RDI=0x00007f85b0e43960 is an unknown value
R8 =0x000000000000001f is an unknown value
R9 =0x00007f85b0f9f320 is an unknown value
R10=0x00007fff84f4f84a: -[NSTitlebarContainerView transparent]+0x63088 in /System/Library/Frameworks/AppKit.framework/Versions/C/AppKit at 0x00007fff844c2000
R11=0x0000000000000000 is an unknown value
R12=0x00007f85b0e4d330 is an unknown value
R13=0x00007f85b0f9f320 is an unknown value
R14=0x00007f85b0f96300 is an unknown value
R15=0x0000000000000000 is an unknown value


Stack: [0x00007fff5e168000,0x00007fff5e968000],  sp=0x00007fff5e963048,  free space=8172k
Native frames: (J=compiled Java code, j=interpreted, Vv=VM code, C=native code)
C  [libobjc.A.dylib+0x14dd]  objc_msgSend+0x1d
C  [CoreFoundation+0xa0b4f]  ___CFXRegistrationPost_block_invoke+0x3f
C  [CoreFoundation+0xa0ac7]  _CFXRegistrationPost+0x197
C  [CoreFoundation+0xa0832]  ___CFXNotificationPost_block_invoke+0x32
C  [CoreFoundation+0x5d5e2]  -[_CFXNotificationRegistrar find:object:observer:enumerator:]+0x782
C  [CoreFoundation+0x5c835]  _CFXNotificationPost+0x2b5
C  [Foundation+0x717a]  -[NSNotificationCenter postNotificationName:object:userInfo:]+0x42
C  [AppKit+0x26526e]  -[NSSurface _disposeSurface]+0xa9
C  [AppKit+0x264cc7]  -[NSSurface setWindow:]+0x42
C  [AppKit+0x28ba7]  -[NSView _setWindow:]+0x9be
C  [AppKit+0x2b993]  -[NSView removeFromSuperview]+0x1d7
C  [AppKit+0x155c7b]  -[NSView removeFromSuperviewWithoutNeedingDisplay]+0x26
C  [liblwjgl.dylib+0xa205]  +[MacOSXKeyableWindow destroyWindow]+0xb5
C  [Foundation+0x76fde]  __NSThreadPerformPerform+0x117
C  [CoreFoundation+0xaa881]  __CFRUNLOOP_IS_CALLING_OUT_TO_A_SOURCE0_PERFORM_FUNCTION__+0x11
C  [CoreFoundation+0x89fbc]  __CFRunLoopDoSources0+0x22c
C  [CoreFoundation+0x894df]  __CFRunLoopRun+0x39f
C  [CoreFoundation+0x88ed8]  CFRunLoopRunSpecific+0x128
C  [HIToolbox+0x30935]  RunCurrentEventLoopInMode+0xeb
C  [HIToolbox+0x3076f]  ReceiveNextEventCommon+0x1b0
C  [HIToolbox+0x305af]  _BlockUntilNextEventMatchingListInModeWithFilter+0x47
C  [AppKit+0x48df6]  _DPSNextEvent+0x42b
C  [AppKit+0x48226]  -[NSApplication _nextEventMatchingEventMask:untilDate:inMode:dequeue:]+0x1c6
C  [libosxapp.dylib+0x23aa]  -[NSApplicationAWT nextEventMatchingMask:untilDate:inMode:dequeue:]+0x7c
C  [AppKit+0x3cd80]  -[NSApplication run]+0x2aa
C  [libosxapp.dylib+0x214d]  +[NSApplicationAWT runAWTLoopWithApp:]+0x9c
C  [libawt_lwawt.dylib+0x444b3]  -[AWTStarter starter:]+0x389
C  [Foundation+0x76fde]  __NSThreadPerformPerform+0x117
C  [CoreFoundation+0xaa881]  __CFRUNLOOP_IS_CALLING_OUT_TO_A_SOURCE0_PERFORM_FUNCTION__+0x11
C  [CoreFoundation+0x89fbc]  __CFRunLoopDoSources0+0x22c
C  [CoreFoundation+0x894df]  __CFRunLoopRun+0x39f
C  [CoreFoundation+0x88ed8]  CFRunLoopRunSpecific+0x128
C  [java+0x6465]  CreateExecutionEnvironment+0x367
C  [java+0x218c]  JLI_Launch+0x7a0
C  [java+0x84c2]  main+0x65
C  [java+0x19e4]  start+0x34
C  0x0000000000000006


---------------  P R O C E S S  ---------------

Java Threads: ( => current thread )
  0x00007f85b2104000 JavaThread "AWT-Shutdown" [_thread_blocked, id=30235, stack(0x00007000011d3000,0x00007000012d3000)]
  0x00007f85b1ab7000 JavaThread "Java2D Queue Flusher" daemon [_thread_blocked, id=57863, stack(0x000070000145c000,0x000070000155c000)]
  0x00007f85b1a84800 JavaThread "Java2D Disposer" daemon [_thread_blocked, id=53515, stack(0x0000700001359000,0x0000700001459000)]
=>0x00007f85b19d4000 JavaThread "AppKit Thread" daemon [_thread_in_native, id=2571, stack(0x00007fff5e168000,0x00007fff5e968000)]
  0x00007f85b2812000 JavaThread "Service Thread" daemon [_thread_blocked, id=18435, stack(0x0000700000dc1000,0x0000700000ec1000)]
  0x00007f85b280f000 JavaThread "C1 CompilerThread2" daemon [_thread_blocked, id=17923, stack(0x0000700000cbe000,0x0000700000dbe000)]
  0x00007f85b2821000 JavaThread "C2 CompilerThread1" daemon [_thread_blocked, id=17411, stack(0x0000700000bbb000,0x0000700000cbb000)]
  0x00007f85b2820800 JavaThread "C2 CompilerThread0" daemon [_thread_blocked, id=16899, stack(0x0000700000ab8000,0x0000700000bb8000)]
  0x00007f85b281f800 JavaThread "Signal Dispatcher" daemon [_thread_blocked, id=12815, stack(0x00007000009b5000,0x0000700000ab5000)]
  0x00007f85b281f000 JavaThread "Finalizer" daemon [_thread_blocked, id=12291, stack(0x000070000082f000,0x000070000092f000)]
  0x00007f85b1842000 JavaThread "Reference Handler" daemon [_thread_blocked, id=11779, stack(0x000070000072c000,0x000070000082c000)]
  0x00007f85b1800000 JavaThread "main" [_thread_in_native, id=5891, stack(0x000070000011a000,0x000070000021a000)]

Other Threads:
  0x00007f85b281a000 VMThread [stack: 0x0000700000629000,0x0000700000729000] [id=11267]
  0x00007f85b1873800 WatcherThread [stack: 0x0000700000ec4000,0x0000700000fc4000] [id=18947]

VM state:not at safepoint (normal execution)

VM Mutex/Monitor currently owned by a thread: None

Heap:
 PSYoungGen      total 38400K, used 28747K [0x0000000795580000, 0x0000000798000000, 0x00000007c0000000)
  eden space 33280K, 86% used [0x0000000795580000,0x0000000797192cd0,0x0000000797600000)
  from space 5120K, 0% used [0x0000000797b00000,0x0000000797b00000,0x0000000798000000)
  to   space 5120K, 0% used [0x0000000797600000,0x0000000797600000,0x0000000797b00000)
 ParOldGen       total 87552K, used 0K [0x0000000740000000, 0x0000000745580000, 0x0000000795580000)
  object space 87552K, 0% used [0x0000000740000000,0x0000000740000000,0x0000000745580000)
 Metaspace       used 10948K, capacity 11105K, committed 11264K, reserved 1058816K
  class space    used 1154K, capacity 1215K, committed 1280K, reserved 1048576K

Card table byte_map: [0x0000000112161000,0x0000000112562000] byte_map_base: 0x000000010e761000

Marking Bits: (ParMarkBitMap*) 0x00000001026efd20
 Begin Bits: [0x000000011280d000, 0x000000011480d000)
 End Bits:   [0x000000011480d000, 0x000000011680d000)

Polling page: 0x000000010155b000

CodeCache: size=245760Kb used=4257Kb max_used=4267Kb free=241502Kb
 bounds [0x0000000102da1000, 0x00000001031e1000, 0x0000000111da1000]
 total_blobs=1574 nmethods=1051 adapters=437
 compilation: enabled

Compilation events (10 events):
Event: 9.897 Thread 0x00007f85b2820800 1049       4       org.lwjgl.opengl.MacOSXNativeKeyboard::flushDeferredEvent (34 bytes)
Event: 9.898 Thread 0x00007f85b2820800 nmethod 1049 0x00000001031b2050 code [0x00000001031b21a0, 0x00000001031b2248]
Event: 9.900 Thread 0x00007f85b2821000 1050  s    4       org.lwjgl.opengl.EventQueue::copyEvents (77 bytes)
Event: 9.911 Thread 0x00007f85b2821000 nmethod 1050 0x00000001031bc390 code [0x00000001031bc560, 0x00000001031bcf78]
Event: 10.081 Thread 0x00007f85b280f000 1051       3       sun.awt.AWTAutoShutdown::isReadyToShutdown (37 bytes)
Event: 10.082 Thread 0x00007f85b280f000 nmethod 1051 0x00000001031bafd0 code [0x00000001031bb160, 0x00000001031bb518]
Event: 10.084 Thread 0x00007f85b2820800 1052       4       org.newdawn.slick.Graphics::resetTransform (39 bytes)
Event: 10.088 Thread 0x00007f85b2820800 nmethod 1052 0x00000001031baa50 code [0x00000001031babc0, 0x00000001031bad68]
Event: 10.684 Thread 0x00007f85b280f000 1053       3       java.util.HashMap::isEmpty (13 bytes)
Event: 10.684 Thread 0x00007f85b280f000 nmethod 1053 0x00000001031b1c50 code [0x00000001031b1dc0, 0x00000001031b1f70]

GC Heap History (0 events):
No events

Deoptimization events (10 events):
Event: 1.455 Thread 0x00007f85b1800000 Uncommon trap: reason=class_check action=maybe_recompile pc=0x0000000102fc8658 method=java.util.HashMap.putVal(ILjava/lang/Object;Ljava/lang/Object;ZZ)Ljava/lang/Object; @ 253
Event: 1.455 Thread 0x00007f85b1800000 Uncommon trap: reason=class_check action=maybe_recompile pc=0x0000000102fc8658 method=java.util.HashMap.putVal(ILjava/lang/Object;Ljava/lang/Object;ZZ)Ljava/lang/Object; @ 253
Event: 1.709 Thread 0x00007f85b1800000 Uncommon trap: reason=unstable_if action=reinterpret pc=0x0000000103051f98 method=java.awt.image.ComponentColorModel.extractComponent(Ljava/lang/Object;II)I @ 497
Event: 1.758 Thread 0x00007f85b1800000 Uncommon trap: reason=unstable_if action=reinterpret pc=0x00000001030477ac method=sun.awt.image.ByteInterleavedRaster.getDataElements(IILjava/lang/Object;)Ljava/lang/Object; @ 43
Event: 1.810 Thread 0x00007f85b1800000 Uncommon trap: reason=unstable_if action=reinterpret pc=0x0000000102ff2504 method=java.lang.String.regionMatches(ZILjava/lang/String;II)Z @ 123
Event: 5.651 Thread 0x00007f85b1800000 Uncommon trap: reason=unstable_if action=reinterpret pc=0x000000010319b484 method=org.lwjgl.input.Keyboard.isKeyDown(I)Z @ 29
Event: 7.914 Thread 0x00007f85b1800000 Uncommon trap: reason=unstable_if action=reinterpret pc=0x00000001031837ac method=java.util.LinkedHashMap.get(Ljava/lang/Object;)Ljava/lang/Object; @ 11
Event: 7.914 Thread 0x00007f85b1800000 Uncommon trap: reason=unstable_if action=reinterpret pc=0x0000000103158810 method=java.util.LinkedHashMap.get(Ljava/lang/Object;)Ljava/lang/Object; @ 11
Event: 9.170 Thread 0x00007f85b1800000 Uncommon trap: reason=unstable_if action=reinterpret pc=0x00000001031b9cdc method=java.util.LinkedHashMap.afterNodeAccess(Ljava/util/HashMap$Node;)V @ 41
Event: 9.170 Thread 0x00007f85b1800000 Uncommon trap: reason=unstable_if action=reinterpret pc=0x00000001031198f8 method=java.util.LinkedHashMap.afterNodeAccess(Ljava/util/HashMap$Node;)V @ 41

Internal exceptions (10 events):
Event: 0.196 Thread 0x00007f85b1800000 Exception <a 'java/security/PrivilegedActionException'> (0x00000007957aeb08) thrown at [/Users/java_re/workspace/8-2-build-macosx-x86_64/jdk8u102/7268/hotspot/src/share/vm/prims/jvm.cpp, line 1386]
Event: 0.196 Thread 0x00007f85b1800000 Exception <a 'java/security/PrivilegedActionException'> (0x00000007957b1ff8) thrown at [/Users/java_re/workspace/8-2-build-macosx-x86_64/jdk8u102/7268/hotspot/src/share/vm/prims/jvm.cpp, line 1386]
Event: 0.196 Thread 0x00007f85b1800000 Exception <a 'java/security/PrivilegedActionException'> (0x00000007957b2208) thrown at [/Users/java_re/workspace/8-2-build-macosx-x86_64/jdk8u102/7268/hotspot/src/share/vm/prims/jvm.cpp, line 1386]
Event: 0.255 Thread 0x00007f85b1800000 Exception <a 'java/lang/NoSuchFieldError': method resolution failed> (0x000000079587f248) thrown at [/Users/java_re/workspace/8-2-build-macosx-x86_64/jdk8u102/7268/hotspot/src/share/vm/prims/methodHandles.cpp, line 1146]
Event: 0.258 Thread 0x00007f85b1800000 Exception <a 'java/lang/NoSuchFieldError': method resolution failed> (0x000000079588c998) thrown at [/Users/java_re/workspace/8-2-build-macosx-x86_64/jdk8u102/7268/hotspot/src/share/vm/prims/methodHandles.cpp, line 1146]
Event: 0.485 Thread 0x00007f85b1800000 Exception <a 'java/io/FileNotFoundException'> (0x00000007959073f8) thrown at [/Users/java_re/workspace/8-2-build-macosx-x86_64/jdk8u102/7268/hotspot/src/share/vm/prims/jni.cpp, line 709]
Event: 0.485 Thread 0x00007f85b1800000 Exception <a 'java/io/FileNotFoundException'> (0x0000000795907f58) thrown at [/Users/java_re/workspace/8-2-build-macosx-x86_64/jdk8u102/7268/hotspot/src/share/vm/prims/jni.cpp, line 709]
Event: 1.758 Thread 0x00007f85b1800000 Implicit null exception at 0x0000000103047564 to 0x0000000103047791
Event: 7.914 Thread 0x00007f85b1800000 Implicit null exception at 0x0000000103183304 to 0x0000000103183791
Event: 7.914 Thread 0x00007f85b1800000 Implicit null exception at 0x0000000103157d11 to 0x00000001031587cf

Events (10 events):
Event: 9.170 Thread 0x00007f85b1800000 Uncommon trap: trap_request=0xffffff65 fr.pc=0x00000001031b9cdc
Event: 9.170 Thread 0x00007f85b1800000 DEOPT PACKING pc=0x00000001031b9cdc sp=0x0000700000219490
Event: 9.170 Thread 0x00007f85b1800000 DEOPT UNPACKING pc=0x0000000102da6229 sp=0x0000700000219360 mode 2
Event: 9.170 Thread 0x00007f85b1800000 Uncommon trap: trap_request=0xffffff65 fr.pc=0x00000001031198f8
Event: 9.170 Thread 0x00007f85b1800000 DEOPT PACKING pc=0x00000001031198f8 sp=0x0000700000219270
Event: 9.170 Thread 0x00007f85b1800000 DEOPT UNPACKING pc=0x0000000102da6229 sp=0x0000700000219218 mode 2
Event: 9.438 loading class java/util/ArrayList$1
Event: 9.438 loading class java/util/ArrayList$1 done
Event: 10.682 loading class org/lwjgl/opengl/CallbackUtil
Event: 10.682 loading class org/lwjgl/opengl/CallbackUtil done


Dynamic libraries:
0x0000000001cc8000 	/System/Library/Frameworks/Cocoa.framework/Versions/A/Cocoa
0x0000000001cc8000 	/System/Library/Frameworks/Security.framework/Versions/A/Security
0x0000000001cc8000 	/System/Library/Frameworks/ApplicationServices.framework/Versions/A/ApplicationServices
0x0000000001cc8000 	/usr/lib/libz.1.dylib
0x0000000001cc8000 	/usr/lib/libSystem.B.dylib
0x0000000001cc8000 	/usr/lib/libobjc.A.dylib
0x0000000001cc8000 	/System/Library/Frameworks/CoreFoundation.framework/Versions/A/CoreFoundation
0x0000000001cc8000 	/System/Library/Frameworks/Foundation.framework/Versions/C/Foundation
0x0000000001cc8000 	/System/Library/Frameworks/AppKit.framework/Versions/C/AppKit
0x0000000001cc8000 	/System/Library/Frameworks/CoreData.framework/Versions/A/CoreData
0x0000000001cc8000 	/System/Library/PrivateFrameworks/RemoteViewServices.framework/Versions/A/RemoteViewServices
0x0000000001cc8000 	/System/Library/PrivateFrameworks/UIFoundation.framework/Versions/A/UIFoundation
0x0000000001cc8000 	/usr/lib/libScreenReader.dylib
0x0000000001cc8000 	/System/Library/Frameworks/Accelerate.framework/Versions/A/Accelerate
0x0000000001cc8000 	/System/Library/Frameworks/IOSurface.framework/Versions/A/IOSurface
0x0000000001cc8000 	/System/Library/Frameworks/AudioToolbox.framework/Versions/A/AudioToolbox
0x0000000001cc8000 	/System/Library/Frameworks/AudioUnit.framework/Versions/A/AudioUnit
0x0000000001cc8000 	/System/Library/PrivateFrameworks/DataDetectorsCore.framework/Versions/A/DataDetectorsCore
0x0000000001cc8000 	/System/Library/PrivateFrameworks/DesktopServicesPriv.framework/Versions/A/DesktopServicesPriv
0x0000000001cc8000 	/System/Library/Frameworks/Carbon.framework/Versions/A/Frameworks/HIToolbox.framework/Versions/A/HIToolbox
0x0000000001cc8000 	/System/Library/Frameworks/QuartzCore.framework/Versions/A/QuartzCore
0x0000000001cc8000 	/System/Library/Frameworks/Carbon.framework/Versions/A/Frameworks/SpeechRecognition.framework/Versions/A/SpeechRecognition
0x0000000001cc8000 	/usr/lib/libauto.dylib
0x0000000001cc8000 	/usr/lib/libicucore.A.dylib
0x0000000001cc8000 	/usr/lib/libxml2.2.dylib
0x0000000001cc8000 	/System/Library/PrivateFrameworks/CoreUI.framework/Versions/A/CoreUI
0x0000000001cc8000 	/System/Library/Frameworks/CoreAudio.framework/Versions/A/CoreAudio
0x0000000001cc8000 	/System/Library/Frameworks/DiskArbitration.framework/Versions/A/DiskArbitration
0x0000000001cc8000 	/usr/lib/liblangid.dylib
0x0000000001cc8000 	/System/Library/PrivateFrameworks/MultitouchSupport.framework/Versions/A/MultitouchSupport
0x0000000001cc8000 	/System/Library/Frameworks/IOKit.framework/Versions/A/IOKit
0x0000000001cc8000 	/usr/lib/libDiagnosticMessagesClient.dylib
0x0000000001cc8000 	/System/Library/Frameworks/CoreServices.framework/Versions/A/CoreServices
0x0000000001cc8000 	/System/Library/PrivateFrameworks/PerformanceAnalysis.framework/Versions/A/PerformanceAnalysis
0x0000000001cc8000 	/System/Library/PrivateFrameworks/GenerationalStorage.framework/Versions/A/GenerationalStorage
0x0000000001cc8000 	/System/Library/Frameworks/OpenGL.framework/Versions/A/OpenGL
0x0000000001cc8000 	/System/Library/PrivateFrameworks/Sharing.framework/Versions/A/Sharing
0x0000000001cc8000 	/System/Library/Frameworks/CoreGraphics.framework/Versions/A/CoreGraphics
0x0000000001cc8000 	/System/Library/Frameworks/CoreImage.framework/Versions/A/CoreImage
0x0000000001cc8000 	/System/Library/Frameworks/CoreText.framework/Versions/A/CoreText
0x0000000001cc8000 	/System/Library/Frameworks/ImageIO.framework/Versions/A/ImageIO
0x0000000001cc8000 	/System/Library/PrivateFrameworks/Backup.framework/Versions/A/Backup
0x0000000001cc8000 	/usr/lib/libextension.dylib
0x0000000001cc8000 	/usr/lib/libarchive.2.dylib
0x0000000001cc8000 	/System/Library/Frameworks/CFNetwork.framework/Versions/A/CFNetwork
0x0000000001cc8000 	/System/Library/Frameworks/SystemConfiguration.framework/Versions/A/SystemConfiguration
0x0000000001cc8000 	/usr/lib/libCRFSuite.dylib
0x0000000001cc8000 	/usr/lib/libc++.1.dylib
0x0000000001cc8000 	/usr/lib/libc++abi.dylib
0x0000000001cc8000 	/usr/lib/system/libcache.dylib
0x0000000001cc8000 	/usr/lib/system/libcommonCrypto.dylib
0x0000000001cc8000 	/usr/lib/system/libcompiler_rt.dylib
0x0000000001cc8000 	/usr/lib/system/libcopyfile.dylib
0x0000000001cc8000 	/usr/lib/system/libcorecrypto.dylib
0x0000000001cc8000 	/usr/lib/system/libdispatch.dylib
0x0000000001cc8000 	/usr/lib/system/libdyld.dylib
0x0000000001cc8000 	/usr/lib/system/libkeymgr.dylib
0x0000000001cc8000 	/usr/lib/system/liblaunch.dylib
0x0000000001cc8000 	/usr/lib/system/libmacho.dylib
0x0000000001cc8000 	/usr/lib/system/libquarantine.dylib
0x0000000001cc8000 	/usr/lib/system/libremovefile.dylib
0x0000000001cc8000 	/usr/lib/system/libsystem_asl.dylib
0x0000000001cc8000 	/usr/lib/system/libsystem_blocks.dylib
0x0000000001cc8000 	/usr/lib/system/libsystem_c.dylib
0x0000000001cc8000 	/usr/lib/system/libsystem_configuration.dylib
0x0000000001cc8000 	/usr/lib/system/libsystem_coreservices.dylib
0x0000000001cc8000 	/usr/lib/system/libsystem_coretls.dylib
0x0000000001cc8000 	/usr/lib/system/libsystem_dnssd.dylib
0x0000000001cc8000 	/usr/lib/system/libsystem_info.dylib
0x0000000001cc8000 	/usr/lib/system/libsystem_kernel.dylib
0x0000000001cc8000 	/usr/lib/system/libsystem_m.dylib
0x0000000001cc8000 	/usr/lib/system/libsystem_malloc.dylib
0x0000000001cc8000 	/usr/lib/system/libsystem_network.dylib
0x0000000001cc8000 	/usr/lib/system/libsystem_networkextension.dylib
0x0000000001cc8000 	/usr/lib/system/libsystem_notify.dylib
0x0000000001cc8000 	/usr/lib/system/libsystem_platform.dylib
0x0000000001cc8000 	/usr/lib/system/libsystem_pthread.dylib
0x0000000001cc8000 	/usr/lib/system/libsystem_sandbox.dylib
0x0000000001cc8000 	/usr/lib/system/libsystem_secinit.dylib
0x0000000001cc8000 	/usr/lib/system/libsystem_trace.dylib
0x0000000001cc8000 	/usr/lib/system/libunc.dylib
0x0000000001cc8000 	/usr/lib/system/libunwind.dylib
0x0000000001cc8000 	/usr/lib/system/libxpc.dylib
0x0000000001cc8000 	/usr/lib/libenergytrace.dylib
0x0000000001cc8000 	/usr/lib/libbsm.0.dylib
0x0000000001cc8000 	/usr/lib/system/libkxld.dylib
0x0000000001cc8000 	/usr/lib/libxar.1.dylib
0x0000000001cc8000 	/usr/lib/libsqlite3.dylib
0x0000000001cc8000 	/usr/lib/libpam.2.dylib
0x0000000001cc8000 	/usr/lib/libOpenScriptingUtil.dylib
0x0000000001cc8000 	/usr/lib/libbz2.1.0.dylib
0x0000000001cc8000 	/usr/lib/liblzma.5.dylib
0x0000000001cc8000 	/System/Library/Frameworks/CoreServices.framework/Versions/A/Frameworks/FSEvents.framework/Versions/A/FSEvents
0x0000000001cc8000 	/System/Library/Frameworks/CoreServices.framework/Versions/A/Frameworks/CarbonCore.framework/Versions/A/CarbonCore
0x0000000001cc8000 	/System/Library/Frameworks/CoreServices.framework/Versions/A/Frameworks/Metadata.framework/Versions/A/Metadata
0x0000000001cc8000 	/System/Library/Frameworks/CoreServices.framework/Versions/A/Frameworks/OSServices.framework/Versions/A/OSServices
0x0000000001cc8000 	/System/Library/Frameworks/CoreServices.framework/Versions/A/Frameworks/SearchKit.framework/Versions/A/SearchKit
0x0000000001cc8000 	/System/Library/Frameworks/CoreServices.framework/Versions/A/Frameworks/AE.framework/Versions/A/AE
0x0000000001cc8000 	/System/Library/Frameworks/CoreServices.framework/Versions/A/Frameworks/LaunchServices.framework/Versions/A/LaunchServices
0x0000000001cc8000 	/System/Library/Frameworks/CoreServices.framework/Versions/A/Frameworks/DictionaryServices.framework/Versions/A/DictionaryServices
0x0000000001cc8000 	/System/Library/Frameworks/CoreServices.framework/Versions/A/Frameworks/SharedFileList.framework/Versions/A/SharedFileList
0x0000000001cc8000 	/System/Library/Frameworks/NetFS.framework/Versions/A/NetFS
0x0000000001cc8000 	/System/Library/PrivateFrameworks/NetAuth.framework/Versions/A/NetAuth
0x0000000001cc8000 	/System/Library/PrivateFrameworks/login.framework/Versions/A/Frameworks/loginsupport.framework/Versions/A/loginsupport
0x0000000001cc8000 	/System/Library/PrivateFrameworks/TCC.framework/Versions/A/TCC
0x0000000001cc8000 	/usr/lib/libmecabra.dylib
0x0000000001cc8000 	/System/Library/Frameworks/ApplicationServices.framework/Versions/A/Frameworks/ATS.framework/Versions/A/ATS
0x0000000001cc8000 	/System/Library/Frameworks/ApplicationServices.framework/Versions/A/Frameworks/ColorSync.framework/Versions/A/ColorSync
0x0000000001cc8000 	/System/Library/Frameworks/ApplicationServices.framework/Versions/A/Frameworks/HIServices.framework/Versions/A/HIServices
0x0000000001cc8000 	/System/Library/Frameworks/ApplicationServices.framework/Versions/A/Frameworks/LangAnalysis.framework/Versions/A/LangAnalysis
0x0000000001cc8000 	/System/Library/Frameworks/ApplicationServices.framework/Versions/A/Frameworks/PrintCore.framework/Versions/A/PrintCore
0x0000000001cc8000 	/System/Library/Frameworks/ApplicationServices.framework/Versions/A/Frameworks/QD.framework/Versions/A/QD
0x0000000001cc8000 	/System/Library/Frameworks/ApplicationServices.framework/Versions/A/Frameworks/SpeechSynthesis.framework/Versions/A/SpeechSynthesis
0x0000000001cc8000 	/System/Library/Frameworks/Metal.framework/Versions/A/Metal
0x0000000001cc8000 	/System/Library/Frameworks/Accelerate.framework/Versions/A/Frameworks/vImage.framework/Versions/A/vImage
0x0000000001cc8000 	/System/Library/Frameworks/Accelerate.framework/Versions/A/Frameworks/vecLib.framework/Versions/A/vecLib
0x0000000001cc8000 	/System/Library/Frameworks/Accelerate.framework/Versions/A/Frameworks/vecLib.framework/Versions/A/libvDSP.dylib
0x0000000001cc8000 	/System/Library/Frameworks/Accelerate.framework/Versions/A/Frameworks/vecLib.framework/Versions/A/libvMisc.dylib
0x0000000001cc8000 	/System/Library/Frameworks/Accelerate.framework/Versions/A/Frameworks/vecLib.framework/Versions/A/libLAPACK.dylib
0x0000000001cc8000 	/System/Library/Frameworks/Accelerate.framework/Versions/A/Frameworks/vecLib.framework/Versions/A/libBLAS.dylib
0x0000000001cc8000 	/System/Library/Frameworks/Accelerate.framework/Versions/A/Frameworks/vecLib.framework/Versions/A/libLinearAlgebra.dylib
0x0000000001cc8000 	/System/Library/Frameworks/Accelerate.framework/Versions/A/Frameworks/vecLib.framework/Versions/A/libSparseBLAS.dylib
0x0000000001cc8000 	/System/Library/PrivateFrameworks/GPUCompiler.framework/libmetal_timestamp.dylib
0x0000000001cc8000 	/System/Library/Frameworks/OpenGL.framework/Versions/A/Libraries/libCoreFSCache.dylib
0x0000000001cc8000 	/System/Library/PrivateFrameworks/IOAccelerator.framework/Versions/A/IOAccelerator
0x0000000001cc8000 	/System/Library/Frameworks/ApplicationServices.framework/Versions/A/Frameworks/ATS.framework/Versions/A/Resources/libFontParser.dylib
0x0000000001cc8000 	/System/Library/Frameworks/ApplicationServices.framework/Versions/A/Frameworks/ATS.framework/Versions/A/Resources/libFontRegistry.dylib
0x0000000001cc8000 	/System/Library/PrivateFrameworks/AppleVPA.framework/Versions/A/AppleVPA
0x0000000001cc8000 	/System/Library/PrivateFrameworks/AppleJPEG.framework/Versions/A/AppleJPEG
0x0000000001cc8000 	/System/Library/Frameworks/ImageIO.framework/Versions/A/Resources/libJPEG.dylib
0x0000000001cc8000 	/System/Library/Frameworks/ImageIO.framework/Versions/A/Resources/libTIFF.dylib
0x0000000001cc8000 	/System/Library/Frameworks/ImageIO.framework/Versions/A/Resources/libPng.dylib
0x0000000001cc8000 	/System/Library/Frameworks/ImageIO.framework/Versions/A/Resources/libGIF.dylib
0x0000000001cc8000 	/System/Library/Frameworks/ImageIO.framework/Versions/A/Resources/libJP2.dylib
0x0000000001cc8000 	/System/Library/Frameworks/ImageIO.framework/Versions/A/Resources/libRadiance.dylib
0x0000000001cc8000 	/System/Library/Frameworks/CoreVideo.framework/Versions/A/CoreVideo
0x0000000001cc8000 	/System/Library/Frameworks/OpenGL.framework/Versions/A/Libraries/libGLU.dylib
0x0000000001cc8000 	/System/Library/Frameworks/OpenGL.framework/Versions/A/Libraries/libGFXShared.dylib
0x0000000001cc8000 	/System/Library/Frameworks/OpenGL.framework/Versions/A/Libraries/libGL.dylib
0x0000000001cc8000 	/System/Library/Frameworks/OpenGL.framework/Versions/A/Libraries/libGLImage.dylib
0x0000000001cc8000 	/System/Library/Frameworks/OpenGL.framework/Versions/A/Libraries/libCVMSPluginSupport.dylib
0x0000000001cc8000 	/System/Library/Frameworks/OpenGL.framework/Versions/A/Libraries/libCoreVMClient.dylib
0x0000000001cc8000 	/usr/lib/libcompression.dylib
0x0000000001cc8000 	/usr/lib/libcups.2.dylib
0x0000000001cc8000 	/System/Library/Frameworks/Kerberos.framework/Versions/A/Kerberos
0x0000000001cc8000 	/System/Library/Frameworks/GSS.framework/Versions/A/GSS
0x0000000001cc8000 	/usr/lib/libresolv.9.dylib
0x0000000001cc8000 	/usr/lib/libiconv.2.dylib
0x0000000001cc8000 	/System/Library/PrivateFrameworks/Heimdal.framework/Versions/A/Heimdal
0x0000000001cc8000 	/usr/lib/libheimdal-asn1.dylib
0x0000000001cc8000 	/System/Library/Frameworks/OpenDirectory.framework/Versions/A/OpenDirectory
0x0000000001cc8000 	/System/Library/PrivateFrameworks/CommonAuth.framework/Versions/A/CommonAuth
0x0000000001cc8000 	/System/Library/Frameworks/OpenDirectory.framework/Versions/A/Frameworks/CFOpenDirectory.framework/Versions/A/CFOpenDirectory
0x0000000001cc8000 	/System/Library/Frameworks/SecurityFoundation.framework/Versions/A/SecurityFoundation
0x0000000001cc8000 	/System/Library/PrivateFrameworks/LanguageModeling.framework/Versions/A/LanguageModeling
0x0000000001cc8000 	/usr/lib/libmarisa.dylib
0x0000000001cc8000 	/usr/lib/libChineseTokenizer.dylib
0x0000000001cc8000 	/usr/lib/libcmph.dylib
0x0000000001cc8000 	/System/Library/Frameworks/ServiceManagement.framework/Versions/A/ServiceManagement
0x0000000001cc8000 	/usr/lib/libxslt.1.dylib
0x0000000001cc8000 	/System/Library/Frameworks/Carbon.framework/Versions/A/Frameworks/Ink.framework/Versions/A/Ink
0x0000000001cc8000 	/usr/lib/libFosl_dynamic.dylib
0x0000000001cc8000 	/System/Library/PrivateFrameworks/FaceCore.framework/Versions/A/FaceCore
0x0000000001cc8000 	/System/Library/Frameworks/OpenCL.framework/Versions/A/OpenCL
0x0000000001cc8000 	/System/Library/PrivateFrameworks/CrashReporterSupport.framework/Versions/A/CrashReporterSupport
0x0000000001cc8000 	/System/Library/PrivateFrameworks/IconServices.framework/Versions/A/IconServices
0x0000000001cc8000 	/System/Library/PrivateFrameworks/Apple80211.framework/Versions/A/Apple80211
0x0000000001cc8000 	/System/Library/Frameworks/CoreWLAN.framework/Versions/A/CoreWLAN
0x0000000001cc8000 	/System/Library/Frameworks/IOBluetooth.framework/Versions/A/IOBluetooth
0x0000000001cc8000 	/System/Library/PrivateFrameworks/CoreWiFi.framework/Versions/A/CoreWiFi
0x0000000001cc8000 	/System/Library/Frameworks/CoreBluetooth.framework/Versions/A/CoreBluetooth
0x0000000001cc8000 	/System/Library/PrivateFrameworks/ChunkingLibrary.framework/Versions/A/ChunkingLibrary
0x0000000001cc8000 	/System/Library/PrivateFrameworks/DebugSymbols.framework/Versions/A/DebugSymbols
0x0000000001cc8000 	/System/Library/PrivateFrameworks/CoreSymbolication.framework/Versions/A/CoreSymbolication
0x0000000001cc8000 	/System/Library/PrivateFrameworks/Symbolication.framework/Versions/A/Symbolication
0x0000000001cc8000 	/System/Library/PrivateFrameworks/SpeechRecognitionCore.framework/Versions/A/SpeechRecognitionCore
0x0000000101e00000 	/Library/Java/JavaVirtualMachines/jdk1.8.0_102.jdk/Contents/Home/jre/lib/server/libjvm.dylib
0x0000000001cc8000 	/usr/lib/libstdc++.6.dylib
0x0000000101518000 	/Library/Java/JavaVirtualMachines/jdk1.8.0_102.jdk/Contents/Home/jre/lib/libverify.dylib
0x0000000101526000 	/Library/Java/JavaVirtualMachines/jdk1.8.0_102.jdk/Contents/Home/jre/lib/libjava.dylib
0x0000000101565000 	/Library/Java/JavaVirtualMachines/jdk1.8.0_102.jdk/Contents/Home/jre/lib/libzip.dylib
0x0000000118674000 	/System/Library/Frameworks/JavaVM.framework/Frameworks/JavaRuntimeSupport.framework/JavaRuntimeSupport
0x000000011868f000 	/System/Library/Frameworks/JavaVM.framework/Versions/A/Frameworks/JavaNativeFoundation.framework/Versions/A/JavaNativeFoundation
0x00000001186a4000 	/System/Library/Frameworks/JavaVM.framework/Versions/A/JavaVM
0x0000000001cc8000 	/System/Library/Frameworks/Carbon.framework/Versions/A/Carbon
0x00000001186b1000 	/System/Library/PrivateFrameworks/JavaLaunching.framework/Versions/A/JavaLaunching
0x0000000001cc8000 	/System/Library/Frameworks/Carbon.framework/Versions/A/Frameworks/CommonPanels.framework/Versions/A/CommonPanels
0x0000000001cc8000 	/System/Library/Frameworks/Carbon.framework/Versions/A/Frameworks/Help.framework/Versions/A/Help
0x0000000001cc8000 	/System/Library/Frameworks/Carbon.framework/Versions/A/Frameworks/ImageCapture.framework/Versions/A/ImageCapture
0x0000000001cc8000 	/System/Library/Frameworks/Carbon.framework/Versions/A/Frameworks/OpenScripting.framework/Versions/A/OpenScripting
0x0000000001cc8000 	/System/Library/Frameworks/Carbon.framework/Versions/A/Frameworks/Print.framework/Versions/A/Print
0x0000000001cc8000 	/System/Library/Frameworks/Carbon.framework/Versions/A/Frameworks/SecurityHI.framework/Versions/A/SecurityHI
0x0000000119ff4000 	/Library/Java/JavaVirtualMachines/jdk1.8.0_102.jdk/Contents/Home/jre/lib/libawt.dylib
0x000000011a09c000 	/Library/Java/JavaVirtualMachines/jdk1.8.0_102.jdk/Contents/Home/jre/lib/./libmlib_image.dylib
0x000000011a168000 	/Library/Java/JavaVirtualMachines/jdk1.8.0_102.jdk/Contents/Home/jre/lib/libawt_lwawt.dylib
0x000000011a21d000 	/Library/Java/JavaVirtualMachines/jdk1.8.0_102.jdk/Contents/Home/jre/lib/./libosxapp.dylib
0x0000000001cc8000 	/System/Library/Frameworks/ExceptionHandling.framework/Versions/A/ExceptionHandling
0x0000000001cc8000 	/System/Library/PrivateFrameworks/CoreServicesInternal.framework/Versions/A/CoreServicesInternal
0x000000011ace2000 	/System/Library/Frameworks/CoreGraphics.framework/Versions/A/Resources/libRIP.A.dylib
0x0000000001cc8000 	/System/Library/Frameworks/Accelerate.framework/Versions/A/Frameworks/vImage.framework/Versions/A/Libraries/libCGInterfaces.dylib
0x000000011b03e000 	/System/Library/Frameworks/CoreGraphics.framework/Versions/A/Resources/libCGXType.A.dylib
0x0000000001cc8000 	/System/Library/Frameworks/OpenCL.framework/Versions/A/Libraries/libcldcpuengine.dylib
0x0000000001cc8000 	/System/Library/PrivateFrameworks/DiskImages.framework/Versions/A/DiskImages
0x0000000001cc8000 	/System/Library/Frameworks/DiscRecording.framework/Versions/A/DiscRecording
0x0000000001cc8000 	/usr/lib/libcsfde.dylib
0x0000000001cc8000 	/usr/lib/libcurl.4.dylib
0x0000000001cc8000 	/System/Library/PrivateFrameworks/MediaKit.framework/Versions/A/MediaKit
0x0000000001cc8000 	/System/Library/PrivateFrameworks/ProtectedCloudStorage.framework/Versions/A/ProtectedCloudStorage
0x0000000001cc8000 	/usr/lib/libCoreStorage.dylib
0x0000000001cc8000 	/System/Library/PrivateFrameworks/EFILogin.framework/Versions/A/EFILogin
0x0000000001cc8000 	/usr/lib/libutil.dylib
0x0000000001cc8000 	/System/Library/PrivateFrameworks/FindMyDevice.framework/Versions/A/FindMyDevice
0x0000000001cc8000 	/System/Library/Frameworks/LDAP.framework/Versions/A/LDAP
0x0000000001cc8000 	/usr/lib/libsasl2.2.dylib
0x0000000001cc8000 	/System/Library/PrivateFrameworks/CoreDaemon.framework/Versions/B/CoreDaemon
0x0000000001cc8000 	/usr/lib/libcrypto.0.9.8.dylib
0x0000000001cc8000 	/System/Library/PrivateFrameworks/AppleSRP.framework/Versions/A/AppleSRP
0x0000000001cc8000 	/System/Library/PrivateFrameworks/TrustEvaluationAgent.framework/Versions/A/TrustEvaluationAgent
0x000000011b0a8000 	cl_kernels
0x0000000001cc8000 	/System/Library/Frameworks/OpenCL.framework/Versions/A/Libraries/ImageFormats/unorm8_bgra.dylib
0x0000000001cc8000 	/System/Library/Frameworks/OpenCL.framework/Versions/A/Libraries/ImageFormats/unorm8_rgba.dylib
0x0000000001cc8000 	/System/Library/PrivateFrameworks/FamilyControls.framework/Versions/A/FamilyControls
0x0000000001cc8000 	/System/Library/PrivateFrameworks/CommerceKit.framework/Versions/A/Frameworks/CommerceCore.framework/Versions/A/CommerceCore
0x0000000001cc8000 	/System/Library/PrivateFrameworks/SystemAdministration.framework/Versions/A/SystemAdministration
0x0000000001cc8000 	/System/Library/PrivateFrameworks/AppContainer.framework/Versions/A/AppContainer
0x0000000001cc8000 	/System/Library/PrivateFrameworks/SecCodeWrapper.framework/Versions/A/SecCodeWrapper
0x0000000001cc8000 	/System/Library/Frameworks/DirectoryService.framework/Versions/A/DirectoryService
0x0000000001cc8000 	/System/Library/PrivateFrameworks/LoginUIKit.framework/Versions/A/Frameworks/LoginUICore.framework/Versions/A/LoginUICore
0x0000000001cc8000 	/usr/lib/libodfde.dylib
0x000000011d0fe000 	/Library/Java/JavaVirtualMachines/jdk1.8.0_102.jdk/Contents/Home/jre/lib/libfontmanager.dylib
0x000000011d165000 	/Users/Reny/Documents/SWEN20003/workshop/week5/slick_home/mulit_platform_slick_libraries/liblwjgl.dylib
0x000000011af02000 	/Library/Java/JavaVirtualMachines/jdk1.8.0_102.jdk/Contents/Home/jre/lib/libjawt.dylib
0x0000000001cc8000 	/System/Library/Frameworks/OpenGL.framework/Versions/A/Resources/GLEngine.bundle/GLEngine
0x0000000001cc8000 	/System/Library/Frameworks/OpenGL.framework/Versions/A/Libraries/libGLProgrammability.dylib
0x000000011d1e7000 	/System/Library/Extensions/AppleIntelBDWGraphicsGLDriver.bundle/Contents/MacOS/AppleIntelBDWGraphicsGLDriver
0x0000000001cc8000 	/System/Library/PrivateFrameworks/GPUSupport.framework/Versions/A/Libraries/libGPUSupportMercury.dylib
0x0000000001cc8000 	/System/Library/Frameworks/OpenGL.framework/Versions/A/Resources/GLRendererFloat.bundle/GLRendererFloat
0x000000011f1d1000 	/Users/Reny/Documents/SWEN20003/workshop/week5/slick_home/mulit_platform_slick_libraries/libjinput-osx.dylib
0x000000011f1d6000 	/System/Library/Extensions/IOHIDFamily.kext/Contents/PlugIns/IOHIDLib.plugin/Contents/MacOS/IOHIDLib
0x000000011f206000 	/Library/Java/JavaVirtualMachines/jdk1.8.0_102.jdk/Contents/Home/jre/lib/libnio.dylib
0x000000011f216000 	/Library/Java/JavaVirtualMachines/jdk1.8.0_102.jdk/Contents/Home/jre/lib/./libnet.dylib

VM Arguments:
jvm_args: -Djava.library.path=/Users/Reny/Documents/SWEN20003/workshop/week5/slick_home/mulit_platform_slick_libraries -Dfile.encoding=UTF-8 
java_command: RPG
java_class_path (initial): /Users/Reny/Documents/SWEN20003/ooproject2/FunGame2/bin:/Users/Reny/Documents/SWEN20003/ooproject2/FunGame2/lib/jinput.jar:/Users/Reny/Documents/SWEN20003/ooproject2/FunGame2/lib/lwjgl.jar:/Users/Reny/Documents/SWEN20003/ooproject2/FunGame2/lib/slick.jar
Launcher Type: SUN_STANDARD

Environment Variables:
PATH=/usr/bin:/bin:/usr/sbin:/sbin
SHELL=/bin/bash

Signal Handlers:
SIGSEGV: [libjvm.dylib+0x5b0579], sa_mask[0]=11111111011111110111111111111111, sa_flags=SA_ONSTACK|SA_RESTART|SA_SIGINFO
SIGBUS: [libjvm.dylib+0x5b0579], sa_mask[0]=11111111011111110111111111111111, sa_flags=SA_RESTART|SA_SIGINFO
SIGFPE: [libjvm.dylib+0x4874e4], sa_mask[0]=11111111011111110111111111111111, sa_flags=SA_RESTART|SA_SIGINFO
SIGPIPE: [libjvm.dylib+0x4874e4], sa_mask[0]=11111111011111110111111111111111, sa_flags=SA_RESTART|SA_SIGINFO
SIGXFSZ: [libjvm.dylib+0x4874e4], sa_mask[0]=11111111011111110111111111111111, sa_flags=SA_RESTART|SA_SIGINFO
SIGILL: [libjvm.dylib+0x4874e4], sa_mask[0]=11111111011111110111111111111111, sa_flags=SA_RESTART|SA_SIGINFO
SIGUSR1: SIG_DFL, sa_mask[0]=00000000000000000000000000000000, sa_flags=none
SIGUSR2: [libjvm.dylib+0x487002], sa_mask[0]=00100000000000000000000000000000, sa_flags=SA_RESTART|SA_SIGINFO
SIGHUP: [libjvm.dylib+0x4855d9], sa_mask[0]=11111111011111110111111111111111, sa_flags=SA_RESTART|SA_SIGINFO
SIGINT: [libjvm.dylib+0x4855d9], sa_mask[0]=11111111011111110111111111111111, sa_flags=SA_RESTART|SA_SIGINFO
SIGTERM: [libjvm.dylib+0x4855d9], sa_mask[0]=11111111011111110111111111111111, sa_flags=SA_RESTART|SA_SIGINFO
SIGQUIT: [libjvm.dylib+0x4855d9], sa_mask[0]=11111111011111110111111111111111, sa_flags=SA_RESTART|SA_SIGINFO


---------------  S Y S T E M  ---------------

OS:Bsduname:Darwin 15.6.0 Darwin Kernel Version 15.6.0: Mon Aug 29 20:21:34 PDT 2016; root:xnu-3248.60.11~1/RELEASE_X86_64 x86_64
rlimit: STACK 8192k, CORE 0k, NPROC 709, NOFILE 10240, AS infinity
load average:1.90 1.60 1.46

CPU:total 4 (2 cores per cpu, 2 threads per core) family 6 model 61 stepping 4, cmov, cx8, fxsr, mmx, sse, sse2, sse3, ssse3, sse4.1, sse4.2, popcnt, avx, avx2, aes, clmul, erms, 3dnowpref, lzcnt, ht, tsc, tscinvbit, bmi1, bmi2, adx

Memory: 4k page, physical 8388608k(302868k free)

/proc/meminfo:


vm_info: Java HotSpot(TM) 64-Bit Server VM (25.102-b14) for bsd-amd64 JRE (1.8.0_102-b14), built on Jun 22 2016 11:42:36 by "java_re" with gcc 4.2.1 (Based on Apple Inc. build 5658) (LLVM build 2336.11.00)

time: Sun Oct  2 22:34:07 2016
elapsed time: 10 seconds (0d 0h 0m 10s)

