#
# A fatal error has been detected by the Java Runtime Environment:
#
#  SIGSEGV (0xb) at pc=0x00007fff8f7638e2, pid=19057, tid=0x0000000000000a0b
#
# JRE version: Java(TM) SE Runtime Environment (8.0_102-b14) (build 1.8.0_102-b14)
# Java VM: Java HotSpot(TM) 64-Bit Server VM (25.102-b14 mixed mode bsd-amd64 compressed oops)
# Problematic frame:
# C  [libGPUSupportMercury.dylib+0xa8e2]  gldAttachDrawable+0x60
#
# Failed to write core dump. Core dumps have been disabled. To enable core dumping, try "ulimit -c unlimited" before starting Java again
#
# If you would like to submit a bug report, please visit:
#   http://bugreport.java.com/bugreport/crash.jsp
# The crash happened outside the Java Virtual Machine in native code.
# See problematic frame for where to report the bug.
#

---------------  T H R E A D  ---------------

Current thread (0x00007fc3b1857000):  JavaThread "AppKit Thread" daemon [_thread_in_native, id=2571, stack(0x00007fff5468b000,0x00007fff54e8b000)]

siginfo: si_signo: 11 (SIGSEGV), si_code: 0 (unknown), si_addr: 0x0000000000000000

Registers:
RAX=0x6000000000000000, RBX=0x000000000000271e, RCX=0x0000000000000000, RDX=0x00007fc3b142cdf8
RSP=0x00007fff54e86240, RBP=0x00007fff54e86340, RSI=0x0000000000000050, RDI=0xb400d0478fd5b107
R8 =0x00007fc3b400aa60, R9 =0x00007fc3b4000000, R10=0x000000000000003c, R11=0x0000000000000206
R12=0x0000000000002718, R13=0x00007fc3b1a05600, R14=0x0000000000000050, R15=0x0000000000000000
RIP=0x00007fff8f7638e2, EFLAGS=0x0000000000010212, ERR=0x0000000000000000
  TRAPNO=0x000000000000000d

Top of Stack: (sp=0x00007fff54e86240)
0x00007fff54e86240:   000000000004367f 000000000000a40f
0x00007fff54e86250:   00007fff54e86290 00007fff8dc0f633
0x00007fff54e86260:   0000000000000000 4036000000000000
0x00007fff54e86270:   4089000000000000 6000000000000000
0x00007fff54e86280:   2d5003680004367f 000000002d500368
0x00007fff54e86290:   00007fff54e86380 00007fff8dc1e9af
0x00007fff54e862a0:   0000000000000000 4036000000000000
0x00007fff54e862b0:   4089000000000000 4082c00000000000
0x00007fff54e862c0:   7ff0000000000000 7ff0000000000000
0x00007fff54e862d0:   0000000000000000 0000000000000000
0x00007fff54e862e0:   000000000000a40f 00007fc3b166bab0
0x00007fff54e862f0:   7ff0000000000000 7ff0000000000000
0x00007fff54e86300:   00007fff54e86330 00007fff8db7cae2
0x00007fff54e86310:   b400d0478fd5b107 00007fc3b4000c00
0x00007fff54e86320:   0000000000002718 0000000000000000
0x00007fff54e86330:   0000000000000050 0000000000000000
0x00007fff54e86340:   00007fff54e863a0 00007fff90766553
0x00007fff54e86350:   4094000000000000 0000000000000000
0x00007fff54e86360:   00007fc3b400aa60 000000000004367f
0x00007fff54e86370:   00007fc3b142cdf8 00007fc3b1566cc0
0x00007fff54e86380:   0000000000000000 00007fc3b2118950
0x00007fff54e86390:   00007fc3b2116a00 b400d0478fd5b107
0x00007fff54e863a0:   00007fff54e86490 00007fff899a684c
0x00007fff54e863b0:   4089000000000000 406e000000000000
0x00007fff54e863c0:   4053800000000000 4089000000000000
0x00007fff54e863d0:   4083700000000000 0000000000000000
0x00007fff54e863e0:   4036000000000000 4089000000000000
0x00007fff54e863f0:   4082c00000000000 0000000000000000
0x00007fff54e86400:   0000000000000000 0000000000000001
0x00007fff54e86410:   00007fc3b142cdf8 0000000000000001
0x00007fff54e86420:   00007fff54e86490 00007fff899ab5e2
0x00007fff54e86430:   0000000000000003 0000000100000001 

Instructions: (pc=0x00007fff8f7638e2)
0x00007fff8f7638c2:   48 85 d2 b8 01 00 00 00 bb 15 27 00 00 0f 44 d8
0x00007fff8f7638d2:   e9 29 03 00 00 49 8b 45 08 48 89 85 38 ff ff ff
0x00007fff8f7638e2:   48 8b 00 48 89 85 30 ff ff ff 83 fe 4f 0f 8f 03
0x00007fff8f7638f2:   01 00 00 48 89 d0 bb 15 27 00 00 83 fe 35 0f 84 

Register to memory mapping:

RAX=0x6000000000000000 is an unknown value
RBX=0x000000000000271e is an unknown value
RCX=0x0000000000000000 is an unknown value
RDX=0x00007fc3b142cdf8 is an unknown value
RSP=0x00007fff54e86240 is pointing into the stack for thread: 0x00007fc3b1857000
RBP=0x00007fff54e86340 is pointing into the stack for thread: 0x00007fc3b1857000
RSI=0x0000000000000050 is an unknown value
RDI=0xb400d0478fd5b107 is an unknown value
R8 =0x00007fc3b400aa60 is an unknown value
R9 =0x00007fc3b4000000 is an unknown value
R10=0x000000000000003c is an unknown value
R11=0x0000000000000206 is an unknown value
R12=0x0000000000002718 is an unknown value
R13=0x00007fc3b1a05600 is an unknown value
R14=0x0000000000000050 is an unknown value
R15=0x0000000000000000 is an unknown value


Stack: [0x00007fff5468b000,0x00007fff54e8b000],  sp=0x00007fff54e86240,  free space=8172k
Native frames: (J=compiled Java code, j=interpreted, Vv=VM code, C=native code)
C  [libGPUSupportMercury.dylib+0xa8e2]  gldAttachDrawable+0x60
C  [GLEngine+0x16553]  gliAttachDrawableWithOptions+0x108
C  [OpenGL+0x384c]  glcGetIOAccelService+0xe35
C  [OpenGL+0x7378]  CGLSetPBuffer+0xb38
C  [OpenGL+0x769d]  CGLSetSurface+0x124
C  [AppKit+0x358ea8]  NSOpenGLContextAttachOnScreenViewSurface+0x109
C  [AppKit+0x6856c7]  __27-[NSOpenGLContext setView:]_block_invoke+0xc0
C  [AppKit+0x183325]  NSPerformVisuallyAtomicChange+0x93
C  [AppKit+0x345c0d]  -[NSOpenGLContext setView:]+0x77
C  [liblwjgl.dylib+0xa586]  -[MacOSXOpenGLView lockFocus]+0x76
C  [AppKit+0x1a8797]  -[NSView _recursiveDisplayRectIfNeededIgnoringOpacity:isVisibleRect:rectIsVisibleRectForView:topView:]+0x6e2
C  [AppKit+0x1a9785]  -[NSView _recursiveDisplayRectIfNeededIgnoringOpacity:isVisibleRect:rectIsVisibleRectForView:topView:]+0x16d0
C  [AppKit+0x1a7be0]  -[NSThemeFrame _recursiveDisplayRectIfNeededIgnoringOpacity:isVisibleRect:rectIsVisibleRectForView:topView:]+0x14e
C  [AppKit+0x1a5feb]  -[NSView _displayRectIgnoringOpacity:isVisibleRect:rectIsVisibleRectForView:]+0x991
C  [AppKit+0x1a13f5]  -[NSView displayIfNeeded]+0x79e
C  [AppKit+0x1a0c3c]  -[NSWindow displayIfNeeded]+0xe8
C  [AppKit+0x82541b]  ___NSWindowGetDisplayCycleObserver_block_invoke6365+0x1dc
C  [AppKit+0x1a05d6]  __37+[NSDisplayCycle currentDisplayCycle]_block_invoke+0x3ad
C  [QuartzCore+0x10f71]  _ZN2CA11Transaction19run_commit_handlersE18CATransactionPhase+0x55
C  [QuartzCore+0x1042c]  _ZN2CA7Context18commit_transactionEPNS_11TransactionE+0xa0
C  [QuartzCore+0x100ec]  _ZN2CA11Transaction6commitEv+0x1fc
C  [QuartzCore+0x1b977]  _ZN2CA11Transaction17observer_callbackEP19__CFRunLoopObservermPv+0x47
C  [CoreFoundation+0xaa067]  __CFRUNLOOP_IS_CALLING_OUT_TO_AN_OBSERVER_CALLBACK_FUNCTION__+0x17
C  [CoreFoundation+0xa9fd7]  __CFRunLoopDoObservers+0x187
C  [CoreFoundation+0x88ef8]  CFRunLoopRunSpecific+0x148
C  [HIToolbox+0x30935]  RunCurrentEventLoopInMode+0xeb
C  [HIToolbox+0x30677]  ReceiveNextEventCommon+0xb8
C  [HIToolbox+0x305af]  _BlockUntilNextEventMatchingListInModeWithFilter+0x47
C  [AppKit+0x48df6]  _DPSNextEvent+0x42b
C  [AppKit+0x48226]  -[NSApplication _nextEventMatchingEventMask:untilDate:inMode:dequeue:]+0x1c6
C  [libosxapp.dylib+0x23aa]  -[NSApplicationAWT nextEventMatchingMask:untilDate:inMode:dequeue:]+0x7c
C  [AppKit+0x3cd80]  -[NSApplication run]+0x2aa
C  [libosxapp.dylib+0x214d]  +[NSApplicationAWT runAWTLoopWithApp:]+0x9c
C  [libawt_lwawt.dylib+0x444b3]  -[AWTStarter starter:]+0x389
C  [Foundation+0x76fde]  __NSThreadPerformPerform+0x117
C  [CoreFoundation+0xaa881]  __CFRUNLOOP_IS_CALLING_OUT_TO_A_SOURCE0_PERFORM_FUNCTION__+0x11
C  [CoreFoundation+0x89fbc]  __CFRunLoopDoSources0+0x22c
C  [CoreFoundation+0x894df]  __CFRunLoopRun+0x39f
C  [CoreFoundation+0x88ed8]  CFRunLoopRunSpecific+0x128
C  [java+0x6465]  CreateExecutionEnvironment+0x367
C  [java+0x218c]  JLI_Launch+0x7a0
C  [java+0x84c2]  main+0x65
C  [java+0x19e4]  start+0x34
C  0x0000000000000006


---------------  P R O C E S S  ---------------

Java Threads: ( => current thread )
  0x00007fc3b213f800 JavaThread "Java2D Queue Flusher" daemon [_thread_blocked, id=56591, stack(0x00007000013d9000,0x00007000014d9000)]
  0x00007fc3b2929800 JavaThread "Java2D Disposer" daemon [_thread_blocked, id=52747, stack(0x00007000012d6000,0x00007000013d6000)]
  0x00007fc3b28e2000 JavaThread "AWT-Shutdown" [_thread_blocked, id=29203, stack(0x00007000010cd000,0x00007000011cd000)]
=>0x00007fc3b1857000 JavaThread "AppKit Thread" daemon [_thread_in_native, id=2571, stack(0x00007fff5468b000,0x00007fff54e8b000)]
  0x00007fc3b1866000 JavaThread "Service Thread" daemon [_thread_blocked, id=18691, stack(0x0000700000e44000,0x0000700000f44000)]
  0x00007fc3b1848000 JavaThread "C1 CompilerThread2" daemon [_thread_blocked, id=18179, stack(0x0000700000d41000,0x0000700000e41000)]
  0x00007fc3b1847000 JavaThread "C2 CompilerThread1" daemon [_thread_blocked, id=17667, stack(0x0000700000c3e000,0x0000700000d3e000)]
  0x00007fc3b1846800 JavaThread "C2 CompilerThread0" daemon [_thread_blocked, id=17155, stack(0x0000700000b3b000,0x0000700000c3b000)]
  0x00007fc3b3031800 JavaThread "Signal Dispatcher" daemon [_thread_blocked, id=13839, stack(0x0000700000a38000,0x0000700000b38000)]
  0x00007fc3b2000000 JavaThread "Finalizer" daemon [_thread_blocked, id=12291, stack(0x000070000082f000,0x000070000092f000)]
  0x00007fc3b2006800 JavaThread "Reference Handler" daemon [_thread_blocked, id=11779, stack(0x000070000072c000,0x000070000082c000)]
  0x00007fc3b3001000 JavaThread "main" [_thread_in_native, id=5891, stack(0x000070000011a000,0x000070000021a000)]

Other Threads:
  0x00007fc3b2812800 VMThread [stack: 0x0000700000629000,0x0000700000729000] [id=11267]
  0x00007fc3b3032800 WatcherThread [stack: 0x0000700000f47000,0x0000700001047000] [id=19203]

VM state:not at safepoint (normal execution)

VM Mutex/Monitor currently owned by a thread: None

Heap:
 PSYoungGen      total 38400K, used 25864K [0x0000000795580000, 0x0000000798000000, 0x00000007c0000000)
  eden space 33280K, 62% used [0x0000000795580000,0x00000007969d0b58,0x0000000797600000)
  from space 5120K, 98% used [0x0000000797b00000,0x0000000797ff1868,0x0000000798000000)
  to   space 5120K, 0% used [0x0000000797600000,0x0000000797600000,0x0000000797b00000)
 ParOldGen       total 87552K, used 903K [0x0000000740000000, 0x0000000745580000, 0x0000000795580000)
  object space 87552K, 1% used [0x0000000740000000,0x00000007400e1f98,0x0000000745580000)
 Metaspace       used 10974K, capacity 11169K, committed 11520K, reserved 1058816K
  class space    used 1152K, capacity 1215K, committed 1280K, reserved 1048576K

Card table byte_map: [0x000000011bbad000,0x000000011bfae000] byte_map_base: 0x00000001181ad000

Marking Bits: (ParMarkBitMap*) 0x000000010c0efd20
 Begin Bits: [0x000000011c259000, 0x000000011e259000)
 End Bits:   [0x000000011e259000, 0x0000000120259000)

Polling page: 0x000000010aff5000

CodeCache: size=245760Kb used=4708Kb max_used=4708Kb free=241051Kb
 bounds [0x000000010c7ed000, 0x000000010cc8d000, 0x000000011b7ed000]
 total_blobs=1679 nmethods=1149 adapters=444
 compilation: enabled

Compilation events (10 events):
Event: 27.647 Thread 0x00007fc3b1848000 1146       3       sun.awt.SunToolkit::awtTryLock (7 bytes)
Event: 27.647 Thread 0x00007fc3b1848000 nmethod 1146 0x000000010cc4e250 code [0x000000010cc4e3c0, 0x000000010cc4e6a8]
Event: 27.716 Thread 0x00007fc3b1848000 1147       3       org.newdawn.slick.Input::poll (1561 bytes)
Event: 27.716 Thread 0x00007fc3b1846800 1148   !   4       org.newdawn.slick.Input::getControllerCount (25 bytes)
Event: 27.719 Thread 0x00007fc3b1846800 nmethod 1148 0x000000010cc31ad0 code [0x000000010cc31c20, 0x000000010cc31cb8]
Event: 27.721 Thread 0x00007fc3b1847000 1149       4       java.util.HashSet::iterator (13 bytes)
Event: 27.730 Thread 0x00007fc3b1847000 nmethod 1149 0x000000010cc4be50 code [0x000000010cc4bfe0, 0x000000010cc4c3d8]
Event: 27.741 Thread 0x00007fc3b1848000 nmethod 1147 0x000000010cc75d50 code [0x000000010cc76e60, 0x000000010cc848d8]
Event: 27.920 Thread 0x00007fc3b1848000 1150       3       java.nio.Bits::makeInt (29 bytes)
Event: 27.920 Thread 0x00007fc3b1848000 nmethod 1150 0x000000010cc75a10 code [0x000000010cc75b60, 0x000000010cc75cb0]

GC Heap History (4 events):
Event: 6.058 GC heap before
{Heap before GC invocations=1 (full 0):
 PSYoungGen      total 38400K, used 33280K [0x0000000795580000, 0x0000000798000000, 0x00000007c0000000)
  eden space 33280K, 100% used [0x0000000795580000,0x0000000797600000,0x0000000797600000)
  from space 5120K, 0% used [0x0000000797b00000,0x0000000797b00000,0x0000000798000000)
  to   space 5120K, 0% used [0x0000000797600000,0x0000000797600000,0x0000000797b00000)
 ParOldGen       total 87552K, used 0K [0x0000000740000000, 0x0000000745580000, 0x0000000795580000)
  object space 87552K, 0% used [0x0000000740000000,0x0000000740000000,0x0000000745580000)
 Metaspace       used 10948K, capacity 11169K, committed 11520K, reserved 1058816K
  class space    used 1152K, capacity 1215K, committed 1280K, reserved 1048576K
Event: 6.069 GC heap after
Heap after GC invocations=1 (full 0):
 PSYoungGen      total 38400K, used 5106K [0x0000000795580000, 0x0000000798000000, 0x00000007c0000000)
  eden space 33280K, 0% used [0x0000000795580000,0x0000000795580000,0x0000000797600000)
  from space 5120K, 99% used [0x0000000797600000,0x0000000797afc910,0x0000000797b00000)
  to   space 5120K, 0% used [0x0000000797b00000,0x0000000797b00000,0x0000000798000000)
 ParOldGen       total 87552K, used 895K [0x0000000740000000, 0x0000000745580000, 0x0000000795580000)
  object space 87552K, 1% used [0x0000000740000000,0x00000007400dff98,0x0000000745580000)
 Metaspace       used 10948K, capacity 11169K, committed 11520K, reserved 1058816K
  class space    used 1152K, capacity 1215K, committed 1280K, reserved 1048576K
}
Event: 19.303 GC heap before
{Heap before GC invocations=2 (full 0):
 PSYoungGen      total 38400K, used 38386K [0x0000000795580000, 0x0000000798000000, 0x00000007c0000000)
  eden space 33280K, 100% used [0x0000000795580000,0x0000000797600000,0x0000000797600000)
  from space 5120K, 99% used [0x0000000797600000,0x0000000797afc910,0x0000000797b00000)
  to   space 5120K, 0% used [0x0000000797b00000,0x0000000797b00000,0x0000000798000000)
 ParOldGen       total 87552K, used 895K [0x0000000740000000, 0x0000000745580000, 0x0000000795580000)
  object space 87552K, 1% used [0x0000000740000000,0x00000007400dff98,0x0000000745580000)
 Metaspace       used 10959K, capacity 11169K, committed 11520K, reserved 1058816K
  class space    used 1152K, capacity 1215K, committed 1280K, reserved 1048576K
Event: 19.313 GC heap after
Heap after GC invocations=2 (full 0):
 PSYoungGen      total 38400K, used 5062K [0x0000000795580000, 0x0000000798000000, 0x00000007c0000000)
  eden space 33280K, 0% used [0x0000000795580000,0x0000000795580000,0x0000000797600000)
  from space 5120K, 98% used [0x0000000797b00000,0x0000000797ff1868,0x0000000798000000)
  to   space 5120K, 0% used [0x0000000797600000,0x0000000797600000,0x0000000797b00000)
 ParOldGen       total 87552K, used 903K [0x0000000740000000, 0x0000000745580000, 0x0000000795580000)
  object space 87552K, 1% used [0x0000000740000000,0x00000007400e1f98,0x0000000745580000)
 Metaspace       used 10959K, capacity 11169K, committed 11520K, reserved 1058816K
  class space    used 1152K, capacity 1215K, committed 1280K, reserved 1048576K
}

Deoptimization events (10 events):
Event: 1.745 Thread 0x00007fc3b3001000 Uncommon trap: reason=unstable_if action=reinterpret pc=0x000000010caaf058 method=java.awt.image.ComponentColorModel.extractComponent(Ljava/lang/Object;II)I @ 497
Event: 1.849 Thread 0x00007fc3b3001000 Uncommon trap: reason=unstable_if action=reinterpret pc=0x000000010ca50da8 method=java.lang.String.regionMatches(ZILjava/lang/String;II)Z @ 123
Event: 4.643 Thread 0x00007fc3b3001000 Uncommon trap: reason=unstable_if action=reinterpret pc=0x000000010cb918c8 method=Player.combat(LMonster;ZDLPlayer;LWorld;)V @ 149
Event: 4.893 Thread 0x00007fc3b3001000 Uncommon trap: reason=unstable_if action=reinterpret pc=0x000000010cb8e420 method=Monster.wander(DLWorld;)V @ 58
Event: 7.091 Thread 0x00007fc3b3001000 Uncommon trap: reason=unstable_if action=reinterpret pc=0x000000010cc04ff8 method=Player.combat(LMonster;ZDLPlayer;LWorld;)V @ 100
Event: 9.742 Thread 0x00007fc3b3001000 Uncommon trap: reason=unstable_if action=reinterpret pc=0x000000010cc1ea30 method=Player.move(LWorld;DDDZ)V @ 180
Event: 10.709 Thread 0x00007fc3b3001000 Uncommon trap: reason=unstable_if action=reinterpret pc=0x000000010cc16a78 method=Player.combat(LMonster;ZDLPlayer;LWorld;)V @ 51
Event: 16.680 Thread 0x00007fc3b3001000 Uncommon trap: reason=unstable_if action=reinterpret pc=0x000000010cc2dae0 method=Player.move(LWorld;DDDZ)V @ 133
Event: 27.455 Thread 0x00007fc3b3001000 Uncommon trap: reason=unstable_if action=reinterpret pc=0x000000010cc6ef74 method=org.newdawn.slick.Input.poll(II)V @ 1039
Event: 28.529 Thread 0x00007fc3b3001000 Uncommon trap: reason=unstable_if action=reinterpret pc=0x000000010cc35820 method=org.newdawn.slick.AppGameContainer.gameLoop()V @ 60

Internal exceptions (10 events):
Event: 0.035 Thread 0x00007fc3b3001000 Exception <a 'java/lang/NoSuchMethodError': Method sun.misc.Unsafe.defineClass(Ljava/lang/String;[BII)Ljava/lang/Class; name or signature does not match> (0x0000000795587c78) thrown at [/Users/java_re/workspace/8-2-build-macosx-x86_64/jdk8u102/7268/hotspo
Event: 0.035 Thread 0x00007fc3b3001000 Exception <a 'java/lang/NoSuchMethodError': Method sun.misc.Unsafe.prefetchRead(Ljava/lang/Object;J)V name or signature does not match> (0x0000000795587f60) thrown at [/Users/java_re/workspace/8-2-build-macosx-x86_64/jdk8u102/7268/hotspot/src/share/vm/pri
Event: 0.174 Thread 0x00007fc3b3001000 Exception <a 'java/security/PrivilegedActionException'> (0x00000007957ae8f8) thrown at [/Users/java_re/workspace/8-2-build-macosx-x86_64/jdk8u102/7268/hotspot/src/share/vm/prims/jvm.cpp, line 1386]
Event: 0.174 Thread 0x00007fc3b3001000 Exception <a 'java/security/PrivilegedActionException'> (0x00000007957aeb08) thrown at [/Users/java_re/workspace/8-2-build-macosx-x86_64/jdk8u102/7268/hotspot/src/share/vm/prims/jvm.cpp, line 1386]
Event: 0.174 Thread 0x00007fc3b3001000 Exception <a 'java/security/PrivilegedActionException'> (0x00000007957b1ff8) thrown at [/Users/java_re/workspace/8-2-build-macosx-x86_64/jdk8u102/7268/hotspot/src/share/vm/prims/jvm.cpp, line 1386]
Event: 0.174 Thread 0x00007fc3b3001000 Exception <a 'java/security/PrivilegedActionException'> (0x00000007957b2208) thrown at [/Users/java_re/workspace/8-2-build-macosx-x86_64/jdk8u102/7268/hotspot/src/share/vm/prims/jvm.cpp, line 1386]
Event: 0.251 Thread 0x00007fc3b3001000 Exception <a 'java/lang/NoSuchFieldError': method resolution failed> (0x000000079587f248) thrown at [/Users/java_re/workspace/8-2-build-macosx-x86_64/jdk8u102/7268/hotspot/src/share/vm/prims/methodHandles.cpp, line 1146]
Event: 0.254 Thread 0x00007fc3b3001000 Exception <a 'java/lang/NoSuchFieldError': method resolution failed> (0x000000079588c998) thrown at [/Users/java_re/workspace/8-2-build-macosx-x86_64/jdk8u102/7268/hotspot/src/share/vm/prims/methodHandles.cpp, line 1146]
Event: 0.507 Thread 0x00007fc3b3001000 Exception <a 'java/io/FileNotFoundException'> (0x0000000795907320) thrown at [/Users/java_re/workspace/8-2-build-macosx-x86_64/jdk8u102/7268/hotspot/src/share/vm/prims/jni.cpp, line 709]
Event: 0.507 Thread 0x00007fc3b3001000 Exception <a 'java/io/FileNotFoundException'> (0x0000000795907e80) thrown at [/Users/java_re/workspace/8-2-build-macosx-x86_64/jdk8u102/7268/hotspot/src/share/vm/prims/jni.cpp, line 709]

Events (10 events):
Event: 19.302 Executing VM operation: ParallelGCFailedAllocation
Event: 19.313 Executing VM operation: ParallelGCFailedAllocation done
Event: 27.455 Thread 0x00007fc3b3001000 Uncommon trap: trap_request=0xffffff65 fr.pc=0x000000010cc6ef74
Event: 27.455 Thread 0x00007fc3b3001000 DEOPT PACKING pc=0x000000010cc6ef74 sp=0x0000700000219770
Event: 27.455 Thread 0x00007fc3b3001000 DEOPT UNPACKING pc=0x000000010c7f2229 sp=0x0000700000219730 mode 2
Event: 28.529 Thread 0x00007fc3b3001000 Uncommon trap: trap_request=0xffffff65 fr.pc=0x000000010cc35820
Event: 28.529 Thread 0x00007fc3b3001000 DEOPT PACKING pc=0x000000010cc35820 sp=0x0000700000219840
Event: 28.529 Thread 0x00007fc3b3001000 DEOPT UNPACKING pc=0x000000010c7f2229 sp=0x0000700000219808 mode 2
Event: 28.531 loading class org/lwjgl/opengl/CallbackUtil
Event: 28.531 loading class org/lwjgl/opengl/CallbackUtil done


Dynamic libraries:
0x0000000001cc8000 	/System/Library/Frameworks/Cocoa.framework/Versions/A/Cocoa
0x0000000001cc8000 	/System/Library/Frameworks/Security.framework/Versions/A/Security
0x0000000001cc8000 	/System/Library/Frameworks/ApplicationServices.framework/Versions/A/ApplicationServices
0x0000000001cc8000 	/usr/lib/libz.1.dylib
0x0000000001cc8000 	/usr/lib/libSystem.B.dylib
0x0000000001cc8000 	/usr/lib/libobjc.A.dylib
0x0000000001cc8000 	/System/Library/Frameworks/CoreFoundation.framework/Versions/A/CoreFoundation
0x0000000001cc8000 	/System/Library/Frameworks/Foundation.framework/Versions/C/Foundation
0x0000000001cc8000 	/System/Library/Frameworks/AppKit.framework/Versions/C/AppKit
0x0000000001cc8000 	/System/Library/Frameworks/CoreData.framework/Versions/A/CoreData
0x0000000001cc8000 	/System/Library/PrivateFrameworks/RemoteViewServices.framework/Versions/A/RemoteViewServices
0x0000000001cc8000 	/System/Library/PrivateFrameworks/UIFoundation.framework/Versions/A/UIFoundation
0x0000000001cc8000 	/usr/lib/libScreenReader.dylib
0x0000000001cc8000 	/System/Library/Frameworks/Accelerate.framework/Versions/A/Accelerate
0x0000000001cc8000 	/System/Library/Frameworks/IOSurface.framework/Versions/A/IOSurface
0x0000000001cc8000 	/System/Library/Frameworks/AudioToolbox.framework/Versions/A/AudioToolbox
0x0000000001cc8000 	/System/Library/Frameworks/AudioUnit.framework/Versions/A/AudioUnit
0x0000000001cc8000 	/System/Library/PrivateFrameworks/DataDetectorsCore.framework/Versions/A/DataDetectorsCore
0x0000000001cc8000 	/System/Library/PrivateFrameworks/DesktopServicesPriv.framework/Versions/A/DesktopServicesPriv
0x0000000001cc8000 	/System/Library/Frameworks/Carbon.framework/Versions/A/Frameworks/HIToolbox.framework/Versions/A/HIToolbox
0x0000000001cc8000 	/System/Library/Frameworks/QuartzCore.framework/Versions/A/QuartzCore
0x0000000001cc8000 	/System/Library/Frameworks/Carbon.framework/Versions/A/Frameworks/SpeechRecognition.framework/Versions/A/SpeechRecognition
0x0000000001cc8000 	/usr/lib/libauto.dylib
0x0000000001cc8000 	/usr/lib/libicucore.A.dylib
0x0000000001cc8000 	/usr/lib/libxml2.2.dylib
0x0000000001cc8000 	/System/Library/PrivateFrameworks/CoreUI.framework/Versions/A/CoreUI
0x0000000001cc8000 	/System/Library/Frameworks/CoreAudio.framework/Versions/A/CoreAudio
0x0000000001cc8000 	/System/Library/Frameworks/DiskArbitration.framework/Versions/A/DiskArbitration
0x0000000001cc8000 	/usr/lib/liblangid.dylib
0x0000000001cc8000 	/System/Library/PrivateFrameworks/MultitouchSupport.framework/Versions/A/MultitouchSupport
0x0000000001cc8000 	/System/Library/Frameworks/IOKit.framework/Versions/A/IOKit
0x0000000001cc8000 	/usr/lib/libDiagnosticMessagesClient.dylib
0x0000000001cc8000 	/System/Library/Frameworks/CoreServices.framework/Versions/A/CoreServices
0x0000000001cc8000 	/System/Library/PrivateFrameworks/PerformanceAnalysis.framework/Versions/A/PerformanceAnalysis
0x0000000001cc8000 	/System/Library/PrivateFrameworks/GenerationalStorage.framework/Versions/A/GenerationalStorage
0x0000000001cc8000 	/System/Library/Frameworks/OpenGL.framework/Versions/A/OpenGL
0x0000000001cc8000 	/System/Library/PrivateFrameworks/Sharing.framework/Versions/A/Sharing
0x0000000001cc8000 	/System/Library/Frameworks/CoreGraphics.framework/Versions/A/CoreGraphics
0x0000000001cc8000 	/System/Library/Frameworks/CoreImage.framework/Versions/A/CoreImage
0x0000000001cc8000 	/System/Library/Frameworks/CoreText.framework/Versions/A/CoreText
0x0000000001cc8000 	/System/Library/Frameworks/ImageIO.framework/Versions/A/ImageIO
0x0000000001cc8000 	/System/Library/PrivateFrameworks/Backup.framework/Versions/A/Backup
0x0000000001cc8000 	/usr/lib/libextension.dylib
0x0000000001cc8000 	/usr/lib/libarchive.2.dylib
0x0000000001cc8000 	/System/Library/Frameworks/CFNetwork.framework/Versions/A/CFNetwork
0x0000000001cc8000 	/System/Library/Frameworks/SystemConfiguration.framework/Versions/A/SystemConfiguration
0x0000000001cc8000 	/usr/lib/libCRFSuite.dylib
0x0000000001cc8000 	/usr/lib/libc++.1.dylib
0x0000000001cc8000 	/usr/lib/libc++abi.dylib
0x0000000001cc8000 	/usr/lib/system/libcache.dylib
0x0000000001cc8000 	/usr/lib/system/libcommonCrypto.dylib
0x0000000001cc8000 	/usr/lib/system/libcompiler_rt.dylib
0x0000000001cc8000 	/usr/lib/system/libcopyfile.dylib
0x0000000001cc8000 	/usr/lib/system/libcorecrypto.dylib
0x0000000001cc8000 	/usr/lib/system/libdispatch.dylib
0x0000000001cc8000 	/usr/lib/system/libdyld.dylib
0x0000000001cc8000 	/usr/lib/system/libkeymgr.dylib
0x0000000001cc8000 	/usr/lib/system/liblaunch.dylib
0x0000000001cc8000 	/usr/lib/system/libmacho.dylib
0x0000000001cc8000 	/usr/lib/system/libquarantine.dylib
0x0000000001cc8000 	/usr/lib/system/libremovefile.dylib
0x0000000001cc8000 	/usr/lib/system/libsystem_asl.dylib
0x0000000001cc8000 	/usr/lib/system/libsystem_blocks.dylib
0x0000000001cc8000 	/usr/lib/system/libsystem_c.dylib
0x0000000001cc8000 	/usr/lib/system/libsystem_configuration.dylib
0x0000000001cc8000 	/usr/lib/system/libsystem_coreservices.dylib
0x0000000001cc8000 	/usr/lib/system/libsystem_coretls.dylib
0x0000000001cc8000 	/usr/lib/system/libsystem_dnssd.dylib
0x0000000001cc8000 	/usr/lib/system/libsystem_info.dylib
0x0000000001cc8000 	/usr/lib/system/libsystem_kernel.dylib
0x0000000001cc8000 	/usr/lib/system/libsystem_m.dylib
0x0000000001cc8000 	/usr/lib/system/libsystem_malloc.dylib
0x0000000001cc8000 	/usr/lib/system/libsystem_network.dylib
0x0000000001cc8000 	/usr/lib/system/libsystem_networkextension.dylib
0x0000000001cc8000 	/usr/lib/system/libsystem_notify.dylib
0x0000000001cc8000 	/usr/lib/system/libsystem_platform.dylib
0x0000000001cc8000 	/usr/lib/system/libsystem_pthread.dylib
0x0000000001cc8000 	/usr/lib/system/libsystem_sandbox.dylib
0x0000000001cc8000 	/usr/lib/system/libsystem_secinit.dylib
0x0000000001cc8000 	/usr/lib/system/libsystem_trace.dylib
0x0000000001cc8000 	/usr/lib/system/libunc.dylib
0x0000000001cc8000 	/usr/lib/system/libunwind.dylib
0x0000000001cc8000 	/usr/lib/system/libxpc.dylib
0x0000000001cc8000 	/usr/lib/libenergytrace.dylib
0x0000000001cc8000 	/usr/lib/libbsm.0.dylib
0x0000000001cc8000 	/usr/lib/system/libkxld.dylib
0x0000000001cc8000 	/usr/lib/libxar.1.dylib
0x0000000001cc8000 	/usr/lib/libsqlite3.dylib
0x0000000001cc8000 	/usr/lib/libpam.2.dylib
0x0000000001cc8000 	/usr/lib/libOpenScriptingUtil.dylib
0x0000000001cc8000 	/usr/lib/libbz2.1.0.dylib
0x0000000001cc8000 	/usr/lib/liblzma.5.dylib
0x0000000001cc8000 	/System/Library/Frameworks/CoreServices.framework/Versions/A/Frameworks/FSEvents.framework/Versions/A/FSEvents
0x0000000001cc8000 	/System/Library/Frameworks/CoreServices.framework/Versions/A/Frameworks/CarbonCore.framework/Versions/A/CarbonCore
0x0000000001cc8000 	/System/Library/Frameworks/CoreServices.framework/Versions/A/Frameworks/Metadata.framework/Versions/A/Metadata
0x0000000001cc8000 	/System/Library/Frameworks/CoreServices.framework/Versions/A/Frameworks/OSServices.framework/Versions/A/OSServices
0x0000000001cc8000 	/System/Library/Frameworks/CoreServices.framework/Versions/A/Frameworks/SearchKit.framework/Versions/A/SearchKit
0x0000000001cc8000 	/System/Library/Frameworks/CoreServices.framework/Versions/A/Frameworks/AE.framework/Versions/A/AE
0x0000000001cc8000 	/System/Library/Frameworks/CoreServices.framework/Versions/A/Frameworks/LaunchServices.framework/Versions/A/LaunchServices
0x0000000001cc8000 	/System/Library/Frameworks/CoreServices.framework/Versions/A/Frameworks/DictionaryServices.framework/Versions/A/DictionaryServices
0x0000000001cc8000 	/System/Library/Frameworks/CoreServices.framework/Versions/A/Frameworks/SharedFileList.framework/Versions/A/SharedFileList
0x0000000001cc8000 	/System/Library/Frameworks/NetFS.framework/Versions/A/NetFS
0x0000000001cc8000 	/System/Library/PrivateFrameworks/NetAuth.framework/Versions/A/NetAuth
0x0000000001cc8000 	/System/Library/PrivateFrameworks/login.framework/Versions/A/Frameworks/loginsupport.framework/Versions/A/loginsupport
0x0000000001cc8000 	/System/Library/PrivateFrameworks/TCC.framework/Versions/A/TCC
0x0000000001cc8000 	/usr/lib/libmecabra.dylib
0x0000000001cc8000 	/System/Library/Frameworks/ApplicationServices.framework/Versions/A/Frameworks/ATS.framework/Versions/A/ATS
0x0000000001cc8000 	/System/Library/Frameworks/ApplicationServices.framework/Versions/A/Frameworks/ColorSync.framework/Versions/A/ColorSync
0x0000000001cc8000 	/System/Library/Frameworks/ApplicationServices.framework/Versions/A/Frameworks/HIServices.framework/Versions/A/HIServices
0x0000000001cc8000 	/System/Library/Frameworks/ApplicationServices.framework/Versions/A/Frameworks/LangAnalysis.framework/Versions/A/LangAnalysis
0x0000000001cc8000 	/System/Library/Frameworks/ApplicationServices.framework/Versions/A/Frameworks/PrintCore.framework/Versions/A/PrintCore
0x0000000001cc8000 	/System/Library/Frameworks/ApplicationServices.framework/Versions/A/Frameworks/QD.framework/Versions/A/QD
0x0000000001cc8000 	/System/Library/Frameworks/ApplicationServices.framework/Versions/A/Frameworks/SpeechSynthesis.framework/Versions/A/SpeechSynthesis
0x0000000001cc8000 	/System/Library/Frameworks/Metal.framework/Versions/A/Metal
0x0000000001cc8000 	/System/Library/Frameworks/Accelerate.framework/Versions/A/Frameworks/vImage.framework/Versions/A/vImage
0x0000000001cc8000 	/System/Library/Frameworks/Accelerate.framework/Versions/A/Frameworks/vecLib.framework/Versions/A/vecLib
0x0000000001cc8000 	/System/Library/Frameworks/Accelerate.framework/Versions/A/Frameworks/vecLib.framework/Versions/A/libvDSP.dylib
0x0000000001cc8000 	/System/Library/Frameworks/Accelerate.framework/Versions/A/Frameworks/vecLib.framework/Versions/A/libvMisc.dylib
0x0000000001cc8000 	/System/Library/Frameworks/Accelerate.framework/Versions/A/Frameworks/vecLib.framework/Versions/A/libLAPACK.dylib
0x0000000001cc8000 	/System/Library/Frameworks/Accelerate.framework/Versions/A/Frameworks/vecLib.framework/Versions/A/libBLAS.dylib
0x0000000001cc8000 	/System/Library/Frameworks/Accelerate.framework/Versions/A/Frameworks/vecLib.framework/Versions/A/libLinearAlgebra.dylib
0x0000000001cc8000 	/System/Library/Frameworks/Accelerate.framework/Versions/A/Frameworks/vecLib.framework/Versions/A/libSparseBLAS.dylib
0x0000000001cc8000 	/System/Library/PrivateFrameworks/GPUCompiler.framework/libmetal_timestamp.dylib
0x0000000001cc8000 	/System/Library/Frameworks/OpenGL.framework/Versions/A/Libraries/libCoreFSCache.dylib
0x0000000001cc8000 	/System/Library/PrivateFrameworks/IOAccelerator.framework/Versions/A/IOAccelerator
0x0000000001cc8000 	/System/Library/Frameworks/ApplicationServices.framework/Versions/A/Frameworks/ATS.framework/Versions/A/Resources/libFontParser.dylib
0x0000000001cc8000 	/System/Library/Frameworks/ApplicationServices.framework/Versions/A/Frameworks/ATS.framework/Versions/A/Resources/libFontRegistry.dylib
0x0000000001cc8000 	/System/Library/PrivateFrameworks/AppleVPA.framework/Versions/A/AppleVPA
0x0000000001cc8000 	/System/Library/PrivateFrameworks/AppleJPEG.framework/Versions/A/AppleJPEG
0x0000000001cc8000 	/System/Library/Frameworks/ImageIO.framework/Versions/A/Resources/libJPEG.dylib
0x0000000001cc8000 	/System/Library/Frameworks/ImageIO.framework/Versions/A/Resources/libTIFF.dylib
0x0000000001cc8000 	/System/Library/Frameworks/ImageIO.framework/Versions/A/Resources/libPng.dylib
0x0000000001cc8000 	/System/Library/Frameworks/ImageIO.framework/Versions/A/Resources/libGIF.dylib
0x0000000001cc8000 	/System/Library/Frameworks/ImageIO.framework/Versions/A/Resources/libJP2.dylib
0x0000000001cc8000 	/System/Library/Frameworks/ImageIO.framework/Versions/A/Resources/libRadiance.dylib
0x0000000001cc8000 	/System/Library/Frameworks/CoreVideo.framework/Versions/A/CoreVideo
0x0000000001cc8000 	/System/Library/Frameworks/OpenGL.framework/Versions/A/Libraries/libGLU.dylib
0x0000000001cc8000 	/System/Library/Frameworks/OpenGL.framework/Versions/A/Libraries/libGFXShared.dylib
0x0000000001cc8000 	/System/Library/Frameworks/OpenGL.framework/Versions/A/Libraries/libGL.dylib
0x0000000001cc8000 	/System/Library/Frameworks/OpenGL.framework/Versions/A/Libraries/libGLImage.dylib
0x0000000001cc8000 	/System/Library/Frameworks/OpenGL.framework/Versions/A/Libraries/libCVMSPluginSupport.dylib
0x0000000001cc8000 	/System/Library/Frameworks/OpenGL.framework/Versions/A/Libraries/libCoreVMClient.dylib
0x0000000001cc8000 	/usr/lib/libcompression.dylib
0x0000000001cc8000 	/usr/lib/libcups.2.dylib
0x0000000001cc8000 	/System/Library/Frameworks/Kerberos.framework/Versions/A/Kerberos
0x0000000001cc8000 	/System/Library/Frameworks/GSS.framework/Versions/A/GSS
0x0000000001cc8000 	/usr/lib/libresolv.9.dylib
0x0000000001cc8000 	/usr/lib/libiconv.2.dylib
0x0000000001cc8000 	/System/Library/PrivateFrameworks/Heimdal.framework/Versions/A/Heimdal
0x0000000001cc8000 	/usr/lib/libheimdal-asn1.dylib
0x0000000001cc8000 	/System/Library/Frameworks/OpenDirectory.framework/Versions/A/OpenDirectory
0x0000000001cc8000 	/System/Library/PrivateFrameworks/CommonAuth.framework/Versions/A/CommonAuth
0x0000000001cc8000 	/System/Library/Frameworks/OpenDirectory.framework/Versions/A/Frameworks/CFOpenDirectory.framework/Versions/A/CFOpenDirectory
0x0000000001cc8000 	/System/Library/Frameworks/SecurityFoundation.framework/Versions/A/SecurityFoundation
0x0000000001cc8000 	/System/Library/PrivateFrameworks/LanguageModeling.framework/Versions/A/LanguageModeling
0x0000000001cc8000 	/usr/lib/libmarisa.dylib
0x0000000001cc8000 	/usr/lib/libChineseTokenizer.dylib
0x0000000001cc8000 	/usr/lib/libcmph.dylib
0x0000000001cc8000 	/System/Library/Frameworks/ServiceManagement.framework/Versions/A/ServiceManagement
0x0000000001cc8000 	/usr/lib/libxslt.1.dylib
0x0000000001cc8000 	/System/Library/Frameworks/Carbon.framework/Versions/A/Frameworks/Ink.framework/Versions/A/Ink
0x0000000001cc8000 	/usr/lib/libFosl_dynamic.dylib
0x0000000001cc8000 	/System/Library/PrivateFrameworks/FaceCore.framework/Versions/A/FaceCore
0x0000000001cc8000 	/System/Library/Frameworks/OpenCL.framework/Versions/A/OpenCL
0x0000000001cc8000 	/System/Library/PrivateFrameworks/CrashReporterSupport.framework/Versions/A/CrashReporterSupport
0x0000000001cc8000 	/System/Library/PrivateFrameworks/IconServices.framework/Versions/A/IconServices
0x0000000001cc8000 	/System/Library/PrivateFrameworks/Apple80211.framework/Versions/A/Apple80211
0x0000000001cc8000 	/System/Library/Frameworks/CoreWLAN.framework/Versions/A/CoreWLAN
0x0000000001cc8000 	/System/Library/Frameworks/IOBluetooth.framework/Versions/A/IOBluetooth
0x0000000001cc8000 	/System/Library/PrivateFrameworks/CoreWiFi.framework/Versions/A/CoreWiFi
0x0000000001cc8000 	/System/Library/Frameworks/CoreBluetooth.framework/Versions/A/CoreBluetooth
0x0000000001cc8000 	/System/Library/PrivateFrameworks/ChunkingLibrary.framework/Versions/A/ChunkingLibrary
0x0000000001cc8000 	/System/Library/PrivateFrameworks/DebugSymbols.framework/Versions/A/DebugSymbols
0x0000000001cc8000 	/System/Library/PrivateFrameworks/CoreSymbolication.framework/Versions/A/CoreSymbolication
0x0000000001cc8000 	/System/Library/PrivateFrameworks/Symbolication.framework/Versions/A/Symbolication
0x0000000001cc8000 	/System/Library/PrivateFrameworks/SpeechRecognitionCore.framework/Versions/A/SpeechRecognitionCore
0x000000010b800000 	/Library/Java/JavaVirtualMachines/jdk1.8.0_102.jdk/Contents/Home/jre/lib/server/libjvm.dylib
0x0000000001cc8000 	/usr/lib/libstdc++.6.dylib
0x000000010c7a1000 	/Library/Java/JavaVirtualMachines/jdk1.8.0_102.jdk/Contents/Home/jre/lib/libverify.dylib
0x000000010c7af000 	/Library/Java/JavaVirtualMachines/jdk1.8.0_102.jdk/Contents/Home/jre/lib/libjava.dylib
0x000000010c7e4000 	/Library/Java/JavaVirtualMachines/jdk1.8.0_102.jdk/Contents/Home/jre/lib/libzip.dylib
0x0000000122150000 	/System/Library/Frameworks/JavaVM.framework/Frameworks/JavaRuntimeSupport.framework/JavaRuntimeSupport
0x000000012216b000 	/System/Library/Frameworks/JavaVM.framework/Versions/A/Frameworks/JavaNativeFoundation.framework/Versions/A/JavaNativeFoundation
0x0000000122180000 	/System/Library/Frameworks/JavaVM.framework/Versions/A/JavaVM
0x0000000001cc8000 	/System/Library/Frameworks/Carbon.framework/Versions/A/Carbon
0x000000012218d000 	/System/Library/PrivateFrameworks/JavaLaunching.framework/Versions/A/JavaLaunching
0x0000000001cc8000 	/System/Library/Frameworks/Carbon.framework/Versions/A/Frameworks/CommonPanels.framework/Versions/A/CommonPanels
0x0000000001cc8000 	/System/Library/Frameworks/Carbon.framework/Versions/A/Frameworks/Help.framework/Versions/A/Help
0x0000000001cc8000 	/System/Library/Frameworks/Carbon.framework/Versions/A/Frameworks/ImageCapture.framework/Versions/A/ImageCapture
0x0000000001cc8000 	/System/Library/Frameworks/Carbon.framework/Versions/A/Frameworks/OpenScripting.framework/Versions/A/OpenScripting
0x0000000001cc8000 	/System/Library/Frameworks/Carbon.framework/Versions/A/Frameworks/Print.framework/Versions/A/Print
0x0000000001cc8000 	/System/Library/Frameworks/Carbon.framework/Versions/A/Frameworks/SecurityHI.framework/Versions/A/SecurityHI
0x0000000123ad0000 	/Library/Java/JavaVirtualMachines/jdk1.8.0_102.jdk/Contents/Home/jre/lib/libawt.dylib
0x0000000123b78000 	/Library/Java/JavaVirtualMachines/jdk1.8.0_102.jdk/Contents/Home/jre/lib/./libmlib_image.dylib
0x0000000123c44000 	/Library/Java/JavaVirtualMachines/jdk1.8.0_102.jdk/Contents/Home/jre/lib/libawt_lwawt.dylib
0x0000000123cf9000 	/Library/Java/JavaVirtualMachines/jdk1.8.0_102.jdk/Contents/Home/jre/lib/./libosxapp.dylib
0x0000000001cc8000 	/System/Library/Frameworks/ExceptionHandling.framework/Versions/A/ExceptionHandling
0x0000000001cc8000 	/System/Library/PrivateFrameworks/CoreServicesInternal.framework/Versions/A/CoreServicesInternal
0x0000000124ce1000 	/System/Library/Frameworks/CoreGraphics.framework/Versions/A/Resources/libRIP.A.dylib
0x0000000001cc8000 	/System/Library/Frameworks/Accelerate.framework/Versions/A/Frameworks/vImage.framework/Versions/A/Libraries/libCGInterfaces.dylib
0x000000012503d000 	/System/Library/Frameworks/CoreGraphics.framework/Versions/A/Resources/libCGXType.A.dylib
0x0000000001cc8000 	/System/Library/Frameworks/OpenCL.framework/Versions/A/Libraries/libcldcpuengine.dylib
0x0000000001cc8000 	/System/Library/PrivateFrameworks/DiskImages.framework/Versions/A/DiskImages
0x0000000001cc8000 	/System/Library/Frameworks/DiscRecording.framework/Versions/A/DiscRecording
0x0000000001cc8000 	/usr/lib/libcsfde.dylib
0x0000000001cc8000 	/usr/lib/libcurl.4.dylib
0x0000000001cc8000 	/System/Library/PrivateFrameworks/MediaKit.framework/Versions/A/MediaKit
0x0000000001cc8000 	/System/Library/PrivateFrameworks/ProtectedCloudStorage.framework/Versions/A/ProtectedCloudStorage
0x0000000001cc8000 	/usr/lib/libCoreStorage.dylib
0x0000000001cc8000 	/System/Library/PrivateFrameworks/EFILogin.framework/Versions/A/EFILogin
0x0000000001cc8000 	/usr/lib/libutil.dylib
0x0000000001cc8000 	/System/Library/PrivateFrameworks/FindMyDevice.framework/Versions/A/FindMyDevice
0x0000000001cc8000 	/System/Library/Frameworks/LDAP.framework/Versions/A/LDAP
0x0000000001cc8000 	/usr/lib/libsasl2.2.dylib
0x0000000001cc8000 	/System/Library/PrivateFrameworks/CoreDaemon.framework/Versions/B/CoreDaemon
0x0000000001cc8000 	/usr/lib/libcrypto.0.9.8.dylib
0x0000000001cc8000 	/System/Library/PrivateFrameworks/AppleSRP.framework/Versions/A/AppleSRP
0x0000000001cc8000 	/System/Library/PrivateFrameworks/TrustEvaluationAgent.framework/Versions/A/TrustEvaluationAgent
0x0000000125b08000 	cl_kernels
0x0000000001cc8000 	/System/Library/Frameworks/OpenCL.framework/Versions/A/Libraries/ImageFormats/unorm8_bgra.dylib
0x0000000001cc8000 	/System/Library/Frameworks/OpenCL.framework/Versions/A/Libraries/ImageFormats/unorm8_rgba.dylib
0x0000000001cc8000 	/System/Library/PrivateFrameworks/FamilyControls.framework/Versions/A/FamilyControls
0x0000000001cc8000 	/System/Library/PrivateFrameworks/CommerceKit.framework/Versions/A/Frameworks/CommerceCore.framework/Versions/A/CommerceCore
0x0000000001cc8000 	/System/Library/PrivateFrameworks/SystemAdministration.framework/Versions/A/SystemAdministration
0x0000000001cc8000 	/System/Library/PrivateFrameworks/AppContainer.framework/Versions/A/AppContainer
0x0000000001cc8000 	/System/Library/PrivateFrameworks/SecCodeWrapper.framework/Versions/A/SecCodeWrapper
0x0000000001cc8000 	/System/Library/Frameworks/DirectoryService.framework/Versions/A/DirectoryService
0x0000000001cc8000 	/System/Library/PrivateFrameworks/LoginUIKit.framework/Versions/A/Frameworks/LoginUICore.framework/Versions/A/LoginUICore
0x0000000001cc8000 	/usr/lib/libodfde.dylib
0x0000000126be3000 	/Library/Java/JavaVirtualMachines/jdk1.8.0_102.jdk/Contents/Home/jre/lib/libfontmanager.dylib
0x0000000126c4a000 	/Users/Reny/Documents/SWEN20003/workshop/week5/slick_home/mulit_platform_slick_libraries/liblwjgl.dylib
0x0000000124f00000 	/Library/Java/JavaVirtualMachines/jdk1.8.0_102.jdk/Contents/Home/jre/lib/libjawt.dylib
0x0000000001cc8000 	/System/Library/Frameworks/OpenGL.framework/Versions/A/Resources/GLEngine.bundle/GLEngine
0x0000000001cc8000 	/System/Library/Frameworks/OpenGL.framework/Versions/A/Libraries/libGLProgrammability.dylib
0x0000000126ccc000 	/System/Library/Extensions/AppleIntelBDWGraphicsGLDriver.bundle/Contents/MacOS/AppleIntelBDWGraphicsGLDriver
0x0000000001cc8000 	/System/Library/PrivateFrameworks/GPUSupport.framework/Versions/A/Libraries/libGPUSupportMercury.dylib
0x0000000001cc8000 	/System/Library/Frameworks/OpenGL.framework/Versions/A/Resources/GLRendererFloat.bundle/GLRendererFloat
0x0000000125afb000 	/Users/Reny/Documents/SWEN20003/workshop/week5/slick_home/mulit_platform_slick_libraries/libjinput-osx.dylib
0x0000000128cb6000 	/System/Library/Extensions/IOHIDFamily.kext/Contents/PlugIns/IOHIDLib.plugin/Contents/MacOS/IOHIDLib
0x0000000128ce3000 	/Library/Java/JavaVirtualMachines/jdk1.8.0_102.jdk/Contents/Home/jre/lib/libnio.dylib
0x0000000128cf3000 	/Library/Java/JavaVirtualMachines/jdk1.8.0_102.jdk/Contents/Home/jre/lib/./libnet.dylib

VM Arguments:
jvm_args: -Djava.library.path=/Users/Reny/Documents/SWEN20003/workshop/week5/slick_home/mulit_platform_slick_libraries -Dfile.encoding=UTF-8 
java_command: RPG
java_class_path (initial): /Users/Reny/Documents/SWEN20003/ooproject2/FunGame2/bin:/Users/Reny/Documents/SWEN20003/ooproject2/FunGame2/lib/jinput.jar:/Users/Reny/Documents/SWEN20003/ooproject2/FunGame2/lib/lwjgl.jar:/Users/Reny/Documents/SWEN20003/ooproject2/FunGame2/lib/slick.jar
Launcher Type: SUN_STANDARD

Environment Variables:
PATH=/usr/bin:/bin:/usr/sbin:/sbin
SHELL=/bin/bash

Signal Handlers:
SIGSEGV: [libjvm.dylib+0x5b0579], sa_mask[0]=11111111011111110111111111111111, sa_flags=SA_ONSTACK|SA_RESTART|SA_SIGINFO
SIGBUS: [libjvm.dylib+0x5b0579], sa_mask[0]=11111111011111110111111111111111, sa_flags=SA_RESTART|SA_SIGINFO
SIGFPE: [libjvm.dylib+0x4874e4], sa_mask[0]=11111111011111110111111111111111, sa_flags=SA_RESTART|SA_SIGINFO
SIGPIPE: [libjvm.dylib+0x4874e4], sa_mask[0]=11111111011111110111111111111111, sa_flags=SA_RESTART|SA_SIGINFO
SIGXFSZ: [libjvm.dylib+0x4874e4], sa_mask[0]=11111111011111110111111111111111, sa_flags=SA_RESTART|SA_SIGINFO
SIGILL: [libjvm.dylib+0x4874e4], sa_mask[0]=11111111011111110111111111111111, sa_flags=SA_RESTART|SA_SIGINFO
SIGUSR1: SIG_DFL, sa_mask[0]=00000000000000000000000000000000, sa_flags=none
SIGUSR2: [libjvm.dylib+0x487002], sa_mask[0]=00100000000000000000000000000000, sa_flags=SA_RESTART|SA_SIGINFO
SIGHUP: [libjvm.dylib+0x4855d9], sa_mask[0]=11111111011111110111111111111111, sa_flags=SA_RESTART|SA_SIGINFO
SIGINT: [libjvm.dylib+0x4855d9], sa_mask[0]=11111111011111110111111111111111, sa_flags=SA_RESTART|SA_SIGINFO
SIGTERM: [libjvm.dylib+0x4855d9], sa_mask[0]=11111111011111110111111111111111, sa_flags=SA_RESTART|SA_SIGINFO
SIGQUIT: [libjvm.dylib+0x4855d9], sa_mask[0]=11111111011111110111111111111111, sa_flags=SA_RESTART|SA_SIGINFO


---------------  S Y S T E M  ---------------

OS:Bsduname:Darwin 15.6.0 Darwin Kernel Version 15.6.0: Mon Aug 29 20:21:34 PDT 2016; root:xnu-3248.60.11~1/RELEASE_X86_64 x86_64
rlimit: STACK 8192k, CORE 0k, NPROC 709, NOFILE 10240, AS infinity
load average:1.94 1.81 1.65

CPU:total 4 (2 cores per cpu, 2 threads per core) family 6 model 61 stepping 4, cmov, cx8, fxsr, mmx, sse, sse2, sse3, ssse3, sse4.1, sse4.2, popcnt, avx, avx2, aes, clmul, erms, 3dnowpref, lzcnt, ht, tsc, tscinvbit, bmi1, bmi2, adx

Memory: 4k page, physical 8388608k(617920k free)

/proc/meminfo:


vm_info: Java HotSpot(TM) 64-Bit Server VM (25.102-b14) for bsd-amd64 JRE (1.8.0_102-b14), built on Jun 22 2016 11:42:36 by "java_re" with gcc 4.2.1 (Based on Apple Inc. build 5658) (LLVM build 2336.11.00)

time: Tue Oct  4 13:55:03 2016
elapsed time: 28 seconds (0d 0h 0m 28s)

