#
# A fatal error has been detected by the Java Runtime Environment:
#
#  SIGSEGV (0xb) at pc=0x00007fff81eae4dd, pid=17568, tid=0x0000000000000a0b
#
# JRE version: Java(TM) SE Runtime Environment (8.0_102-b14) (build 1.8.0_102-b14)
# Java VM: Java HotSpot(TM) 64-Bit Server VM (25.102-b14 mixed mode bsd-amd64 compressed oops)
# Problematic frame:
# C  [libobjc.A.dylib+0x14dd]  objc_msgSend+0x1d
#
# Failed to write core dump. Core dumps have been disabled. To enable core dumping, try "ulimit -c unlimited" before starting Java again
#
# If you would like to submit a bug report, please visit:
#   http://bugreport.java.com/bugreport/crash.jsp
# The crash happened outside the Java Virtual Machine in native code.
# See problematic frame for where to report the bug.
#

---------------  T H R E A D  ---------------

Current thread (0x00007f8c62111800):  JavaThread "AppKit Thread" daemon [_thread_in_native, id=2571, stack(0x00007fff5eb3a000,0x00007fff5f33a000)]

siginfo: si_signo: 11 (SIGSEGV), si_code: 1 (SEGV_MAPERR), si_addr: 0x0000437700010028

Registers:
RAX=0x00007f8c6078e2b0, RBX=0x00007fff5f335088, RCX=0x00007f8c60717198, RDX=0x00007f8c60629580
RSP=0x00007fff5f335048, RBP=0x00007fff5f335050, RSI=0x00007fff84f4f84a, RDI=0x00007f8c6078e2b0
R8 =0x000000000000001f, R9 =0x00007f8c607f8ae0, R10=0x00007fff84f4f84a, R11=0x0000437700010010
R12=0x00007f8c60629580, R13=0x00007f8c607f8ae0, R14=0x00007f8c60717190, R15=0x0000000000000000
RIP=0x00007fff81eae4dd, EFLAGS=0x0000000000010202, ERR=0x0000000000000004
  TRAPNO=0x000000000000000e

Top of Stack: (sp=0x00007fff5f335048)
0x00007fff5f335048:   00007fff95760bbc 00007fff5f335070
0x00007fff5f335058:   00007fff95760b4f 0000000000000000
0x00007fff5f335068:   0000000000000000 00007fff5f3350e0
0x00007fff5f335078:   00007fff95760ac7 00007fff5f3350b0
0x00007fff5f335088:   00007fff741b60a0 0000000042000000
0x00007fff5f335098:   00007fff95760b10 00007fff7527d720
0x00007fff5f3350a8:   00007f8c607f8ae0 00007f8c60629580
0x00007fff5f3350b8:   00007fff5f335888 00007fff753aa780
0x00007fff5f3350c8:   00007fff5f335888 00007f8c607f8ae0
0x00007fff5f3350d8:   00007fff95b209e2 00007fff5f335120
0x00007fff5f3350e8:   00007fff95760832 00007fff5f335700
0x00007fff5f3350f8:   0000000000000001 00007fff753aa780
0x00007fff5f335108:   00007fff5f335888 00007fff81eae4c0
0x00007fff5f335118:   00007fff95b209e2 00007fff5f335830
0x00007fff5f335128:   00007fff9571d5e2 00007f8c6076d6c0
0x00007fff5f335138:   ffff80739f892940 00007fff71e32d00
0x00007fff5f335148:   00007f8c6070eff0 00007f8c608090b8
0x00007fff5f335158:   00007f8c60544e00 0000000000000000
0x00007fff5f335168:   0000000000000000 0000000000000000
0x00007fff5f335178:   00007f8c604834e0 00007fff752babc0
0x00007fff5f335188:   00007fff5f335700 0000000000000002
0x00007fff5f335198:   0000000000000100 00007fff5f335100
0x00007fff5f3351a8:   00007fff5f335600 0000000000000000
0x00007fff5f3351b8:   0000000000000100 00007fff5f335200
0x00007fff5f3351c8:   00007fff753aa780 0000000000000000
0x00007fff5f3351d8:   00007fff7527e500 00007fff753aa780
0x00007fff5f3351e8:   0000000000000000 00007fff7527e500
0x00007fff5f3351f8:   00007fff71e32d00 00007fff5f335270
0x00007fff5f335208:   00007fff81eb52a4 0000000000000000
0x00007fff5f335218:   00007fff71e33f90 0000000100000000
0x00007fff5f335228:   0000000000000000 ffff80739faced40
0x00007fff5f335238:   00007f8c60786e20 00007f8c60786f40 

Instructions: (pc=0x00007fff81eae4dd)
0x00007fff81eae4bd:   44 00 00 48 85 ff 2e 74 62 40 f6 c7 01 2e 75 66
0x00007fff81eae4cd:   49 bb f8 ff ff ff ff 7f 00 00 4c 23 1f 49 89 f2
0x00007fff81eae4dd:   45 23 53 18 49 c1 e2 04 4d 03 53 10 49 3b 32 75
0x00007fff81eae4ed:   04 41 ff 62 08 49 83 3a 01 76 0d 49 83 c2 10 49 

Register to memory mapping:

RAX=0x00007f8c6078e2b0 is an unknown value
RBX=0x00007fff5f335088 is pointing into the stack for thread: 0x00007f8c62111800
RCX=0x00007f8c60717198 is an unknown value
RDX=0x00007f8c60629580 is an unknown value
RSP=0x00007fff5f335048 is pointing into the stack for thread: 0x00007f8c62111800
RBP=0x00007fff5f335050 is pointing into the stack for thread: 0x00007f8c62111800
RSI=0x00007fff84f4f84a: -[NSTitlebarContainerView transparent]+0x63088 in /System/Library/Frameworks/AppKit.framework/Versions/C/AppKit at 0x00007fff844c2000
RDI=0x00007f8c6078e2b0 is an unknown value
R8 =0x000000000000001f is an unknown value
R9 =0x00007f8c607f8ae0 is an unknown value
R10=0x00007fff84f4f84a: -[NSTitlebarContainerView transparent]+0x63088 in /System/Library/Frameworks/AppKit.framework/Versions/C/AppKit at 0x00007fff844c2000
R11=0x0000437700010010 is an unknown value
R12=0x00007f8c60629580 is an unknown value
R13=0x00007f8c607f8ae0 is an unknown value
R14=0x00007f8c60717190 is an unknown value
R15=0x0000000000000000 is an unknown value


Stack: [0x00007fff5eb3a000,0x00007fff5f33a000],  sp=0x00007fff5f335048,  free space=8172k
Native frames: (J=compiled Java code, j=interpreted, Vv=VM code, C=native code)
C  [libobjc.A.dylib+0x14dd]  objc_msgSend+0x1d
C  [CoreFoundation+0xa0b4f]  ___CFXRegistrationPost_block_invoke+0x3f
C  [CoreFoundation+0xa0ac7]  _CFXRegistrationPost+0x197
C  [CoreFoundation+0xa0832]  ___CFXNotificationPost_block_invoke+0x32
C  [CoreFoundation+0x5d5e2]  -[_CFXNotificationRegistrar find:object:observer:enumerator:]+0x782
C  [CoreFoundation+0x5c835]  _CFXNotificationPost+0x2b5
C  [Foundation+0x717a]  -[NSNotificationCenter postNotificationName:object:userInfo:]+0x42
C  [AppKit+0x26526e]  -[NSSurface _disposeSurface]+0xa9
C  [AppKit+0x264cc7]  -[NSSurface setWindow:]+0x42
C  [AppKit+0x28ba7]  -[NSView _setWindow:]+0x9be
C  [AppKit+0x2b993]  -[NSView removeFromSuperview]+0x1d7
C  [AppKit+0x155c7b]  -[NSView removeFromSuperviewWithoutNeedingDisplay]+0x26
C  [liblwjgl.dylib+0xa205]  +[MacOSXKeyableWindow destroyWindow]+0xb5
C  [Foundation+0x76fde]  __NSThreadPerformPerform+0x117
C  [CoreFoundation+0xaa881]  __CFRUNLOOP_IS_CALLING_OUT_TO_A_SOURCE0_PERFORM_FUNCTION__+0x11
C  [CoreFoundation+0x89fbc]  __CFRunLoopDoSources0+0x22c
C  [CoreFoundation+0x894df]  __CFRunLoopRun+0x39f
C  [CoreFoundation+0x88ed8]  CFRunLoopRunSpecific+0x128
C  [HIToolbox+0x30935]  RunCurrentEventLoopInMode+0xeb
C  [HIToolbox+0x3076f]  ReceiveNextEventCommon+0x1b0
C  [HIToolbox+0x305af]  _BlockUntilNextEventMatchingListInModeWithFilter+0x47
C  [AppKit+0x48df6]  _DPSNextEvent+0x42b
C  [AppKit+0x48226]  -[NSApplication _nextEventMatchingEventMask:untilDate:inMode:dequeue:]+0x1c6
C  [libosxapp.dylib+0x23aa]  -[NSApplicationAWT nextEventMatchingMask:untilDate:inMode:dequeue:]+0x7c
C  [AppKit+0x3cd80]  -[NSApplication run]+0x2aa
C  [libosxapp.dylib+0x214d]  +[NSApplicationAWT runAWTLoopWithApp:]+0x9c
C  [libawt_lwawt.dylib+0x444b3]  -[AWTStarter starter:]+0x389
C  [Foundation+0x76fde]  __NSThreadPerformPerform+0x117
C  [CoreFoundation+0xaa881]  __CFRUNLOOP_IS_CALLING_OUT_TO_A_SOURCE0_PERFORM_FUNCTION__+0x11
C  [CoreFoundation+0x89fbc]  __CFRunLoopDoSources0+0x22c
C  [CoreFoundation+0x894df]  __CFRunLoopRun+0x39f
C  [CoreFoundation+0x88ed8]  CFRunLoopRunSpecific+0x128
C  [java+0x6465]  CreateExecutionEnvironment+0x367
C  [java+0x218c]  JLI_Launch+0x7a0
C  [java+0x84c2]  main+0x65
C  [java+0x19e4]  start+0x34
C  0x0000000000000006


---------------  P R O C E S S  ---------------

Java Threads: ( => current thread )
  0x00007f8c609c1000 JavaThread "AWT-Shutdown" [_thread_blocked, id=29971, stack(0x0000700001150000,0x0000700001250000)]
  0x00007f8c621be000 JavaThread "Java2D Queue Flusher" daemon [_thread_blocked, id=57095, stack(0x00007000013d9000,0x00007000014d9000)]
  0x00007f8c6119b000 JavaThread "Java2D Disposer" daemon [_thread_blocked, id=53003, stack(0x00007000012d6000,0x00007000013d6000)]
=>0x00007f8c62111800 JavaThread "AppKit Thread" daemon [_thread_in_native, id=2571, stack(0x00007fff5eb3a000,0x00007fff5f33a000)]
  0x00007f8c6203f000 JavaThread "Service Thread" daemon [_thread_blocked, id=18691, stack(0x0000700000e44000,0x0000700000f44000)]
  0x00007f8c6089b000 JavaThread "C1 CompilerThread2" daemon [_thread_blocked, id=18179, stack(0x0000700000d41000,0x0000700000e41000)]
  0x00007f8c6089a800 JavaThread "C2 CompilerThread1" daemon [_thread_blocked, id=17667, stack(0x0000700000c3e000,0x0000700000d3e000)]
  0x00007f8c61009800 JavaThread "C2 CompilerThread0" daemon [_thread_blocked, id=17155, stack(0x0000700000b3b000,0x0000700000c3b000)]
  0x00007f8c62034800 JavaThread "Signal Dispatcher" daemon [_thread_blocked, id=13839, stack(0x0000700000a38000,0x0000700000b38000)]
  0x00007f8c62011000 JavaThread "Finalizer" daemon [_thread_blocked, id=12291, stack(0x000070000082f000,0x000070000092f000)]
  0x00007f8c6200e800 JavaThread "Reference Handler" daemon [_thread_blocked, id=11779, stack(0x000070000072c000,0x000070000082c000)]
  0x00007f8c61804000 JavaThread "main" [_thread_in_native, id=5891, stack(0x000070000011a000,0x000070000021a000)]

Other Threads:
  0x00007f8c6200c000 VMThread [stack: 0x0000700000629000,0x0000700000729000] [id=11267]
  0x00007f8c61841000 WatcherThread [stack: 0x0000700000f47000,0x0000700001047000] [id=19203]

VM state:not at safepoint (normal execution)

VM Mutex/Monitor currently owned by a thread: None

Heap:
 PSYoungGen      total 38400K, used 32074K [0x0000000795580000, 0x0000000798000000, 0x00000007c0000000)
  eden space 33280K, 96% used [0x0000000795580000,0x00000007974d2af0,0x0000000797600000)
  from space 5120K, 0% used [0x0000000797b00000,0x0000000797b00000,0x0000000798000000)
  to   space 5120K, 0% used [0x0000000797600000,0x0000000797600000,0x0000000797b00000)
 ParOldGen       total 87552K, used 0K [0x0000000740000000, 0x0000000745580000, 0x0000000795580000)
  object space 87552K, 0% used [0x0000000740000000,0x0000000740000000,0x0000000745580000)
 Metaspace       used 10955K, capacity 11105K, committed 11264K, reserved 1058816K
  class space    used 1154K, capacity 1215K, committed 1280K, reserved 1048576K

Card table byte_map: [0x0000000111761000,0x0000000111b62000] byte_map_base: 0x000000010dd61000

Marking Bits: (ParMarkBitMap*) 0x0000000101cefd20
 Begin Bits: [0x0000000111e0d000, 0x0000000113e0d000)
 End Bits:   [0x0000000113e0d000, 0x0000000115e0d000)

Polling page: 0x0000000100b89000

CodeCache: size=245760Kb used=4547Kb max_used=4557Kb free=241212Kb
 bounds [0x00000001023a1000, 0x0000000102821000, 0x00000001113a1000]
 total_blobs=1608 nmethods=1084 adapters=438
 compilation: enabled

Compilation events (10 events):
Event: 19.643 Thread 0x00007f8c61009800 nmethod 1081 0x00000001027dd210 code [0x00000001027dd3c0, 0x00000001027ddaa8]
Event: 19.647 Thread 0x00007f8c6089a800 nmethod 1082 0x00000001027d7610 code [0x00000001027d77a0, 0x00000001027d7c68]
Event: 19.963 Thread 0x00007f8c61009800 1084       4       org.newdawn.slick.Music::poll (54 bytes)
Event: 19.963 Thread 0x00007f8c6089a800 1085       4       org.newdawn.slick.Graphics::setAntiAlias (52 bytes)
Event: 19.965 Thread 0x00007f8c61009800 nmethod 1084 0x00000001027c8dd0 code [0x00000001027c8f20, 0x00000001027c8f98]
Event: 19.965 Thread 0x00007f8c61009800 1086       4       Priestess::interact (57 bytes)
Event: 19.967 Thread 0x00007f8c61009800 nmethod 1086 0x00000001027d71d0 code [0x00000001027d7320, 0x00000001027d7448]
Event: 19.967 Thread 0x00007f8c61009800 1083   !   4       org.newdawn.slick.GameContainer::updateAndRender (406 bytes)
Event: 19.969 Thread 0x00007f8c6089a800 nmethod 1085 0x00000001028133d0 code [0x0000000102813580, 0x00000001028138d8]
Event: 20.008 Thread 0x00007f8c61009800 nmethod 1083 0x0000000102813e50 code [0x00000001028142a0, 0x0000000102815d98]

GC Heap History (0 events):
No events

Deoptimization events (10 events):
Event: 1.689 Thread 0x00007f8c61804000 Uncommon trap: reason=unstable_if action=reinterpret pc=0x000000010264c718 method=java.awt.image.ComponentColorModel.extractComponent(Ljava/lang/Object;II)I @ 497
Event: 1.745 Thread 0x00007f8c61804000 Uncommon trap: reason=unstable_if action=reinterpret pc=0x0000000102658fec method=sun.awt.image.ByteInterleavedRaster.getDataElements(IILjava/lang/Object;)Ljava/lang/Object; @ 43
Event: 1.792 Thread 0x00007f8c61804000 Uncommon trap: reason=unstable_if action=reinterpret pc=0x00000001025eaca8 method=java.lang.String.regionMatches(ZILjava/lang/String;II)Z @ 123
Event: 6.856 Thread 0x00007f8c61804000 Uncommon trap: reason=unstable_if action=reinterpret pc=0x0000000102773ce8 method=java.util.LinkedHashMap.afterNodeAccess(Ljava/util/HashMap$Node;)V @ 41
Event: 6.856 Thread 0x00007f8c61804000 Uncommon trap: reason=unstable_if action=reinterpret pc=0x0000000102723338 method=java.util.LinkedHashMap.afterNodeAccess(Ljava/util/HashMap$Node;)V @ 41
Event: 6.857 Thread 0x00007f8c61804000 Uncommon trap: reason=unstable_if action=reinterpret pc=0x000000010278d81c method=java.util.LinkedHashMap.afterNodeAccess(Ljava/util/HashMap$Node;)V @ 41
Event: 9.511 Thread 0x00007f8c61804000 Uncommon trap: reason=unstable_if action=reinterpret pc=0x0000000102791034 method=org.newdawn.slick.tiled.TiledMap.getTileProperty(ILjava/lang/String;Ljava/lang/String;)Ljava/lang/String; @ 23
Event: 18.317 Thread 0x00007f8c61804000 Uncommon trap: reason=unstable_if action=reinterpret pc=0x00000001027da5b8 method=org.lwjgl.input.Mouse.next()Z @ 28
Event: 18.742 Thread 0x00007f8c61804000 Uncommon trap: reason=unstable_if action=reinterpret pc=0x00000001027d14fc method=org.lwjgl.opengl.MacOSXDisplay.update()V @ 86
Event: 20.250 Thread 0x00007f8c61804000 Uncommon trap: reason=unstable_if action=reinterpret pc=0x00000001027cf9a0 method=org.newdawn.slick.AppGameContainer.gameLoop()V @ 60

Internal exceptions (10 events):
Event: 0.045 Thread 0x00007f8c61804000 Exception <a 'java/lang/NoSuchMethodError': Method sun.misc.Unsafe.prefetchRead(Ljava/lang/Object;J)V name or signature does not match> (0x0000000795587f60) thrown at [/Users/java_re/workspace/8-2-build-macosx-x86_64/jdk8u102/7268/hotspot/src/share/vm/pri
Event: 0.191 Thread 0x00007f8c61804000 Exception <a 'java/security/PrivilegedActionException'> (0x00000007957ae8f8) thrown at [/Users/java_re/workspace/8-2-build-macosx-x86_64/jdk8u102/7268/hotspot/src/share/vm/prims/jvm.cpp, line 1386]
Event: 0.191 Thread 0x00007f8c61804000 Exception <a 'java/security/PrivilegedActionException'> (0x00000007957aeb08) thrown at [/Users/java_re/workspace/8-2-build-macosx-x86_64/jdk8u102/7268/hotspot/src/share/vm/prims/jvm.cpp, line 1386]
Event: 0.192 Thread 0x00007f8c61804000 Exception <a 'java/security/PrivilegedActionException'> (0x00000007957b1ff8) thrown at [/Users/java_re/workspace/8-2-build-macosx-x86_64/jdk8u102/7268/hotspot/src/share/vm/prims/jvm.cpp, line 1386]
Event: 0.192 Thread 0x00007f8c61804000 Exception <a 'java/security/PrivilegedActionException'> (0x00000007957b2208) thrown at [/Users/java_re/workspace/8-2-build-macosx-x86_64/jdk8u102/7268/hotspot/src/share/vm/prims/jvm.cpp, line 1386]
Event: 0.257 Thread 0x00007f8c61804000 Exception <a 'java/lang/NoSuchFieldError': method resolution failed> (0x000000079587f248) thrown at [/Users/java_re/workspace/8-2-build-macosx-x86_64/jdk8u102/7268/hotspot/src/share/vm/prims/methodHandles.cpp, line 1146]
Event: 0.262 Thread 0x00007f8c61804000 Exception <a 'java/lang/NoSuchFieldError': method resolution failed> (0x000000079588c998) thrown at [/Users/java_re/workspace/8-2-build-macosx-x86_64/jdk8u102/7268/hotspot/src/share/vm/prims/methodHandles.cpp, line 1146]
Event: 0.508 Thread 0x00007f8c61804000 Exception <a 'java/io/FileNotFoundException'> (0x0000000795907320) thrown at [/Users/java_re/workspace/8-2-build-macosx-x86_64/jdk8u102/7268/hotspot/src/share/vm/prims/jni.cpp, line 709]
Event: 0.508 Thread 0x00007f8c61804000 Exception <a 'java/io/FileNotFoundException'> (0x0000000795907e80) thrown at [/Users/java_re/workspace/8-2-build-macosx-x86_64/jdk8u102/7268/hotspot/src/share/vm/prims/jni.cpp, line 709]
Event: 1.745 Thread 0x00007f8c61804000 Implicit null exception at 0x0000000102658da4 to 0x0000000102658fd1

Events (10 events):
Event: 18.317 Thread 0x00007f8c61804000 DEOPT PACKING pc=0x00000001027da5b8 sp=0x0000700000219670
Event: 18.317 Thread 0x00007f8c61804000 DEOPT UNPACKING pc=0x00000001023a6229 sp=0x00007000002195b8 mode 2
Event: 18.742 Thread 0x00007f8c61804000 Uncommon trap: trap_request=0xffffff65 fr.pc=0x00000001027d14fc
Event: 18.742 Thread 0x00007f8c61804000 DEOPT PACKING pc=0x00000001027d14fc sp=0x00007000002197e0
Event: 18.742 Thread 0x00007f8c61804000 DEOPT UNPACKING pc=0x00000001023a6229 sp=0x00007000002196c8 mode 2
Event: 20.250 Thread 0x00007f8c61804000 Uncommon trap: trap_request=0xffffff65 fr.pc=0x00000001027cf9a0
Event: 20.250 Thread 0x00007f8c61804000 DEOPT PACKING pc=0x00000001027cf9a0 sp=0x0000700000219840
Event: 20.250 Thread 0x00007f8c61804000 DEOPT UNPACKING pc=0x00000001023a6229 sp=0x0000700000219808 mode 2
Event: 20.281 loading class org/lwjgl/opengl/CallbackUtil
Event: 20.281 loading class org/lwjgl/opengl/CallbackUtil done


Dynamic libraries:
0x0000000001cc8000 	/System/Library/Frameworks/Cocoa.framework/Versions/A/Cocoa
0x0000000001cc8000 	/System/Library/Frameworks/Security.framework/Versions/A/Security
0x0000000001cc8000 	/System/Library/Frameworks/ApplicationServices.framework/Versions/A/ApplicationServices
0x0000000001cc8000 	/usr/lib/libz.1.dylib
0x0000000001cc8000 	/usr/lib/libSystem.B.dylib
0x0000000001cc8000 	/usr/lib/libobjc.A.dylib
0x0000000001cc8000 	/System/Library/Frameworks/CoreFoundation.framework/Versions/A/CoreFoundation
0x0000000001cc8000 	/System/Library/Frameworks/Foundation.framework/Versions/C/Foundation
0x0000000001cc8000 	/System/Library/Frameworks/AppKit.framework/Versions/C/AppKit
0x0000000001cc8000 	/System/Library/Frameworks/CoreData.framework/Versions/A/CoreData
0x0000000001cc8000 	/System/Library/PrivateFrameworks/RemoteViewServices.framework/Versions/A/RemoteViewServices
0x0000000001cc8000 	/System/Library/PrivateFrameworks/UIFoundation.framework/Versions/A/UIFoundation
0x0000000001cc8000 	/usr/lib/libScreenReader.dylib
0x0000000001cc8000 	/System/Library/Frameworks/Accelerate.framework/Versions/A/Accelerate
0x0000000001cc8000 	/System/Library/Frameworks/IOSurface.framework/Versions/A/IOSurface
0x0000000001cc8000 	/System/Library/Frameworks/AudioToolbox.framework/Versions/A/AudioToolbox
0x0000000001cc8000 	/System/Library/Frameworks/AudioUnit.framework/Versions/A/AudioUnit
0x0000000001cc8000 	/System/Library/PrivateFrameworks/DataDetectorsCore.framework/Versions/A/DataDetectorsCore
0x0000000001cc8000 	/System/Library/PrivateFrameworks/DesktopServicesPriv.framework/Versions/A/DesktopServicesPriv
0x0000000001cc8000 	/System/Library/Frameworks/Carbon.framework/Versions/A/Frameworks/HIToolbox.framework/Versions/A/HIToolbox
0x0000000001cc8000 	/System/Library/Frameworks/QuartzCore.framework/Versions/A/QuartzCore
0x0000000001cc8000 	/System/Library/Frameworks/Carbon.framework/Versions/A/Frameworks/SpeechRecognition.framework/Versions/A/SpeechRecognition
0x0000000001cc8000 	/usr/lib/libauto.dylib
0x0000000001cc8000 	/usr/lib/libicucore.A.dylib
0x0000000001cc8000 	/usr/lib/libxml2.2.dylib
0x0000000001cc8000 	/System/Library/PrivateFrameworks/CoreUI.framework/Versions/A/CoreUI
0x0000000001cc8000 	/System/Library/Frameworks/CoreAudio.framework/Versions/A/CoreAudio
0x0000000001cc8000 	/System/Library/Frameworks/DiskArbitration.framework/Versions/A/DiskArbitration
0x0000000001cc8000 	/usr/lib/liblangid.dylib
0x0000000001cc8000 	/System/Library/PrivateFrameworks/MultitouchSupport.framework/Versions/A/MultitouchSupport
0x0000000001cc8000 	/System/Library/Frameworks/IOKit.framework/Versions/A/IOKit
0x0000000001cc8000 	/usr/lib/libDiagnosticMessagesClient.dylib
0x0000000001cc8000 	/System/Library/Frameworks/CoreServices.framework/Versions/A/CoreServices
0x0000000001cc8000 	/System/Library/PrivateFrameworks/PerformanceAnalysis.framework/Versions/A/PerformanceAnalysis
0x0000000001cc8000 	/System/Library/PrivateFrameworks/GenerationalStorage.framework/Versions/A/GenerationalStorage
0x0000000001cc8000 	/System/Library/Frameworks/OpenGL.framework/Versions/A/OpenGL
0x0000000001cc8000 	/System/Library/PrivateFrameworks/Sharing.framework/Versions/A/Sharing
0x0000000001cc8000 	/System/Library/Frameworks/CoreGraphics.framework/Versions/A/CoreGraphics
0x0000000001cc8000 	/System/Library/Frameworks/CoreImage.framework/Versions/A/CoreImage
0x0000000001cc8000 	/System/Library/Frameworks/CoreText.framework/Versions/A/CoreText
0x0000000001cc8000 	/System/Library/Frameworks/ImageIO.framework/Versions/A/ImageIO
0x0000000001cc8000 	/System/Library/PrivateFrameworks/Backup.framework/Versions/A/Backup
0x0000000001cc8000 	/usr/lib/libextension.dylib
0x0000000001cc8000 	/usr/lib/libarchive.2.dylib
0x0000000001cc8000 	/System/Library/Frameworks/CFNetwork.framework/Versions/A/CFNetwork
0x0000000001cc8000 	/System/Library/Frameworks/SystemConfiguration.framework/Versions/A/SystemConfiguration
0x0000000001cc8000 	/usr/lib/libCRFSuite.dylib
0x0000000001cc8000 	/usr/lib/libc++.1.dylib
0x0000000001cc8000 	/usr/lib/libc++abi.dylib
0x0000000001cc8000 	/usr/lib/system/libcache.dylib
0x0000000001cc8000 	/usr/lib/system/libcommonCrypto.dylib
0x0000000001cc8000 	/usr/lib/system/libcompiler_rt.dylib
0x0000000001cc8000 	/usr/lib/system/libcopyfile.dylib
0x0000000001cc8000 	/usr/lib/system/libcorecrypto.dylib
0x0000000001cc8000 	/usr/lib/system/libdispatch.dylib
0x0000000001cc8000 	/usr/lib/system/libdyld.dylib
0x0000000001cc8000 	/usr/lib/system/libkeymgr.dylib
0x0000000001cc8000 	/usr/lib/system/liblaunch.dylib
0x0000000001cc8000 	/usr/lib/system/libmacho.dylib
0x0000000001cc8000 	/usr/lib/system/libquarantine.dylib
0x0000000001cc8000 	/usr/lib/system/libremovefile.dylib
0x0000000001cc8000 	/usr/lib/system/libsystem_asl.dylib
0x0000000001cc8000 	/usr/lib/system/libsystem_blocks.dylib
0x0000000001cc8000 	/usr/lib/system/libsystem_c.dylib
0x0000000001cc8000 	/usr/lib/system/libsystem_configuration.dylib
0x0000000001cc8000 	/usr/lib/system/libsystem_coreservices.dylib
0x0000000001cc8000 	/usr/lib/system/libsystem_coretls.dylib
0x0000000001cc8000 	/usr/lib/system/libsystem_dnssd.dylib
0x0000000001cc8000 	/usr/lib/system/libsystem_info.dylib
0x0000000001cc8000 	/usr/lib/system/libsystem_kernel.dylib
0x0000000001cc8000 	/usr/lib/system/libsystem_m.dylib
0x0000000001cc8000 	/usr/lib/system/libsystem_malloc.dylib
0x0000000001cc8000 	/usr/lib/system/libsystem_network.dylib
0x0000000001cc8000 	/usr/lib/system/libsystem_networkextension.dylib
0x0000000001cc8000 	/usr/lib/system/libsystem_notify.dylib
0x0000000001cc8000 	/usr/lib/system/libsystem_platform.dylib
0x0000000001cc8000 	/usr/lib/system/libsystem_pthread.dylib
0x0000000001cc8000 	/usr/lib/system/libsystem_sandbox.dylib
0x0000000001cc8000 	/usr/lib/system/libsystem_secinit.dylib
0x0000000001cc8000 	/usr/lib/system/libsystem_trace.dylib
0x0000000001cc8000 	/usr/lib/system/libunc.dylib
0x0000000001cc8000 	/usr/lib/system/libunwind.dylib
0x0000000001cc8000 	/usr/lib/system/libxpc.dylib
0x0000000001cc8000 	/usr/lib/libenergytrace.dylib
0x0000000001cc8000 	/usr/lib/libbsm.0.dylib
0x0000000001cc8000 	/usr/lib/system/libkxld.dylib
0x0000000001cc8000 	/usr/lib/libxar.1.dylib
0x0000000001cc8000 	/usr/lib/libsqlite3.dylib
0x0000000001cc8000 	/usr/lib/libpam.2.dylib
0x0000000001cc8000 	/usr/lib/libOpenScriptingUtil.dylib
0x0000000001cc8000 	/usr/lib/libbz2.1.0.dylib
0x0000000001cc8000 	/usr/lib/liblzma.5.dylib
0x0000000001cc8000 	/System/Library/Frameworks/CoreServices.framework/Versions/A/Frameworks/FSEvents.framework/Versions/A/FSEvents
0x0000000001cc8000 	/System/Library/Frameworks/CoreServices.framework/Versions/A/Frameworks/CarbonCore.framework/Versions/A/CarbonCore
0x0000000001cc8000 	/System/Library/Frameworks/CoreServices.framework/Versions/A/Frameworks/Metadata.framework/Versions/A/Metadata
0x0000000001cc8000 	/System/Library/Frameworks/CoreServices.framework/Versions/A/Frameworks/OSServices.framework/Versions/A/OSServices
0x0000000001cc8000 	/System/Library/Frameworks/CoreServices.framework/Versions/A/Frameworks/SearchKit.framework/Versions/A/SearchKit
0x0000000001cc8000 	/System/Library/Frameworks/CoreServices.framework/Versions/A/Frameworks/AE.framework/Versions/A/AE
0x0000000001cc8000 	/System/Library/Frameworks/CoreServices.framework/Versions/A/Frameworks/LaunchServices.framework/Versions/A/LaunchServices
0x0000000001cc8000 	/System/Library/Frameworks/CoreServices.framework/Versions/A/Frameworks/DictionaryServices.framework/Versions/A/DictionaryServices
0x0000000001cc8000 	/System/Library/Frameworks/CoreServices.framework/Versions/A/Frameworks/SharedFileList.framework/Versions/A/SharedFileList
0x0000000001cc8000 	/System/Library/Frameworks/NetFS.framework/Versions/A/NetFS
0x0000000001cc8000 	/System/Library/PrivateFrameworks/NetAuth.framework/Versions/A/NetAuth
0x0000000001cc8000 	/System/Library/PrivateFrameworks/login.framework/Versions/A/Frameworks/loginsupport.framework/Versions/A/loginsupport
0x0000000001cc8000 	/System/Library/PrivateFrameworks/TCC.framework/Versions/A/TCC
0x0000000001cc8000 	/usr/lib/libmecabra.dylib
0x0000000001cc8000 	/System/Library/Frameworks/ApplicationServices.framework/Versions/A/Frameworks/ATS.framework/Versions/A/ATS
0x0000000001cc8000 	/System/Library/Frameworks/ApplicationServices.framework/Versions/A/Frameworks/ColorSync.framework/Versions/A/ColorSync
0x0000000001cc8000 	/System/Library/Frameworks/ApplicationServices.framework/Versions/A/Frameworks/HIServices.framework/Versions/A/HIServices
0x0000000001cc8000 	/System/Library/Frameworks/ApplicationServices.framework/Versions/A/Frameworks/LangAnalysis.framework/Versions/A/LangAnalysis
0x0000000001cc8000 	/System/Library/Frameworks/ApplicationServices.framework/Versions/A/Frameworks/PrintCore.framework/Versions/A/PrintCore
0x0000000001cc8000 	/System/Library/Frameworks/ApplicationServices.framework/Versions/A/Frameworks/QD.framework/Versions/A/QD
0x0000000001cc8000 	/System/Library/Frameworks/ApplicationServices.framework/Versions/A/Frameworks/SpeechSynthesis.framework/Versions/A/SpeechSynthesis
0x0000000001cc8000 	/System/Library/Frameworks/Metal.framework/Versions/A/Metal
0x0000000001cc8000 	/System/Library/Frameworks/Accelerate.framework/Versions/A/Frameworks/vImage.framework/Versions/A/vImage
0x0000000001cc8000 	/System/Library/Frameworks/Accelerate.framework/Versions/A/Frameworks/vecLib.framework/Versions/A/vecLib
0x0000000001cc8000 	/System/Library/Frameworks/Accelerate.framework/Versions/A/Frameworks/vecLib.framework/Versions/A/libvDSP.dylib
0x0000000001cc8000 	/System/Library/Frameworks/Accelerate.framework/Versions/A/Frameworks/vecLib.framework/Versions/A/libvMisc.dylib
0x0000000001cc8000 	/System/Library/Frameworks/Accelerate.framework/Versions/A/Frameworks/vecLib.framework/Versions/A/libLAPACK.dylib
0x0000000001cc8000 	/System/Library/Frameworks/Accelerate.framework/Versions/A/Frameworks/vecLib.framework/Versions/A/libBLAS.dylib
0x0000000001cc8000 	/System/Library/Frameworks/Accelerate.framework/Versions/A/Frameworks/vecLib.framework/Versions/A/libLinearAlgebra.dylib
0x0000000001cc8000 	/System/Library/Frameworks/Accelerate.framework/Versions/A/Frameworks/vecLib.framework/Versions/A/libSparseBLAS.dylib
0x0000000001cc8000 	/System/Library/PrivateFrameworks/GPUCompiler.framework/libmetal_timestamp.dylib
0x0000000001cc8000 	/System/Library/Frameworks/OpenGL.framework/Versions/A/Libraries/libCoreFSCache.dylib
0x0000000001cc8000 	/System/Library/PrivateFrameworks/IOAccelerator.framework/Versions/A/IOAccelerator
0x0000000001cc8000 	/System/Library/Frameworks/ApplicationServices.framework/Versions/A/Frameworks/ATS.framework/Versions/A/Resources/libFontParser.dylib
0x0000000001cc8000 	/System/Library/Frameworks/ApplicationServices.framework/Versions/A/Frameworks/ATS.framework/Versions/A/Resources/libFontRegistry.dylib
0x0000000001cc8000 	/System/Library/PrivateFrameworks/AppleVPA.framework/Versions/A/AppleVPA
0x0000000001cc8000 	/System/Library/PrivateFrameworks/AppleJPEG.framework/Versions/A/AppleJPEG
0x0000000001cc8000 	/System/Library/Frameworks/ImageIO.framework/Versions/A/Resources/libJPEG.dylib
0x0000000001cc8000 	/System/Library/Frameworks/ImageIO.framework/Versions/A/Resources/libTIFF.dylib
0x0000000001cc8000 	/System/Library/Frameworks/ImageIO.framework/Versions/A/Resources/libPng.dylib
0x0000000001cc8000 	/System/Library/Frameworks/ImageIO.framework/Versions/A/Resources/libGIF.dylib
0x0000000001cc8000 	/System/Library/Frameworks/ImageIO.framework/Versions/A/Resources/libJP2.dylib
0x0000000001cc8000 	/System/Library/Frameworks/ImageIO.framework/Versions/A/Resources/libRadiance.dylib
0x0000000001cc8000 	/System/Library/Frameworks/CoreVideo.framework/Versions/A/CoreVideo
0x0000000001cc8000 	/System/Library/Frameworks/OpenGL.framework/Versions/A/Libraries/libGLU.dylib
0x0000000001cc8000 	/System/Library/Frameworks/OpenGL.framework/Versions/A/Libraries/libGFXShared.dylib
0x0000000001cc8000 	/System/Library/Frameworks/OpenGL.framework/Versions/A/Libraries/libGL.dylib
0x0000000001cc8000 	/System/Library/Frameworks/OpenGL.framework/Versions/A/Libraries/libGLImage.dylib
0x0000000001cc8000 	/System/Library/Frameworks/OpenGL.framework/Versions/A/Libraries/libCVMSPluginSupport.dylib
0x0000000001cc8000 	/System/Library/Frameworks/OpenGL.framework/Versions/A/Libraries/libCoreVMClient.dylib
0x0000000001cc8000 	/usr/lib/libcompression.dylib
0x0000000001cc8000 	/usr/lib/libcups.2.dylib
0x0000000001cc8000 	/System/Library/Frameworks/Kerberos.framework/Versions/A/Kerberos
0x0000000001cc8000 	/System/Library/Frameworks/GSS.framework/Versions/A/GSS
0x0000000001cc8000 	/usr/lib/libresolv.9.dylib
0x0000000001cc8000 	/usr/lib/libiconv.2.dylib
0x0000000001cc8000 	/System/Library/PrivateFrameworks/Heimdal.framework/Versions/A/Heimdal
0x0000000001cc8000 	/usr/lib/libheimdal-asn1.dylib
0x0000000001cc8000 	/System/Library/Frameworks/OpenDirectory.framework/Versions/A/OpenDirectory
0x0000000001cc8000 	/System/Library/PrivateFrameworks/CommonAuth.framework/Versions/A/CommonAuth
0x0000000001cc8000 	/System/Library/Frameworks/OpenDirectory.framework/Versions/A/Frameworks/CFOpenDirectory.framework/Versions/A/CFOpenDirectory
0x0000000001cc8000 	/System/Library/Frameworks/SecurityFoundation.framework/Versions/A/SecurityFoundation
0x0000000001cc8000 	/System/Library/PrivateFrameworks/LanguageModeling.framework/Versions/A/LanguageModeling
0x0000000001cc8000 	/usr/lib/libmarisa.dylib
0x0000000001cc8000 	/usr/lib/libChineseTokenizer.dylib
0x0000000001cc8000 	/usr/lib/libcmph.dylib
0x0000000001cc8000 	/System/Library/Frameworks/ServiceManagement.framework/Versions/A/ServiceManagement
0x0000000001cc8000 	/usr/lib/libxslt.1.dylib
0x0000000001cc8000 	/System/Library/Frameworks/Carbon.framework/Versions/A/Frameworks/Ink.framework/Versions/A/Ink
0x0000000001cc8000 	/usr/lib/libFosl_dynamic.dylib
0x0000000001cc8000 	/System/Library/PrivateFrameworks/FaceCore.framework/Versions/A/FaceCore
0x0000000001cc8000 	/System/Library/Frameworks/OpenCL.framework/Versions/A/OpenCL
0x0000000001cc8000 	/System/Library/PrivateFrameworks/CrashReporterSupport.framework/Versions/A/CrashReporterSupport
0x0000000001cc8000 	/System/Library/PrivateFrameworks/IconServices.framework/Versions/A/IconServices
0x0000000001cc8000 	/System/Library/PrivateFrameworks/Apple80211.framework/Versions/A/Apple80211
0x0000000001cc8000 	/System/Library/Frameworks/CoreWLAN.framework/Versions/A/CoreWLAN
0x0000000001cc8000 	/System/Library/Frameworks/IOBluetooth.framework/Versions/A/IOBluetooth
0x0000000001cc8000 	/System/Library/PrivateFrameworks/CoreWiFi.framework/Versions/A/CoreWiFi
0x0000000001cc8000 	/System/Library/Frameworks/CoreBluetooth.framework/Versions/A/CoreBluetooth
0x0000000001cc8000 	/System/Library/PrivateFrameworks/ChunkingLibrary.framework/Versions/A/ChunkingLibrary
0x0000000001cc8000 	/System/Library/PrivateFrameworks/DebugSymbols.framework/Versions/A/DebugSymbols
0x0000000001cc8000 	/System/Library/PrivateFrameworks/CoreSymbolication.framework/Versions/A/CoreSymbolication
0x0000000001cc8000 	/System/Library/PrivateFrameworks/Symbolication.framework/Versions/A/Symbolication
0x0000000001cc8000 	/System/Library/PrivateFrameworks/SpeechRecognitionCore.framework/Versions/A/SpeechRecognitionCore
0x0000000101400000 	/Library/Java/JavaVirtualMachines/jdk1.8.0_102.jdk/Contents/Home/jre/lib/server/libjvm.dylib
0x0000000001cc8000 	/usr/lib/libstdc++.6.dylib
0x0000000100b46000 	/Library/Java/JavaVirtualMachines/jdk1.8.0_102.jdk/Contents/Home/jre/lib/libverify.dylib
0x0000000100b54000 	/Library/Java/JavaVirtualMachines/jdk1.8.0_102.jdk/Contents/Home/jre/lib/libjava.dylib
0x0000000100b93000 	/Library/Java/JavaVirtualMachines/jdk1.8.0_102.jdk/Contents/Home/jre/lib/libzip.dylib
0x0000000117cb4000 	/System/Library/Frameworks/JavaVM.framework/Frameworks/JavaRuntimeSupport.framework/JavaRuntimeSupport
0x0000000117ccf000 	/System/Library/Frameworks/JavaVM.framework/Versions/A/Frameworks/JavaNativeFoundation.framework/Versions/A/JavaNativeFoundation
0x0000000100bed000 	/System/Library/Frameworks/JavaVM.framework/Versions/A/JavaVM
0x0000000001cc8000 	/System/Library/Frameworks/Carbon.framework/Versions/A/Carbon
0x0000000117ce4000 	/System/Library/PrivateFrameworks/JavaLaunching.framework/Versions/A/JavaLaunching
0x0000000001cc8000 	/System/Library/Frameworks/Carbon.framework/Versions/A/Frameworks/CommonPanels.framework/Versions/A/CommonPanels
0x0000000001cc8000 	/System/Library/Frameworks/Carbon.framework/Versions/A/Frameworks/Help.framework/Versions/A/Help
0x0000000001cc8000 	/System/Library/Frameworks/Carbon.framework/Versions/A/Frameworks/ImageCapture.framework/Versions/A/ImageCapture
0x0000000001cc8000 	/System/Library/Frameworks/Carbon.framework/Versions/A/Frameworks/OpenScripting.framework/Versions/A/OpenScripting
0x0000000001cc8000 	/System/Library/Frameworks/Carbon.framework/Versions/A/Frameworks/Print.framework/Versions/A/Print
0x0000000001cc8000 	/System/Library/Frameworks/Carbon.framework/Versions/A/Frameworks/SecurityHI.framework/Versions/A/SecurityHI
0x0000000119621000 	/Library/Java/JavaVirtualMachines/jdk1.8.0_102.jdk/Contents/Home/jre/lib/libawt.dylib
0x00000001196c9000 	/Library/Java/JavaVirtualMachines/jdk1.8.0_102.jdk/Contents/Home/jre/lib/./libmlib_image.dylib
0x0000000119795000 	/Library/Java/JavaVirtualMachines/jdk1.8.0_102.jdk/Contents/Home/jre/lib/libawt_lwawt.dylib
0x000000011984a000 	/Library/Java/JavaVirtualMachines/jdk1.8.0_102.jdk/Contents/Home/jre/lib/./libosxapp.dylib
0x0000000001cc8000 	/System/Library/Frameworks/ExceptionHandling.framework/Versions/A/ExceptionHandling
0x0000000001cc8000 	/System/Library/PrivateFrameworks/CoreServicesInternal.framework/Versions/A/CoreServicesInternal
0x000000011a832000 	/System/Library/Frameworks/CoreGraphics.framework/Versions/A/Resources/libRIP.A.dylib
0x0000000001cc8000 	/System/Library/Frameworks/Accelerate.framework/Versions/A/Frameworks/vImage.framework/Versions/A/Libraries/libCGInterfaces.dylib
0x000000011ab8e000 	/System/Library/Frameworks/CoreGraphics.framework/Versions/A/Resources/libCGXType.A.dylib
0x0000000001cc8000 	/System/Library/Frameworks/OpenCL.framework/Versions/A/Libraries/libcldcpuengine.dylib
0x0000000001cc8000 	/System/Library/PrivateFrameworks/DiskImages.framework/Versions/A/DiskImages
0x0000000001cc8000 	/System/Library/Frameworks/DiscRecording.framework/Versions/A/DiscRecording
0x0000000001cc8000 	/usr/lib/libcsfde.dylib
0x0000000001cc8000 	/usr/lib/libcurl.4.dylib
0x0000000001cc8000 	/System/Library/PrivateFrameworks/MediaKit.framework/Versions/A/MediaKit
0x0000000001cc8000 	/System/Library/PrivateFrameworks/ProtectedCloudStorage.framework/Versions/A/ProtectedCloudStorage
0x0000000001cc8000 	/usr/lib/libCoreStorage.dylib
0x0000000001cc8000 	/System/Library/PrivateFrameworks/EFILogin.framework/Versions/A/EFILogin
0x0000000001cc8000 	/usr/lib/libutil.dylib
0x0000000001cc8000 	/System/Library/PrivateFrameworks/FindMyDevice.framework/Versions/A/FindMyDevice
0x0000000001cc8000 	/System/Library/Frameworks/LDAP.framework/Versions/A/LDAP
0x0000000001cc8000 	/usr/lib/libsasl2.2.dylib
0x0000000001cc8000 	/System/Library/PrivateFrameworks/CoreDaemon.framework/Versions/B/CoreDaemon
0x0000000001cc8000 	/usr/lib/libcrypto.0.9.8.dylib
0x0000000001cc8000 	/System/Library/PrivateFrameworks/AppleSRP.framework/Versions/A/AppleSRP
0x0000000001cc8000 	/System/Library/PrivateFrameworks/TrustEvaluationAgent.framework/Versions/A/TrustEvaluationAgent
0x000000011b65c000 	cl_kernels
0x0000000001cc8000 	/System/Library/Frameworks/OpenCL.framework/Versions/A/Libraries/ImageFormats/unorm8_bgra.dylib
0x0000000001cc8000 	/System/Library/Frameworks/OpenCL.framework/Versions/A/Libraries/ImageFormats/unorm8_rgba.dylib
0x0000000001cc8000 	/System/Library/PrivateFrameworks/FamilyControls.framework/Versions/A/FamilyControls
0x0000000001cc8000 	/System/Library/PrivateFrameworks/CommerceKit.framework/Versions/A/Frameworks/CommerceCore.framework/Versions/A/CommerceCore
0x0000000001cc8000 	/System/Library/PrivateFrameworks/SystemAdministration.framework/Versions/A/SystemAdministration
0x0000000001cc8000 	/System/Library/PrivateFrameworks/AppContainer.framework/Versions/A/AppContainer
0x0000000001cc8000 	/System/Library/PrivateFrameworks/SecCodeWrapper.framework/Versions/A/SecCodeWrapper
0x0000000001cc8000 	/System/Library/Frameworks/DirectoryService.framework/Versions/A/DirectoryService
0x0000000001cc8000 	/System/Library/PrivateFrameworks/LoginUIKit.framework/Versions/A/Frameworks/LoginUICore.framework/Versions/A/LoginUICore
0x0000000001cc8000 	/usr/lib/libodfde.dylib
0x000000011c737000 	/Library/Java/JavaVirtualMachines/jdk1.8.0_102.jdk/Contents/Home/jre/lib/libfontmanager.dylib
0x000000011c79e000 	/Users/Reny/Documents/SWEN20003/workshop/week5/slick_home/mulit_platform_slick_libraries/liblwjgl.dylib
0x000000011aa51000 	/Library/Java/JavaVirtualMachines/jdk1.8.0_102.jdk/Contents/Home/jre/lib/libjawt.dylib
0x0000000001cc8000 	/System/Library/Frameworks/OpenGL.framework/Versions/A/Resources/GLEngine.bundle/GLEngine
0x0000000001cc8000 	/System/Library/Frameworks/OpenGL.framework/Versions/A/Libraries/libGLProgrammability.dylib
0x000000011c820000 	/System/Library/Extensions/AppleIntelBDWGraphicsGLDriver.bundle/Contents/MacOS/AppleIntelBDWGraphicsGLDriver
0x0000000001cc8000 	/System/Library/PrivateFrameworks/GPUSupport.framework/Versions/A/Libraries/libGPUSupportMercury.dylib
0x0000000001cc8000 	/System/Library/Frameworks/OpenGL.framework/Versions/A/Resources/GLRendererFloat.bundle/GLRendererFloat
0x000000011b64f000 	/Users/Reny/Documents/SWEN20003/workshop/week5/slick_home/mulit_platform_slick_libraries/libjinput-osx.dylib
0x000000011e80a000 	/System/Library/Extensions/IOHIDFamily.kext/Contents/PlugIns/IOHIDLib.plugin/Contents/MacOS/IOHIDLib
0x000000011e837000 	/Library/Java/JavaVirtualMachines/jdk1.8.0_102.jdk/Contents/Home/jre/lib/libnio.dylib
0x000000011e847000 	/Library/Java/JavaVirtualMachines/jdk1.8.0_102.jdk/Contents/Home/jre/lib/./libnet.dylib

VM Arguments:
jvm_args: -Djava.library.path=/Users/Reny/Documents/SWEN20003/workshop/week5/slick_home/mulit_platform_slick_libraries -Dfile.encoding=UTF-8 
java_command: RPG
java_class_path (initial): /Users/Reny/Documents/SWEN20003/ooproject2/FunGame2/bin:/Users/Reny/Documents/SWEN20003/ooproject2/FunGame2/lib/jinput.jar:/Users/Reny/Documents/SWEN20003/ooproject2/FunGame2/lib/lwjgl.jar:/Users/Reny/Documents/SWEN20003/ooproject2/FunGame2/lib/slick.jar
Launcher Type: SUN_STANDARD

Environment Variables:
PATH=/usr/bin:/bin:/usr/sbin:/sbin
SHELL=/bin/bash

Signal Handlers:
SIGSEGV: [libjvm.dylib+0x5b0579], sa_mask[0]=11111111011111110111111111111111, sa_flags=SA_ONSTACK|SA_RESTART|SA_SIGINFO
SIGBUS: [libjvm.dylib+0x5b0579], sa_mask[0]=11111111011111110111111111111111, sa_flags=SA_RESTART|SA_SIGINFO
SIGFPE: [libjvm.dylib+0x4874e4], sa_mask[0]=11111111011111110111111111111111, sa_flags=SA_RESTART|SA_SIGINFO
SIGPIPE: [libjvm.dylib+0x4874e4], sa_mask[0]=11111111011111110111111111111111, sa_flags=SA_RESTART|SA_SIGINFO
SIGXFSZ: [libjvm.dylib+0x4874e4], sa_mask[0]=11111111011111110111111111111111, sa_flags=SA_RESTART|SA_SIGINFO
SIGILL: [libjvm.dylib+0x4874e4], sa_mask[0]=11111111011111110111111111111111, sa_flags=SA_RESTART|SA_SIGINFO
SIGUSR1: SIG_DFL, sa_mask[0]=00000000000000000000000000000000, sa_flags=none
SIGUSR2: [libjvm.dylib+0x487002], sa_mask[0]=00100000000000000000000000000000, sa_flags=SA_RESTART|SA_SIGINFO
SIGHUP: [libjvm.dylib+0x4855d9], sa_mask[0]=11111111011111110111111111111111, sa_flags=SA_RESTART|SA_SIGINFO
SIGINT: [libjvm.dylib+0x4855d9], sa_mask[0]=11111111011111110111111111111111, sa_flags=SA_RESTART|SA_SIGINFO
SIGTERM: [libjvm.dylib+0x4855d9], sa_mask[0]=11111111011111110111111111111111, sa_flags=SA_RESTART|SA_SIGINFO
SIGQUIT: [libjvm.dylib+0x4855d9], sa_mask[0]=11111111011111110111111111111111, sa_flags=SA_RESTART|SA_SIGINFO


---------------  S Y S T E M  ---------------

OS:Bsduname:Darwin 15.6.0 Darwin Kernel Version 15.6.0: Mon Aug 29 20:21:34 PDT 2016; root:xnu-3248.60.11~1/RELEASE_X86_64 x86_64
rlimit: STACK 8192k, CORE 0k, NPROC 709, NOFILE 10240, AS infinity
load average:1.76 1.51 1.49

CPU:total 4 (2 cores per cpu, 2 threads per core) family 6 model 61 stepping 4, cmov, cx8, fxsr, mmx, sse, sse2, sse3, ssse3, sse4.1, sse4.2, popcnt, avx, avx2, aes, clmul, erms, 3dnowpref, lzcnt, ht, tsc, tscinvbit, bmi1, bmi2, adx

Memory: 4k page, physical 8388608k(393328k free)

/proc/meminfo:


vm_info: Java HotSpot(TM) 64-Bit Server VM (25.102-b14) for bsd-amd64 JRE (1.8.0_102-b14), built on Jun 22 2016 11:42:36 by "java_re" with gcc 4.2.1 (Based on Apple Inc. build 5658) (LLVM build 2336.11.00)

time: Sun Oct  2 23:49:11 2016
elapsed time: 20 seconds (0d 0h 0m 20s)

