#
# A fatal error has been detected by the Java Runtime Environment:
#
#  SIGSEGV (0xb) at pc=0x00007fff81eb8322, pid=17207, tid=0x0000000000000a0b
#
# JRE version: Java(TM) SE Runtime Environment (8.0_102-b14) (build 1.8.0_102-b14)
# Java VM: Java HotSpot(TM) 64-Bit Server VM (25.102-b14 mixed mode bsd-amd64 compressed oops)
# Problematic frame:
# C  [libobjc.A.dylib+0xb322]  objc_storeWeak+0x104
#
# Failed to write core dump. Core dumps have been disabled. To enable core dumping, try "ulimit -c unlimited" before starting Java again
#
# If you would like to submit a bug report, please visit:
#   http://bugreport.java.com/bugreport/crash.jsp
# The crash happened outside the Java Virtual Machine in native code.
# See problematic frame for where to report the bug.
#

---------------  T H R E A D  ---------------

Current thread (0x00007ff7e3190000):  JavaThread "AppKit Thread" daemon [_thread_in_native, id=2571, stack(0x00007fff52561000,0x00007fff52d61000)]

siginfo: si_signo: 11 (SIGSEGV), si_code: 1 (SEGV_MAPERR), si_addr: 0x000007ff7e2c5038

Registers:
RAX=0x0000000000000000, RBX=0x00007fff71e32d00, RCX=0x0000000000000a0b, RDX=0x00007ffffffffff8
RSP=0x00007fff52d5c4b0, RBP=0x00007fff52d5c520, RSI=0x000007ff7e2c5018, RDI=0x00007fff71e32d00
R8 =0x00007fff93041a67, R9 =0x00007ff7e2d64d90, R10=0x000000000000011d, R11=0x0000000000000019
R12=0x00007ff7e2c4e1d8, R13=0x0000000000000000, R14=0x00007fff71e34b00, R15=0x0000000000000000
RIP=0x00007fff81eb8322, EFLAGS=0x0000000000010206, ERR=0x0000000000000004
  TRAPNO=0x000000000000000e

Top of Stack: (sp=0x00007fff52d5c4b0)
0x00007fff52d5c4b0:   ffff80081d29b270 00007ff7e2c4ee10
0x00007fff52d5c4c0:   0000000000001e00 0000000000000000
0x00007fff52d5c4d0:   0000000000000000 0000000000000000
0x00007fff52d5c4e0:   00007ff7e2c46880 000000000000003c
0x00007fff52d5c4f0:   0000000000000003 00007ff7e2d64d90
0x00007fff52d5c500:   0000000000000000 00007ff7e2f29220
0x00007fff52d5c510:   00007ff7e2c4ee10 00007ff7e2c46880
0x00007fff52d5c520:   00007fff52d5c560 00007fff9303b973
0x00007fff52d5c530:   00007ff7e2d64d90 0000000000000000
0x00007fff52d5c540:   00007ff7e2c46880 00007fff81eae4c0
0x00007fff52d5c550:   00007ff7e2d64d90 00007fff727a4388
0x00007fff52d5c560:   00007fff52d5c590 00007fff84807f6a
0x00007fff52d5c570:   00007fff52d5c608 00007fff81eae4c0
0x00007fff52d5c580:   00007ff7e2c46880 00007ff7e2d64d90
0x00007fff52d5c590:   00007fff52d5c5c0 00007fff84b476dd
0x00007fff52d5c5a0:   0000000000000000 0000000000000094
0x00007fff52d5c5b0:   00007fff52d5c608 0000000000000001
0x00007fff52d5c5c0:   00007fff52d5c5f0 00007fff84645325
0x00007fff52d5c5d0:   00007ff7e2d64d90 00007ff7e2c46880
0x00007fff52d5c5e0:   00007ff7e2d64d90 0000000000000000
0x00007fff52d5c5f0:   00007fff52d5c650 00007fff84807c0d
0x00007fff52d5c600:   0000000000000000 00007fff741b60a0
0x00007fff52d5c610:   0000000042000000 00007fff84b47607
0x00007fff52d5c620:   00007fff725109e0 0000000000000000
0x00007fff52d5c630:   00007ff7e2c46880 00007ff7e2d64d90
0x00007fff52d5c640:   00007ff7e2d64d90 00007ff7e2c46880
0x00007fff52d5c650:   00007fff52d5c680 0000000128d76586
0x00007fff52d5c660:   00007ff7e2d64d90 0000000128daac60
0x00007fff52d5c670:   00007ff7e2f29220 00007ff7e2d64d90
0x00007fff52d5c680:   00007fff52d5cb60 00007fff8466a797
0x00007fff52d5c690:   0000000000000000 0000000000000000
0x00007fff52d5c6a0:   4089000000000000 4082c00000000000 

Instructions: (pc=0x00007fff81eb8322)
0x00007fff81eb8302:   48 8b 30 48 21 d6 eb 0f 48 8b 45 a8 48 8d 0d 8b
0x00007fff81eb8312:   e2 eb ef 48 8b 34 c1 48 8b 45 b8 48 39 c6 74 48
0x00007fff81eb8322:   48 8b 46 20 48 89 c1 48 21 d1 48 8b 49 08 f6 01
0x00007fff81eb8332:   01 75 0a 48 8b 06 48 21 d0 48 8b 40 20 48 21 d0 

Register to memory mapping:

RAX=0x0000000000000000 is an unknown value
RBX=0x00007fff71e32d00: _ZN12_GLOBAL__N_1L12SideTableBufE+0 in /usr/lib/libobjc.A.dylib at 0x00007fff81ead000
RCX=0x0000000000000a0b is an unknown value
RDX=0x00007ffffffffff8 is an unknown value
RSP=0x00007fff52d5c4b0 is pointing into the stack for thread: 0x00007ff7e3190000
RBP=0x00007fff52d5c520 is pointing into the stack for thread: 0x00007ff7e3190000
RSI=0x000007ff7e2c5018 is an unknown value
RDI=0x00007fff71e32d00: _ZN12_GLOBAL__N_1L12SideTableBufE+0 in /usr/lib/libobjc.A.dylib at 0x00007fff81ead000
R8 =0x00007fff93041a67: storeARCWeakAt+0 in /System/Library/Frameworks/Foundation.framework/Versions/C/Foundation at 0x00007fff93022000
R9 =0x00007ff7e2d64d90 is an unknown value
R10=0x000000000000011d is an unknown value
R11=0x0000000000000019 is an unknown value
R12=0x00007ff7e2c4e1d8 is an unknown value
R13=0x0000000000000000 is an unknown value
R14=0x00007fff71e34b00: _ZN12_GLOBAL__N_1L12SideTableBufE+0x1e00 in /usr/lib/libobjc.A.dylib at 0x00007fff81ead000
R15=0x0000000000000000 is an unknown value


Stack: [0x00007fff52561000,0x00007fff52d61000],  sp=0x00007fff52d5c4b0,  free space=8173k
Native frames: (J=compiled Java code, j=interpreted, Vv=VM code, C=native code)
C  [libobjc.A.dylib+0xb322]  objc_storeWeak+0x104
C  [Foundation+0x19973]  -[NSConcreteMapTable setObject:forKey:]+0x6e
C  [AppKit+0x345f6a]  -[NSView(NSOpenGLContextAssociation) _setOpenGLContext:]+0xf2
C  [AppKit+0x6856dd]  __27-[NSOpenGLContext setView:]_block_invoke+0xd6
C  [AppKit+0x183325]  NSPerformVisuallyAtomicChange+0x93
C  [AppKit+0x345c0d]  -[NSOpenGLContext setView:]+0x77
C  [liblwjgl.dylib+0xa586]  -[MacOSXOpenGLView lockFocus]+0x76
C  [AppKit+0x1a8797]  -[NSView _recursiveDisplayRectIfNeededIgnoringOpacity:isVisibleRect:rectIsVisibleRectForView:topView:]+0x6e2
C  [AppKit+0x1a9785]  -[NSView _recursiveDisplayRectIfNeededIgnoringOpacity:isVisibleRect:rectIsVisibleRectForView:topView:]+0x16d0
C  [AppKit+0x1a7be0]  -[NSThemeFrame _recursiveDisplayRectIfNeededIgnoringOpacity:isVisibleRect:rectIsVisibleRectForView:topView:]+0x14e
C  [AppKit+0x1a5feb]  -[NSView _displayRectIgnoringOpacity:isVisibleRect:rectIsVisibleRectForView:]+0x991
C  [AppKit+0x1a13f5]  -[NSView displayIfNeeded]+0x79e
C  [AppKit+0x1a0c3c]  -[NSWindow displayIfNeeded]+0xe8
C  [AppKit+0x82541b]  ___NSWindowGetDisplayCycleObserver_block_invoke6365+0x1dc
C  [AppKit+0x1a05d6]  __37+[NSDisplayCycle currentDisplayCycle]_block_invoke+0x3ad
C  [QuartzCore+0x10f71]  _ZN2CA11Transaction19run_commit_handlersE18CATransactionPhase+0x55
C  [QuartzCore+0x1042c]  _ZN2CA7Context18commit_transactionEPNS_11TransactionE+0xa0
C  [QuartzCore+0x100ec]  _ZN2CA11Transaction6commitEv+0x1fc
C  [QuartzCore+0x1b977]  _ZN2CA11Transaction17observer_callbackEP19__CFRunLoopObservermPv+0x47
C  [CoreFoundation+0xaa067]  __CFRUNLOOP_IS_CALLING_OUT_TO_AN_OBSERVER_CALLBACK_FUNCTION__+0x17
C  [CoreFoundation+0xa9fd7]  __CFRunLoopDoObservers+0x187
C  [CoreFoundation+0x88ef8]  CFRunLoopRunSpecific+0x148
C  [HIToolbox+0x30935]  RunCurrentEventLoopInMode+0xeb
C  [HIToolbox+0x30677]  ReceiveNextEventCommon+0xb8
C  [HIToolbox+0x305af]  _BlockUntilNextEventMatchingListInModeWithFilter+0x47
C  [AppKit+0x48df6]  _DPSNextEvent+0x42b
C  [AppKit+0x48226]  -[NSApplication _nextEventMatchingEventMask:untilDate:inMode:dequeue:]+0x1c6
C  [libosxapp.dylib+0x23aa]  -[NSApplicationAWT nextEventMatchingMask:untilDate:inMode:dequeue:]+0x7c
C  [AppKit+0x3cd80]  -[NSApplication run]+0x2aa
C  [libosxapp.dylib+0x214d]  +[NSApplicationAWT runAWTLoopWithApp:]+0x9c
C  [libawt_lwawt.dylib+0x444b3]  -[AWTStarter starter:]+0x389
C  [Foundation+0x76fde]  __NSThreadPerformPerform+0x117
C  [CoreFoundation+0xaa881]  __CFRUNLOOP_IS_CALLING_OUT_TO_A_SOURCE0_PERFORM_FUNCTION__+0x11
C  [CoreFoundation+0x89fbc]  __CFRunLoopDoSources0+0x22c
C  [CoreFoundation+0x894df]  __CFRunLoopRun+0x39f
C  [CoreFoundation+0x88ed8]  CFRunLoopRunSpecific+0x128
C  [java+0x6465]  CreateExecutionEnvironment+0x367
C  [java+0x218c]  JLI_Launch+0x7a0
C  [java+0x84c2]  main+0x65
C  [java+0x19e4]  start+0x34
C  0x0000000000000006


---------------  P R O C E S S  ---------------

Java Threads: ( => current thread )
  0x00007ff7e3229000 JavaThread "Java2D Queue Flusher" daemon [_thread_blocked, id=57095, stack(0x00007000013d9000,0x00007000014d9000)]
  0x00007ff7e4205800 JavaThread "Java2D Disposer" daemon [_thread_blocked, id=52495, stack(0x00007000012d6000,0x00007000013d6000)]
  0x00007ff7e48a7800 JavaThread "AWT-Shutdown" [_thread_blocked, id=29459, stack(0x0000700001150000,0x0000700001250000)]
=>0x00007ff7e3190000 JavaThread "AppKit Thread" daemon [_thread_in_native, id=2571, stack(0x00007fff52561000,0x00007fff52d61000)]
  0x00007ff7e3808000 JavaThread "Service Thread" daemon [_thread_blocked, id=18691, stack(0x0000700000e44000,0x0000700000f44000)]
  0x00007ff7e4016800 JavaThread "C1 CompilerThread2" daemon [_thread_blocked, id=18179, stack(0x0000700000d41000,0x0000700000e41000)]
  0x00007ff7e4016000 JavaThread "C2 CompilerThread1" daemon [_thread_blocked, id=17667, stack(0x0000700000c3e000,0x0000700000d3e000)]
  0x00007ff7e481b800 JavaThread "C2 CompilerThread0" daemon [_thread_blocked, id=17155, stack(0x0000700000b3b000,0x0000700000c3b000)]
  0x00007ff7e481a000 JavaThread "Signal Dispatcher" daemon [_thread_blocked, id=13839, stack(0x0000700000a38000,0x0000700000b38000)]
  0x00007ff7e3052800 JavaThread "Finalizer" daemon [_thread_blocked, id=12291, stack(0x000070000082f000,0x000070000092f000)]
  0x00007ff7e3050000 JavaThread "Reference Handler" daemon [_thread_blocked, id=11779, stack(0x000070000072c000,0x000070000082c000)]
  0x00007ff7e3800000 JavaThread "main" [_thread_in_native, id=5891, stack(0x000070000011a000,0x000070000021a000)]

Other Threads:
  0x00007ff7e304b800 VMThread [stack: 0x0000700000629000,0x0000700000729000] [id=11267]
  0x00007ff7e481b000 WatcherThread [stack: 0x0000700000f47000,0x0000700001047000] [id=19203]

VM state:not at safepoint (normal execution)

VM Mutex/Monitor currently owned by a thread: None

Heap:
 PSYoungGen      total 38400K, used 22175K [0x0000000795580000, 0x0000000798000000, 0x00000007c0000000)
  eden space 33280K, 66% used [0x0000000795580000,0x0000000796b27cd8,0x0000000797600000)
  from space 5120K, 0% used [0x0000000797b00000,0x0000000797b00000,0x0000000798000000)
  to   space 5120K, 0% used [0x0000000797600000,0x0000000797600000,0x0000000797b00000)
 ParOldGen       total 87552K, used 0K [0x0000000740000000, 0x0000000745580000, 0x0000000795580000)
  object space 87552K, 0% used [0x0000000740000000,0x0000000740000000,0x0000000745580000)
 Metaspace       used 10876K, capacity 11041K, committed 11264K, reserved 1058816K
  class space    used 1149K, capacity 1215K, committed 1280K, reserved 1048576K

Card table byte_map: [0x000000011dd61000,0x000000011e162000] byte_map_base: 0x000000011a361000

Marking Bits: (ParMarkBitMap*) 0x000000010e2efd20
 Begin Bits: [0x000000011e40d000, 0x000000012040d000)
 End Bits:   [0x000000012040d000, 0x000000012240d000)

Polling page: 0x000000010d162000

CodeCache: size=245760Kb used=3771Kb max_used=3771Kb free=241988Kb
 bounds [0x000000010e9a1000, 0x000000010ed61000, 0x000000011d9a1000]
 total_blobs=1478 nmethods=955 adapters=437
 compilation: enabled

Compilation events (10 events):
Event: 3.420 Thread 0x00007ff7e4016800  946       3       org.newdawn.slick.opengl.renderer.ImmediateModeOGLRenderer::flush (1 bytes)
Event: 3.420 Thread 0x00007ff7e4016800 nmethod 946 0x000000010ed4bb50 code [0x000000010ed4bca0, 0x000000010ed4bdf0]
Event: 3.420 Thread 0x00007ff7e4016800  947       3       org.newdawn.slick.GameContainer::updateFPS (48 bytes)
Event: 3.420 Thread 0x00007ff7e4016800 nmethod 947 0x000000010ed4be90 code [0x000000010ed4c060, 0x000000010ed4c990]
Event: 3.422 Thread 0x00007ff7e4016800  948       3       Player::move (224 bytes)
Event: 3.423 Thread 0x00007ff7e4016800 nmethod 948 0x000000010ed4cc90 code [0x000000010ed4cf20, 0x000000010ed4da18]
Event: 3.423 Thread 0x00007ff7e4016800  949       3       Camera::update (39 bytes)
Event: 3.423 Thread 0x00007ff7e4016800 nmethod 949 0x000000010ed4de10 code [0x000000010ed4dfa0, 0x000000010ed4e270]
Event: 3.500 Thread 0x00007ff7e481b800  950       4       org.newdawn.slick.Color::<init> (49 bytes)
Event: 3.502 Thread 0x00007ff7e481b800 nmethod 950 0x000000010ed51090 code [0x000000010ed511e0, 0x000000010ed51298]

GC Heap History (0 events):
No events

Deoptimization events (10 events):
Event: 1.529 Thread 0x00007ff7e3800000 Uncommon trap: reason=class_check action=maybe_recompile pc=0x000000010ebd03c8 method=java.util.HashMap.getNode(ILjava/lang/Object;)Ljava/util/HashMap$Node; @ 126
Event: 1.530 Thread 0x00007ff7e3800000 Uncommon trap: reason=class_check action=maybe_recompile pc=0x000000010ebd03c8 method=java.util.HashMap.getNode(ILjava/lang/Object;)Ljava/util/HashMap$Node; @ 126
Event: 1.533 Thread 0x00007ff7e3800000 Uncommon trap: reason=class_check action=maybe_recompile pc=0x000000010ebbe58c method=java.util.HashMap.putVal(ILjava/lang/Object;Ljava/lang/Object;ZZ)Ljava/lang/Object; @ 253
Event: 1.533 Thread 0x00007ff7e3800000 Uncommon trap: reason=class_check action=maybe_recompile pc=0x000000010ebbe58c method=java.util.HashMap.putVal(ILjava/lang/Object;Ljava/lang/Object;ZZ)Ljava/lang/Object; @ 253
Event: 1.533 Thread 0x00007ff7e3800000 Uncommon trap: reason=class_check action=maybe_recompile pc=0x000000010ebbe58c method=java.util.HashMap.putVal(ILjava/lang/Object;Ljava/lang/Object;ZZ)Ljava/lang/Object; @ 253
Event: 1.533 Thread 0x00007ff7e3800000 Uncommon trap: reason=class_check action=maybe_recompile pc=0x000000010ebbe58c method=java.util.HashMap.putVal(ILjava/lang/Object;Ljava/lang/Object;ZZ)Ljava/lang/Object; @ 253
Event: 1.756 Thread 0x00007ff7e3800000 Uncommon trap: reason=unstable_if action=reinterpret pc=0x000000010ec5ae98 method=java.awt.image.ComponentColorModel.extractComponent(Ljava/lang/Object;II)I @ 497
Event: 1.818 Thread 0x00007ff7e3800000 Uncommon trap: reason=unstable_if action=reinterpret pc=0x000000010ec64a6c method=sun.awt.image.ByteInterleavedRaster.getDataElements(IILjava/lang/Object;)Ljava/lang/Object; @ 43
Event: 1.819 Thread 0x00007ff7e3800000 Uncommon trap: reason=class_check action=maybe_recompile pc=0x000000010ec68658 method=sun.java2d.loops.OpaqueCopyAnyToArgb.Blit(Lsun/java2d/SurfaceData;Lsun/java2d/SurfaceData;Ljava/awt/Composite;Lsun/java2d/pipe/Region;IIIIII)V @ 186
Event: 1.869 Thread 0x00007ff7e3800000 Uncommon trap: reason=unstable_if action=reinterpret pc=0x000000010ebf165c method=java.lang.String.regionMatches(ZILjava/lang/String;II)Z @ 123

Internal exceptions (10 events):
Event: 0.038 Thread 0x00007ff7e3800000 Exception <a 'java/lang/NoSuchMethodError': Method sun.misc.Unsafe.prefetchRead(Ljava/lang/Object;J)V name or signature does not match> (0x0000000795587f60) thrown at [/Users/java_re/workspace/8-2-build-macosx-x86_64/jdk8u102/7268/hotspot/src/share/vm/pri
Event: 0.209 Thread 0x00007ff7e3800000 Exception <a 'java/security/PrivilegedActionException'> (0x00000007957ae8f8) thrown at [/Users/java_re/workspace/8-2-build-macosx-x86_64/jdk8u102/7268/hotspot/src/share/vm/prims/jvm.cpp, line 1386]
Event: 0.209 Thread 0x00007ff7e3800000 Exception <a 'java/security/PrivilegedActionException'> (0x00000007957aeb08) thrown at [/Users/java_re/workspace/8-2-build-macosx-x86_64/jdk8u102/7268/hotspot/src/share/vm/prims/jvm.cpp, line 1386]
Event: 0.209 Thread 0x00007ff7e3800000 Exception <a 'java/security/PrivilegedActionException'> (0x00000007957b1ff8) thrown at [/Users/java_re/workspace/8-2-build-macosx-x86_64/jdk8u102/7268/hotspot/src/share/vm/prims/jvm.cpp, line 1386]
Event: 0.209 Thread 0x00007ff7e3800000 Exception <a 'java/security/PrivilegedActionException'> (0x00000007957b2208) thrown at [/Users/java_re/workspace/8-2-build-macosx-x86_64/jdk8u102/7268/hotspot/src/share/vm/prims/jvm.cpp, line 1386]
Event: 0.288 Thread 0x00007ff7e3800000 Exception <a 'java/lang/NoSuchFieldError': method resolution failed> (0x000000079587f240) thrown at [/Users/java_re/workspace/8-2-build-macosx-x86_64/jdk8u102/7268/hotspot/src/share/vm/prims/methodHandles.cpp, line 1146]
Event: 0.291 Thread 0x00007ff7e3800000 Exception <a 'java/lang/NoSuchFieldError': method resolution failed> (0x000000079588c990) thrown at [/Users/java_re/workspace/8-2-build-macosx-x86_64/jdk8u102/7268/hotspot/src/share/vm/prims/methodHandles.cpp, line 1146]
Event: 0.539 Thread 0x00007ff7e3800000 Exception <a 'java/io/FileNotFoundException'> (0x0000000795907320) thrown at [/Users/java_re/workspace/8-2-build-macosx-x86_64/jdk8u102/7268/hotspot/src/share/vm/prims/jni.cpp, line 709]
Event: 0.539 Thread 0x00007ff7e3800000 Exception <a 'java/io/FileNotFoundException'> (0x0000000795907e80) thrown at [/Users/java_re/workspace/8-2-build-macosx-x86_64/jdk8u102/7268/hotspot/src/share/vm/prims/jni.cpp, line 709]
Event: 1.818 Thread 0x00007ff7e3800000 Implicit null exception at 0x000000010ec64824 to 0x000000010ec64a51

Events (10 events):
Event: 1.893 loading class Villager
Event: 1.893 loading class Villager done
Event: 1.894 Thread 0x00007ff7e3800000 DEOPT PACKING pc=0x000000010ec82faf sp=0x0000700000218ea0
Event: 1.894 Thread 0x00007ff7e3800000 DEOPT UNPACKING pc=0x000000010e9e8633 sp=0x0000700000218bd8 mode 0
Event: 1.895 loading class org/newdawn/slick/Music
Event: 1.895 loading class org/newdawn/slick/Music done
Event: 1.906 loading class org/newdawn/slick/AngelCodeFont$DisplayList
Event: 1.906 loading class org/newdawn/slick/AngelCodeFont$DisplayList done
Event: 3.637 loading class org/lwjgl/opengl/CallbackUtil
Event: 3.637 loading class org/lwjgl/opengl/CallbackUtil done


Dynamic libraries:
0x0000000001cc8000 	/System/Library/Frameworks/Cocoa.framework/Versions/A/Cocoa
0x0000000001cc8000 	/System/Library/Frameworks/Security.framework/Versions/A/Security
0x0000000001cc8000 	/System/Library/Frameworks/ApplicationServices.framework/Versions/A/ApplicationServices
0x0000000001cc8000 	/usr/lib/libz.1.dylib
0x0000000001cc8000 	/usr/lib/libSystem.B.dylib
0x0000000001cc8000 	/usr/lib/libobjc.A.dylib
0x0000000001cc8000 	/System/Library/Frameworks/CoreFoundation.framework/Versions/A/CoreFoundation
0x0000000001cc8000 	/System/Library/Frameworks/Foundation.framework/Versions/C/Foundation
0x0000000001cc8000 	/System/Library/Frameworks/AppKit.framework/Versions/C/AppKit
0x0000000001cc8000 	/System/Library/Frameworks/CoreData.framework/Versions/A/CoreData
0x0000000001cc8000 	/System/Library/PrivateFrameworks/RemoteViewServices.framework/Versions/A/RemoteViewServices
0x0000000001cc8000 	/System/Library/PrivateFrameworks/UIFoundation.framework/Versions/A/UIFoundation
0x0000000001cc8000 	/usr/lib/libScreenReader.dylib
0x0000000001cc8000 	/System/Library/Frameworks/Accelerate.framework/Versions/A/Accelerate
0x0000000001cc8000 	/System/Library/Frameworks/IOSurface.framework/Versions/A/IOSurface
0x0000000001cc8000 	/System/Library/Frameworks/AudioToolbox.framework/Versions/A/AudioToolbox
0x0000000001cc8000 	/System/Library/Frameworks/AudioUnit.framework/Versions/A/AudioUnit
0x0000000001cc8000 	/System/Library/PrivateFrameworks/DataDetectorsCore.framework/Versions/A/DataDetectorsCore
0x0000000001cc8000 	/System/Library/PrivateFrameworks/DesktopServicesPriv.framework/Versions/A/DesktopServicesPriv
0x0000000001cc8000 	/System/Library/Frameworks/Carbon.framework/Versions/A/Frameworks/HIToolbox.framework/Versions/A/HIToolbox
0x0000000001cc8000 	/System/Library/Frameworks/QuartzCore.framework/Versions/A/QuartzCore
0x0000000001cc8000 	/System/Library/Frameworks/Carbon.framework/Versions/A/Frameworks/SpeechRecognition.framework/Versions/A/SpeechRecognition
0x0000000001cc8000 	/usr/lib/libauto.dylib
0x0000000001cc8000 	/usr/lib/libicucore.A.dylib
0x0000000001cc8000 	/usr/lib/libxml2.2.dylib
0x0000000001cc8000 	/System/Library/PrivateFrameworks/CoreUI.framework/Versions/A/CoreUI
0x0000000001cc8000 	/System/Library/Frameworks/CoreAudio.framework/Versions/A/CoreAudio
0x0000000001cc8000 	/System/Library/Frameworks/DiskArbitration.framework/Versions/A/DiskArbitration
0x0000000001cc8000 	/usr/lib/liblangid.dylib
0x0000000001cc8000 	/System/Library/PrivateFrameworks/MultitouchSupport.framework/Versions/A/MultitouchSupport
0x0000000001cc8000 	/System/Library/Frameworks/IOKit.framework/Versions/A/IOKit
0x0000000001cc8000 	/usr/lib/libDiagnosticMessagesClient.dylib
0x0000000001cc8000 	/System/Library/Frameworks/CoreServices.framework/Versions/A/CoreServices
0x0000000001cc8000 	/System/Library/PrivateFrameworks/PerformanceAnalysis.framework/Versions/A/PerformanceAnalysis
0x0000000001cc8000 	/System/Library/PrivateFrameworks/GenerationalStorage.framework/Versions/A/GenerationalStorage
0x0000000001cc8000 	/System/Library/Frameworks/OpenGL.framework/Versions/A/OpenGL
0x0000000001cc8000 	/System/Library/PrivateFrameworks/Sharing.framework/Versions/A/Sharing
0x0000000001cc8000 	/System/Library/Frameworks/CoreGraphics.framework/Versions/A/CoreGraphics
0x0000000001cc8000 	/System/Library/Frameworks/CoreImage.framework/Versions/A/CoreImage
0x0000000001cc8000 	/System/Library/Frameworks/CoreText.framework/Versions/A/CoreText
0x0000000001cc8000 	/System/Library/Frameworks/ImageIO.framework/Versions/A/ImageIO
0x0000000001cc8000 	/System/Library/PrivateFrameworks/Backup.framework/Versions/A/Backup
0x0000000001cc8000 	/usr/lib/libextension.dylib
0x0000000001cc8000 	/usr/lib/libarchive.2.dylib
0x0000000001cc8000 	/System/Library/Frameworks/CFNetwork.framework/Versions/A/CFNetwork
0x0000000001cc8000 	/System/Library/Frameworks/SystemConfiguration.framework/Versions/A/SystemConfiguration
0x0000000001cc8000 	/usr/lib/libCRFSuite.dylib
0x0000000001cc8000 	/usr/lib/libc++.1.dylib
0x0000000001cc8000 	/usr/lib/libc++abi.dylib
0x0000000001cc8000 	/usr/lib/system/libcache.dylib
0x0000000001cc8000 	/usr/lib/system/libcommonCrypto.dylib
0x0000000001cc8000 	/usr/lib/system/libcompiler_rt.dylib
0x0000000001cc8000 	/usr/lib/system/libcopyfile.dylib
0x0000000001cc8000 	/usr/lib/system/libcorecrypto.dylib
0x0000000001cc8000 	/usr/lib/system/libdispatch.dylib
0x0000000001cc8000 	/usr/lib/system/libdyld.dylib
0x0000000001cc8000 	/usr/lib/system/libkeymgr.dylib
0x0000000001cc8000 	/usr/lib/system/liblaunch.dylib
0x0000000001cc8000 	/usr/lib/system/libmacho.dylib
0x0000000001cc8000 	/usr/lib/system/libquarantine.dylib
0x0000000001cc8000 	/usr/lib/system/libremovefile.dylib
0x0000000001cc8000 	/usr/lib/system/libsystem_asl.dylib
0x0000000001cc8000 	/usr/lib/system/libsystem_blocks.dylib
0x0000000001cc8000 	/usr/lib/system/libsystem_c.dylib
0x0000000001cc8000 	/usr/lib/system/libsystem_configuration.dylib
0x0000000001cc8000 	/usr/lib/system/libsystem_coreservices.dylib
0x0000000001cc8000 	/usr/lib/system/libsystem_coretls.dylib
0x0000000001cc8000 	/usr/lib/system/libsystem_dnssd.dylib
0x0000000001cc8000 	/usr/lib/system/libsystem_info.dylib
0x0000000001cc8000 	/usr/lib/system/libsystem_kernel.dylib
0x0000000001cc8000 	/usr/lib/system/libsystem_m.dylib
0x0000000001cc8000 	/usr/lib/system/libsystem_malloc.dylib
0x0000000001cc8000 	/usr/lib/system/libsystem_network.dylib
0x0000000001cc8000 	/usr/lib/system/libsystem_networkextension.dylib
0x0000000001cc8000 	/usr/lib/system/libsystem_notify.dylib
0x0000000001cc8000 	/usr/lib/system/libsystem_platform.dylib
0x0000000001cc8000 	/usr/lib/system/libsystem_pthread.dylib
0x0000000001cc8000 	/usr/lib/system/libsystem_sandbox.dylib
0x0000000001cc8000 	/usr/lib/system/libsystem_secinit.dylib
0x0000000001cc8000 	/usr/lib/system/libsystem_trace.dylib
0x0000000001cc8000 	/usr/lib/system/libunc.dylib
0x0000000001cc8000 	/usr/lib/system/libunwind.dylib
0x0000000001cc8000 	/usr/lib/system/libxpc.dylib
0x0000000001cc8000 	/usr/lib/libenergytrace.dylib
0x0000000001cc8000 	/usr/lib/libbsm.0.dylib
0x0000000001cc8000 	/usr/lib/system/libkxld.dylib
0x0000000001cc8000 	/usr/lib/libxar.1.dylib
0x0000000001cc8000 	/usr/lib/libsqlite3.dylib
0x0000000001cc8000 	/usr/lib/libpam.2.dylib
0x0000000001cc8000 	/usr/lib/libOpenScriptingUtil.dylib
0x0000000001cc8000 	/usr/lib/libbz2.1.0.dylib
0x0000000001cc8000 	/usr/lib/liblzma.5.dylib
0x0000000001cc8000 	/System/Library/Frameworks/CoreServices.framework/Versions/A/Frameworks/FSEvents.framework/Versions/A/FSEvents
0x0000000001cc8000 	/System/Library/Frameworks/CoreServices.framework/Versions/A/Frameworks/CarbonCore.framework/Versions/A/CarbonCore
0x0000000001cc8000 	/System/Library/Frameworks/CoreServices.framework/Versions/A/Frameworks/Metadata.framework/Versions/A/Metadata
0x0000000001cc8000 	/System/Library/Frameworks/CoreServices.framework/Versions/A/Frameworks/OSServices.framework/Versions/A/OSServices
0x0000000001cc8000 	/System/Library/Frameworks/CoreServices.framework/Versions/A/Frameworks/SearchKit.framework/Versions/A/SearchKit
0x0000000001cc8000 	/System/Library/Frameworks/CoreServices.framework/Versions/A/Frameworks/AE.framework/Versions/A/AE
0x0000000001cc8000 	/System/Library/Frameworks/CoreServices.framework/Versions/A/Frameworks/LaunchServices.framework/Versions/A/LaunchServices
0x0000000001cc8000 	/System/Library/Frameworks/CoreServices.framework/Versions/A/Frameworks/DictionaryServices.framework/Versions/A/DictionaryServices
0x0000000001cc8000 	/System/Library/Frameworks/CoreServices.framework/Versions/A/Frameworks/SharedFileList.framework/Versions/A/SharedFileList
0x0000000001cc8000 	/System/Library/Frameworks/NetFS.framework/Versions/A/NetFS
0x0000000001cc8000 	/System/Library/PrivateFrameworks/NetAuth.framework/Versions/A/NetAuth
0x0000000001cc8000 	/System/Library/PrivateFrameworks/login.framework/Versions/A/Frameworks/loginsupport.framework/Versions/A/loginsupport
0x0000000001cc8000 	/System/Library/PrivateFrameworks/TCC.framework/Versions/A/TCC
0x0000000001cc8000 	/usr/lib/libmecabra.dylib
0x0000000001cc8000 	/System/Library/Frameworks/ApplicationServices.framework/Versions/A/Frameworks/ATS.framework/Versions/A/ATS
0x0000000001cc8000 	/System/Library/Frameworks/ApplicationServices.framework/Versions/A/Frameworks/ColorSync.framework/Versions/A/ColorSync
0x0000000001cc8000 	/System/Library/Frameworks/ApplicationServices.framework/Versions/A/Frameworks/HIServices.framework/Versions/A/HIServices
0x0000000001cc8000 	/System/Library/Frameworks/ApplicationServices.framework/Versions/A/Frameworks/LangAnalysis.framework/Versions/A/LangAnalysis
0x0000000001cc8000 	/System/Library/Frameworks/ApplicationServices.framework/Versions/A/Frameworks/PrintCore.framework/Versions/A/PrintCore
0x0000000001cc8000 	/System/Library/Frameworks/ApplicationServices.framework/Versions/A/Frameworks/QD.framework/Versions/A/QD
0x0000000001cc8000 	/System/Library/Frameworks/ApplicationServices.framework/Versions/A/Frameworks/SpeechSynthesis.framework/Versions/A/SpeechSynthesis
0x0000000001cc8000 	/System/Library/Frameworks/Metal.framework/Versions/A/Metal
0x0000000001cc8000 	/System/Library/Frameworks/Accelerate.framework/Versions/A/Frameworks/vImage.framework/Versions/A/vImage
0x0000000001cc8000 	/System/Library/Frameworks/Accelerate.framework/Versions/A/Frameworks/vecLib.framework/Versions/A/vecLib
0x0000000001cc8000 	/System/Library/Frameworks/Accelerate.framework/Versions/A/Frameworks/vecLib.framework/Versions/A/libvDSP.dylib
0x0000000001cc8000 	/System/Library/Frameworks/Accelerate.framework/Versions/A/Frameworks/vecLib.framework/Versions/A/libvMisc.dylib
0x0000000001cc8000 	/System/Library/Frameworks/Accelerate.framework/Versions/A/Frameworks/vecLib.framework/Versions/A/libLAPACK.dylib
0x0000000001cc8000 	/System/Library/Frameworks/Accelerate.framework/Versions/A/Frameworks/vecLib.framework/Versions/A/libBLAS.dylib
0x0000000001cc8000 	/System/Library/Frameworks/Accelerate.framework/Versions/A/Frameworks/vecLib.framework/Versions/A/libLinearAlgebra.dylib
0x0000000001cc8000 	/System/Library/Frameworks/Accelerate.framework/Versions/A/Frameworks/vecLib.framework/Versions/A/libSparseBLAS.dylib
0x0000000001cc8000 	/System/Library/PrivateFrameworks/GPUCompiler.framework/libmetal_timestamp.dylib
0x0000000001cc8000 	/System/Library/Frameworks/OpenGL.framework/Versions/A/Libraries/libCoreFSCache.dylib
0x0000000001cc8000 	/System/Library/PrivateFrameworks/IOAccelerator.framework/Versions/A/IOAccelerator
0x0000000001cc8000 	/System/Library/Frameworks/ApplicationServices.framework/Versions/A/Frameworks/ATS.framework/Versions/A/Resources/libFontParser.dylib
0x0000000001cc8000 	/System/Library/Frameworks/ApplicationServices.framework/Versions/A/Frameworks/ATS.framework/Versions/A/Resources/libFontRegistry.dylib
0x0000000001cc8000 	/System/Library/PrivateFrameworks/AppleVPA.framework/Versions/A/AppleVPA
0x0000000001cc8000 	/System/Library/PrivateFrameworks/AppleJPEG.framework/Versions/A/AppleJPEG
0x0000000001cc8000 	/System/Library/Frameworks/ImageIO.framework/Versions/A/Resources/libJPEG.dylib
0x0000000001cc8000 	/System/Library/Frameworks/ImageIO.framework/Versions/A/Resources/libTIFF.dylib
0x0000000001cc8000 	/System/Library/Frameworks/ImageIO.framework/Versions/A/Resources/libPng.dylib
0x0000000001cc8000 	/System/Library/Frameworks/ImageIO.framework/Versions/A/Resources/libGIF.dylib
0x0000000001cc8000 	/System/Library/Frameworks/ImageIO.framework/Versions/A/Resources/libJP2.dylib
0x0000000001cc8000 	/System/Library/Frameworks/ImageIO.framework/Versions/A/Resources/libRadiance.dylib
0x0000000001cc8000 	/System/Library/Frameworks/CoreVideo.framework/Versions/A/CoreVideo
0x0000000001cc8000 	/System/Library/Frameworks/OpenGL.framework/Versions/A/Libraries/libGLU.dylib
0x0000000001cc8000 	/System/Library/Frameworks/OpenGL.framework/Versions/A/Libraries/libGFXShared.dylib
0x0000000001cc8000 	/System/Library/Frameworks/OpenGL.framework/Versions/A/Libraries/libGL.dylib
0x0000000001cc8000 	/System/Library/Frameworks/OpenGL.framework/Versions/A/Libraries/libGLImage.dylib
0x0000000001cc8000 	/System/Library/Frameworks/OpenGL.framework/Versions/A/Libraries/libCVMSPluginSupport.dylib
0x0000000001cc8000 	/System/Library/Frameworks/OpenGL.framework/Versions/A/Libraries/libCoreVMClient.dylib
0x0000000001cc8000 	/usr/lib/libcompression.dylib
0x0000000001cc8000 	/usr/lib/libcups.2.dylib
0x0000000001cc8000 	/System/Library/Frameworks/Kerberos.framework/Versions/A/Kerberos
0x0000000001cc8000 	/System/Library/Frameworks/GSS.framework/Versions/A/GSS
0x0000000001cc8000 	/usr/lib/libresolv.9.dylib
0x0000000001cc8000 	/usr/lib/libiconv.2.dylib
0x0000000001cc8000 	/System/Library/PrivateFrameworks/Heimdal.framework/Versions/A/Heimdal
0x0000000001cc8000 	/usr/lib/libheimdal-asn1.dylib
0x0000000001cc8000 	/System/Library/Frameworks/OpenDirectory.framework/Versions/A/OpenDirectory
0x0000000001cc8000 	/System/Library/PrivateFrameworks/CommonAuth.framework/Versions/A/CommonAuth
0x0000000001cc8000 	/System/Library/Frameworks/OpenDirectory.framework/Versions/A/Frameworks/CFOpenDirectory.framework/Versions/A/CFOpenDirectory
0x0000000001cc8000 	/System/Library/Frameworks/SecurityFoundation.framework/Versions/A/SecurityFoundation
0x0000000001cc8000 	/System/Library/PrivateFrameworks/LanguageModeling.framework/Versions/A/LanguageModeling
0x0000000001cc8000 	/usr/lib/libmarisa.dylib
0x0000000001cc8000 	/usr/lib/libChineseTokenizer.dylib
0x0000000001cc8000 	/usr/lib/libcmph.dylib
0x0000000001cc8000 	/System/Library/Frameworks/ServiceManagement.framework/Versions/A/ServiceManagement
0x0000000001cc8000 	/usr/lib/libxslt.1.dylib
0x0000000001cc8000 	/System/Library/Frameworks/Carbon.framework/Versions/A/Frameworks/Ink.framework/Versions/A/Ink
0x0000000001cc8000 	/usr/lib/libFosl_dynamic.dylib
0x0000000001cc8000 	/System/Library/PrivateFrameworks/FaceCore.framework/Versions/A/FaceCore
0x0000000001cc8000 	/System/Library/Frameworks/OpenCL.framework/Versions/A/OpenCL
0x0000000001cc8000 	/System/Library/PrivateFrameworks/CrashReporterSupport.framework/Versions/A/CrashReporterSupport
0x0000000001cc8000 	/System/Library/PrivateFrameworks/IconServices.framework/Versions/A/IconServices
0x0000000001cc8000 	/System/Library/PrivateFrameworks/Apple80211.framework/Versions/A/Apple80211
0x0000000001cc8000 	/System/Library/Frameworks/CoreWLAN.framework/Versions/A/CoreWLAN
0x0000000001cc8000 	/System/Library/Frameworks/IOBluetooth.framework/Versions/A/IOBluetooth
0x0000000001cc8000 	/System/Library/PrivateFrameworks/CoreWiFi.framework/Versions/A/CoreWiFi
0x0000000001cc8000 	/System/Library/Frameworks/CoreBluetooth.framework/Versions/A/CoreBluetooth
0x0000000001cc8000 	/System/Library/PrivateFrameworks/ChunkingLibrary.framework/Versions/A/ChunkingLibrary
0x0000000001cc8000 	/System/Library/PrivateFrameworks/DebugSymbols.framework/Versions/A/DebugSymbols
0x0000000001cc8000 	/System/Library/PrivateFrameworks/CoreSymbolication.framework/Versions/A/CoreSymbolication
0x0000000001cc8000 	/System/Library/PrivateFrameworks/Symbolication.framework/Versions/A/Symbolication
0x0000000001cc8000 	/System/Library/PrivateFrameworks/SpeechRecognitionCore.framework/Versions/A/SpeechRecognitionCore
0x000000010da00000 	/Library/Java/JavaVirtualMachines/jdk1.8.0_102.jdk/Contents/Home/jre/lib/server/libjvm.dylib
0x0000000001cc8000 	/usr/lib/libstdc++.6.dylib
0x000000010d11f000 	/Library/Java/JavaVirtualMachines/jdk1.8.0_102.jdk/Contents/Home/jre/lib/libverify.dylib
0x000000010d12d000 	/Library/Java/JavaVirtualMachines/jdk1.8.0_102.jdk/Contents/Home/jre/lib/libjava.dylib
0x000000010d16c000 	/Library/Java/JavaVirtualMachines/jdk1.8.0_102.jdk/Contents/Home/jre/lib/libzip.dylib
0x0000000124294000 	/System/Library/Frameworks/JavaVM.framework/Frameworks/JavaRuntimeSupport.framework/JavaRuntimeSupport
0x000000010d1e6000 	/System/Library/Frameworks/JavaVM.framework/Versions/A/Frameworks/JavaNativeFoundation.framework/Versions/A/JavaNativeFoundation
0x00000001242af000 	/System/Library/Frameworks/JavaVM.framework/Versions/A/JavaVM
0x0000000001cc8000 	/System/Library/Frameworks/Carbon.framework/Versions/A/Carbon
0x00000001242bc000 	/System/Library/PrivateFrameworks/JavaLaunching.framework/Versions/A/JavaLaunching
0x0000000001cc8000 	/System/Library/Frameworks/Carbon.framework/Versions/A/Frameworks/CommonPanels.framework/Versions/A/CommonPanels
0x0000000001cc8000 	/System/Library/Frameworks/Carbon.framework/Versions/A/Frameworks/Help.framework/Versions/A/Help
0x0000000001cc8000 	/System/Library/Frameworks/Carbon.framework/Versions/A/Frameworks/ImageCapture.framework/Versions/A/ImageCapture
0x0000000001cc8000 	/System/Library/Frameworks/Carbon.framework/Versions/A/Frameworks/OpenScripting.framework/Versions/A/OpenScripting
0x0000000001cc8000 	/System/Library/Frameworks/Carbon.framework/Versions/A/Frameworks/Print.framework/Versions/A/Print
0x0000000001cc8000 	/System/Library/Frameworks/Carbon.framework/Versions/A/Frameworks/SecurityHI.framework/Versions/A/SecurityHI
0x0000000125bfb000 	/Library/Java/JavaVirtualMachines/jdk1.8.0_102.jdk/Contents/Home/jre/lib/libawt.dylib
0x0000000125ca3000 	/Library/Java/JavaVirtualMachines/jdk1.8.0_102.jdk/Contents/Home/jre/lib/./libmlib_image.dylib
0x0000000125d6f000 	/Library/Java/JavaVirtualMachines/jdk1.8.0_102.jdk/Contents/Home/jre/lib/libawt_lwawt.dylib
0x0000000125e24000 	/Library/Java/JavaVirtualMachines/jdk1.8.0_102.jdk/Contents/Home/jre/lib/./libosxapp.dylib
0x0000000001cc8000 	/System/Library/Frameworks/ExceptionHandling.framework/Versions/A/ExceptionHandling
0x0000000001cc8000 	/System/Library/PrivateFrameworks/CoreServicesInternal.framework/Versions/A/CoreServicesInternal
0x00000001268e9000 	/System/Library/Frameworks/CoreGraphics.framework/Versions/A/Resources/libRIP.A.dylib
0x0000000001cc8000 	/System/Library/Frameworks/Accelerate.framework/Versions/A/Frameworks/vImage.framework/Versions/A/Libraries/libCGInterfaces.dylib
0x0000000126c45000 	/System/Library/Frameworks/CoreGraphics.framework/Versions/A/Resources/libCGXType.A.dylib
0x0000000001cc8000 	/System/Library/Frameworks/OpenCL.framework/Versions/A/Libraries/libcldcpuengine.dylib
0x0000000001cc8000 	/System/Library/PrivateFrameworks/DiskImages.framework/Versions/A/DiskImages
0x0000000001cc8000 	/System/Library/Frameworks/DiscRecording.framework/Versions/A/DiscRecording
0x0000000001cc8000 	/usr/lib/libcsfde.dylib
0x0000000001cc8000 	/usr/lib/libcurl.4.dylib
0x0000000001cc8000 	/System/Library/PrivateFrameworks/MediaKit.framework/Versions/A/MediaKit
0x0000000001cc8000 	/System/Library/PrivateFrameworks/ProtectedCloudStorage.framework/Versions/A/ProtectedCloudStorage
0x0000000001cc8000 	/usr/lib/libCoreStorage.dylib
0x0000000001cc8000 	/System/Library/PrivateFrameworks/EFILogin.framework/Versions/A/EFILogin
0x0000000001cc8000 	/usr/lib/libutil.dylib
0x0000000001cc8000 	/System/Library/PrivateFrameworks/FindMyDevice.framework/Versions/A/FindMyDevice
0x0000000001cc8000 	/System/Library/Frameworks/LDAP.framework/Versions/A/LDAP
0x0000000001cc8000 	/usr/lib/libsasl2.2.dylib
0x0000000001cc8000 	/System/Library/PrivateFrameworks/CoreDaemon.framework/Versions/B/CoreDaemon
0x0000000001cc8000 	/usr/lib/libcrypto.0.9.8.dylib
0x0000000001cc8000 	/System/Library/PrivateFrameworks/AppleSRP.framework/Versions/A/AppleSRP
0x0000000001cc8000 	/System/Library/PrivateFrameworks/TrustEvaluationAgent.framework/Versions/A/TrustEvaluationAgent
0x0000000126cb1000 	cl_kernels
0x0000000001cc8000 	/System/Library/Frameworks/OpenCL.framework/Versions/A/Libraries/ImageFormats/unorm8_bgra.dylib
0x0000000001cc8000 	/System/Library/Frameworks/OpenCL.framework/Versions/A/Libraries/ImageFormats/unorm8_rgba.dylib
0x0000000001cc8000 	/System/Library/PrivateFrameworks/FamilyControls.framework/Versions/A/FamilyControls
0x0000000001cc8000 	/System/Library/PrivateFrameworks/CommerceKit.framework/Versions/A/Frameworks/CommerceCore.framework/Versions/A/CommerceCore
0x0000000001cc8000 	/System/Library/PrivateFrameworks/SystemAdministration.framework/Versions/A/SystemAdministration
0x0000000001cc8000 	/System/Library/PrivateFrameworks/AppContainer.framework/Versions/A/AppContainer
0x0000000001cc8000 	/System/Library/PrivateFrameworks/SecCodeWrapper.framework/Versions/A/SecCodeWrapper
0x0000000001cc8000 	/System/Library/Frameworks/DirectoryService.framework/Versions/A/DirectoryService
0x0000000001cc8000 	/System/Library/PrivateFrameworks/LoginUIKit.framework/Versions/A/Frameworks/LoginUICore.framework/Versions/A/LoginUICore
0x0000000001cc8000 	/usr/lib/libodfde.dylib
0x0000000128d05000 	/Library/Java/JavaVirtualMachines/jdk1.8.0_102.jdk/Contents/Home/jre/lib/libfontmanager.dylib
0x0000000128d6c000 	/Users/Reny/Documents/SWEN20003/workshop/week5/slick_home/mulit_platform_slick_libraries/liblwjgl.dylib
0x0000000126b08000 	/Library/Java/JavaVirtualMachines/jdk1.8.0_102.jdk/Contents/Home/jre/lib/libjawt.dylib
0x0000000001cc8000 	/System/Library/Frameworks/OpenGL.framework/Versions/A/Resources/GLEngine.bundle/GLEngine
0x0000000001cc8000 	/System/Library/Frameworks/OpenGL.framework/Versions/A/Libraries/libGLProgrammability.dylib
0x0000000128dee000 	/System/Library/Extensions/AppleIntelBDWGraphicsGLDriver.bundle/Contents/MacOS/AppleIntelBDWGraphicsGLDriver
0x0000000001cc8000 	/System/Library/PrivateFrameworks/GPUSupport.framework/Versions/A/Libraries/libGPUSupportMercury.dylib
0x0000000001cc8000 	/System/Library/Frameworks/OpenGL.framework/Versions/A/Resources/GLRendererFloat.bundle/GLRendererFloat
0x000000012add8000 	/Users/Reny/Documents/SWEN20003/workshop/week5/slick_home/mulit_platform_slick_libraries/libjinput-osx.dylib
0x000000012addd000 	/System/Library/Extensions/IOHIDFamily.kext/Contents/PlugIns/IOHIDLib.plugin/Contents/MacOS/IOHIDLib
0x000000012ae0d000 	/Library/Java/JavaVirtualMachines/jdk1.8.0_102.jdk/Contents/Home/jre/lib/libnio.dylib
0x000000012ae1d000 	/Library/Java/JavaVirtualMachines/jdk1.8.0_102.jdk/Contents/Home/jre/lib/./libnet.dylib

VM Arguments:
jvm_args: -Djava.library.path=/Users/Reny/Documents/SWEN20003/workshop/week5/slick_home/mulit_platform_slick_libraries -Dfile.encoding=UTF-8 
java_command: RPG
java_class_path (initial): /Users/Reny/Documents/SWEN20003/ooproject2/FunGame2/bin:/Users/Reny/Documents/SWEN20003/ooproject2/FunGame2/lib/jinput.jar:/Users/Reny/Documents/SWEN20003/ooproject2/FunGame2/lib/lwjgl.jar:/Users/Reny/Documents/SWEN20003/ooproject2/FunGame2/lib/slick.jar
Launcher Type: SUN_STANDARD

Environment Variables:
PATH=/usr/bin:/bin:/usr/sbin:/sbin
SHELL=/bin/bash

Signal Handlers:
SIGSEGV: [libjvm.dylib+0x5b0579], sa_mask[0]=11111111011111110111111111111111, sa_flags=SA_ONSTACK|SA_RESTART|SA_SIGINFO
SIGBUS: [libjvm.dylib+0x5b0579], sa_mask[0]=11111111011111110111111111111111, sa_flags=SA_RESTART|SA_SIGINFO
SIGFPE: [libjvm.dylib+0x4874e4], sa_mask[0]=11111111011111110111111111111111, sa_flags=SA_RESTART|SA_SIGINFO
SIGPIPE: [libjvm.dylib+0x4874e4], sa_mask[0]=11111111011111110111111111111111, sa_flags=SA_RESTART|SA_SIGINFO
SIGXFSZ: [libjvm.dylib+0x4874e4], sa_mask[0]=11111111011111110111111111111111, sa_flags=SA_RESTART|SA_SIGINFO
SIGILL: [libjvm.dylib+0x4874e4], sa_mask[0]=11111111011111110111111111111111, sa_flags=SA_RESTART|SA_SIGINFO
SIGUSR1: SIG_DFL, sa_mask[0]=00000000000000000000000000000000, sa_flags=none
SIGUSR2: [libjvm.dylib+0x487002], sa_mask[0]=00100000000000000000000000000000, sa_flags=SA_RESTART|SA_SIGINFO
SIGHUP: [libjvm.dylib+0x4855d9], sa_mask[0]=11111111011111110111111111111111, sa_flags=SA_RESTART|SA_SIGINFO
SIGINT: [libjvm.dylib+0x4855d9], sa_mask[0]=11111111011111110111111111111111, sa_flags=SA_RESTART|SA_SIGINFO
SIGTERM: [libjvm.dylib+0x4855d9], sa_mask[0]=11111111011111110111111111111111, sa_flags=SA_RESTART|SA_SIGINFO
SIGQUIT: [libjvm.dylib+0x4855d9], sa_mask[0]=11111111011111110111111111111111, sa_flags=SA_RESTART|SA_SIGINFO


---------------  S Y S T E M  ---------------

OS:Bsduname:Darwin 15.6.0 Darwin Kernel Version 15.6.0: Mon Aug 29 20:21:34 PDT 2016; root:xnu-3248.60.11~1/RELEASE_X86_64 x86_64
rlimit: STACK 8192k, CORE 0k, NPROC 709, NOFILE 10240, AS infinity
load average:2.21 1.99 1.85

CPU:total 4 (2 cores per cpu, 2 threads per core) family 6 model 61 stepping 4, cmov, cx8, fxsr, mmx, sse, sse2, sse3, ssse3, sse4.1, sse4.2, popcnt, avx, avx2, aes, clmul, erms, 3dnowpref, lzcnt, ht, tsc, tscinvbit, bmi1, bmi2, adx

Memory: 4k page, physical 8388608k(607364k free)

/proc/meminfo:


vm_info: Java HotSpot(TM) 64-Bit Server VM (25.102-b14) for bsd-amd64 JRE (1.8.0_102-b14), built on Jun 22 2016 11:42:36 by "java_re" with gcc 4.2.1 (Based on Apple Inc. build 5658) (LLVM build 2336.11.00)

time: Sun Oct  2 17:52:33 2016
elapsed time: 3 seconds (0d 0h 0m 3s)

